<?xml version="1.0" ?>
<coverage version="7.10.7" timestamp="1759856464686" lines-valid="126" lines-covered="125" line-rate="0.9921" branches-covered="0" branches-valid="0" branch-rate="0" complexity="0">
	<!-- Generated by coverage.py: https://coverage.readthedocs.io/en/7.10.7 -->
	<!-- Based on https://raw.githubusercontent.com/cobertura/web/master/htdocs/xml/coverage-04.dtd -->
	<sources>
		<source>/home/juan/vertice-dev/backend/services/maximus_orchestrator_service</source>
	</sources>
	<packages>
		<package name="." line-rate="0.9921" branch-rate="0" complexity="0">
			<classes>
				<class name="main.py" filename="main.py" complexity="0" line-rate="0.9921" branch-rate="0">
					<methods/>
					<lines>
						<line number="15" hits="1"/>
						<line number="16" hits="1"/>
						<line number="17" hits="1"/>
						<line number="18" hits="1"/>
						<line number="19" hits="1"/>
						<line number="21" hits="1"/>
						<line number="22" hits="1"/>
						<line number="23" hits="1"/>
						<line number="24" hits="1"/>
						<line number="26" hits="1"/>
						<line number="29" hits="1"/>
						<line number="32" hits="1"/>
						<line number="35" hits="1"/>
						<line number="38" hits="1"/>
						<line number="41" hits="1"/>
						<line number="46" hits="1"/>
						<line number="55" hits="1"/>
						<line number="56" hits="1"/>
						<line number="57" hits="1"/>
						<line number="60" hits="1"/>
						<line number="72" hits="1"/>
						<line number="73" hits="1"/>
						<line number="74" hits="1"/>
						<line number="75" hits="1"/>
						<line number="76" hits="1"/>
						<line number="77" hits="1"/>
						<line number="81" hits="1"/>
						<line number="84" hits="1"/>
						<line number="85" hits="1"/>
						<line number="87" hits="1"/>
						<line number="88" hits="1"/>
						<line number="91" hits="1"/>
						<line number="92" hits="1"/>
						<line number="94" hits="1"/>
						<line number="95" hits="1"/>
						<line number="98" hits="1"/>
						<line number="99" hits="1"/>
						<line number="105" hits="1"/>
						<line number="108" hits="1"/>
						<line number="109" hits="1"/>
						<line number="118" hits="1"/>
						<line number="119" hits="1"/>
						<line number="121" hits="1"/>
						<line number="127" hits="1"/>
						<line number="130" hits="1"/>
						<line number="134" hits="1"/>
						<line number="137" hits="1"/>
						<line number="138" hits="1"/>
						<line number="150" hits="1"/>
						<line number="151" hits="1"/>
						<line number="152" hits="1"/>
						<line number="153" hits="1"/>
						<line number="156" hits="1"/>
						<line number="166" hits="1"/>
						<line number="167" hits="1"/>
						<line number="168" hits="1"/>
						<line number="169" hits="1"/>
						<line number="170" hits="1"/>
						<line number="171" hits="1"/>
						<line number="172" hits="1"/>
						<line number="174" hits="1"/>
						<line number="176" hits="1"/>
						<line number="177" hits="1"/>
						<line number="178" hits="1"/>
						<line number="179" hits="1"/>
						<line number="183" hits="1"/>
						<line number="184" hits="1"/>
						<line number="185" hits="1"/>
						<line number="186" hits="1"/>
						<line number="187" hits="1"/>
						<line number="190" hits="1"/>
						<line number="202" hits="1"/>
						<line number="203" hits="1"/>
						<line number="204" hits="1"/>
						<line number="205" hits="1"/>
						<line number="208" hits="1"/>
						<line number="209" hits="1"/>
						<line number="210" hits="1"/>
						<line number="214" hits="1"/>
						<line number="215" hits="1"/>
						<line number="216" hits="1"/>
						<line number="219" hits="1"/>
						<line number="220" hits="1"/>
						<line number="221" hits="1"/>
						<line number="229" hits="1"/>
						<line number="230" hits="1"/>
						<line number="231" hits="1"/>
						<line number="234" hits="1"/>
						<line number="235" hits="1"/>
						<line number="236" hits="1"/>
						<line number="237" hits="1"/>
						<line number="247" hits="1"/>
						<line number="248" hits="1"/>
						<line number="250" hits="1"/>
						<line number="251" hits="1"/>
						<line number="254" hits="1"/>
						<line number="266" hits="1"/>
						<line number="267" hits="1"/>
						<line number="268" hits="1"/>
						<line number="271" hits="1"/>
						<line number="274" hits="1"/>
						<line number="275" hits="1"/>
						<line number="276" hits="1"/>
						<line number="279" hits="1"/>
						<line number="280" hits="1"/>
						<line number="281" hits="1"/>
						<line number="284" hits="1"/>
						<line number="285" hits="1"/>
						<line number="286" hits="1"/>
						<line number="294" hits="1"/>
						<line number="295" hits="1"/>
						<line number="298" hits="1"/>
						<line number="301" hits="1"/>
						<line number="302" hits="1"/>
						<line number="303" hits="1"/>
						<line number="304" hits="1"/>
						<line number="305" hits="1"/>
						<line number="306" hits="1"/>
						<line number="307" hits="1"/>
						<line number="310" hits="1"/>
						<line number="311" hits="1"/>
						<line number="312" hits="1"/>
						<line number="313" hits="1"/>
						<line number="314" hits="1"/>
						<line number="317" hits="1"/>
						<line number="318" hits="0"/>
					</lines>
				</class>
			</classes>
		</package>
	</packages>
</coverage>
