{"meta": {"format": 3, "version": "7.10.7", "timestamp": "2025-10-15T14:27:48.056611", "branch_coverage": false, "show_contexts": false}, "files": {"__init__.py": {"executed_lines": [1, 25, 26, 27, 30, 31, 32, 35, 36, 37, 38, 40], "summary": {"covered_lines": 11, "num_statements": 11, "percent_covered": 100.0, "percent_covered_display": "100", "missing_lines": 0, "excluded_lines": 0}, "missing_lines": [], "excluded_lines": [], "functions": {"": {"executed_lines": [1, 25, 26, 27, 30, 31, 32, 35, 36, 37, 38, 40], "summary": {"covered_lines": 11, "num_statements": 11, "percent_covered": 100.0, "percent_covered_display": "100", "missing_lines": 0, "excluded_lines": 0}, "missing_lines": [], "excluded_lines": []}}, "classes": {"": {"executed_lines": [1, 25, 26, 27, 30, 31, 32, 35, 36, 37, 38, 40], "summary": {"covered_lines": 11, "num_statements": 11, "percent_covered": 100.0, "percent_covered_display": "100", "missing_lines": 0, "excluded_lines": 0}, "missing_lines": [], "excluded_lines": []}}}, "agents/__init__.py": {"executed_lines": [1], "summary": {"covered_lines": 0, "num_statements": 0, "percent_covered": 100.0, "percent_covered_display": "100", "missing_lines": 0, "excluded_lines": 0}, "missing_lines": [], "excluded_lines": [], "functions": {"": {"executed_lines": [1], "summary": {"covered_lines": 0, "num_statements": 0, "percent_covered": 100.0, "percent_covered_display": "100", "missing_lines": 0, "excluded_lines": 0}, "missing_lines": [], "excluded_lines": []}}, "classes": {"": {"executed_lines": [1], "summary": {"covered_lines": 0, "num_statements": 0, "percent_covered": 100.0, "percent_covered_display": "100", "missing_lines": 0, "excluded_lines": 0}, "missing_lines": [], "excluded_lines": []}}}, "agents/analysis/__init__.py": {"executed_lines": [1], "summary": {"covered_lines": 0, "num_statements": 0, "percent_covered": 100.0, "percent_covered_display": "100", "missing_lines": 0, "excluded_lines": 0}, "missing_lines": [], "excluded_lines": [], "functions": {"": {"executed_lines": [1], "summary": {"covered_lines": 0, "num_statements": 0, "percent_covered": 100.0, "percent_covered_display": "100", "missing_lines": 0, "excluded_lines": 0}, "missing_lines": [], "excluded_lines": []}}, "classes": {"": {"executed_lines": [1], "summary": {"covered_lines": 0, "num_statements": 0, "percent_covered": 100.0, "percent_covered_display": "100", "missing_lines": 0, "excluded_lines": 0}, "missing_lines": [], "excluded_lines": []}}}, "agents/analysis/agent.py": {"executed_lines": [1, 8, 9, 10, 11, 12, 14, 17, 18, 19, 20, 21, 22, 25, 26, 27, 28, 29, 30, 31, 34, 35, 36, 38, 39, 40, 41, 42, 43, 44, 45, 46, 49, 50, 51, 53, 54, 55, 56, 57, 58, 61, 62, 63, 65, 66, 67, 68, 71, 72, 79, 81, 82, 83, 85, 88, 96, 105, 113, 122, 130, 139, 147, 155, 169, 171, 173, 174, 177, 182, 183, 185, 186, 189, 190, 192, 207, 208, 211, 214, 215, 216, 217, 219, 220, 221, 222, 224, 225, 226, 227, 229, 231, 246, 247, 249, 250, 253, 256, 263, 264, 266, 267, 268, 269, 270, 271, 274, 275, 276, 278, 280, 283, 284, 295, 302, 303, 304, 305, 307, 320, 323, 334, 337, 340, 343, 345, 354, 367, 368, 370, 371, 372, 373, 375, 383, 396, 398, 399, 402, 403, 404, 405, 412, 413, 419, 421, 436, 439, 440, 441, 442, 443, 444, 445, 448, 449, 450, 451, 453, 455, 462, 465, 466, 467, 468, 471, 472, 475, 479, 480, 486, 493, 499, 504, 506, 513, 514, 516, 523, 524, 530, 532], "summary": {"covered_lines": 175, "num_statements": 175, "percent_covered": 100.0, "percent_covered_display": "100", "missing_lines": 0, "excluded_lines": 0}, "missing_lines": [], "excluded_lines": [], "functions": {"Curriculum.__init__": {"executed_lines": [81, 82, 83], "summary": {"covered_lines": 3, "num_statements": 3, "percent_covered": 100.0, "percent_covered_display": "100", "missing_lines": 0, "excluded_lines": 0}, "missing_lines": [], "excluded_lines": []}, "Curriculum._initialize_objectives": {"executed_lines": [88, 96, 105, 113, 122, 130, 139, 147], "summary": {"covered_lines": 8, "num_statements": 8, "percent_covered": 100.0, "percent_covered_display": "100", "missing_lines": 0, "excluded_lines": 0}, "missing_lines": [], "excluded_lines": []}, "Curriculum.get_next_objective": {"executed_lines": [169, 171, 173, 174, 177, 182, 183, 185, 186, 189, 190], "summary": {"covered_lines": 11, "num_statements": 11, "percent_covered": 100.0, "percent_covered_display": "100", "missing_lines": 0, "excluded_lines": 0}, "missing_lines": [], "excluded_lines": []}, "Curriculum.check_objective_completion": {"executed_lines": [207, 208, 211, 214, 215, 216, 217, 219, 220, 221, 222, 224, 225, 226, 227, 229], "summary": {"covered_lines": 16, "num_statements": 16, "percent_covered": 100.0, "percent_covered_display": "100", "missing_lines": 0, "excluded_lines": 0}, "missing_lines": [], "excluded_lines": []}, "Curriculum.calculate_mastery": {"executed_lines": [246, 247, 249, 250, 253, 256, 263, 264, 266, 267, 268, 269, 270, 271, 274, 275, 276, 278, 280], "summary": {"covered_lines": 19, "num_statements": 19, "percent_covered": 100.0, "percent_covered_display": "100", "missing_lines": 0, "excluded_lines": 0}, "missing_lines": [], "excluded_lines": []}, "AnalysisAgent.__init__": {"executed_lines": [302, 303, 304, 305], "summary": {"covered_lines": 4, "num_statements": 4, "percent_covered": 100.0, "percent_covered_display": "100", "missing_lines": 0, "excluded_lines": 0}, "missing_lines": [], "excluded_lines": []}, "AnalysisAgent.analyze_campaign": {"executed_lines": [320, 323, 334, 337, 340, 343, 345], "summary": {"covered_lines": 7, "num_statements": 7, "percent_covered": 100.0, "percent_covered_display": "100", "missing_lines": 0, "excluded_lines": 0}, "missing_lines": [], "excluded_lines": []}, "AnalysisAgent._calculate_metrics": {"executed_lines": [367, 368, 370, 371, 372, 373, 375], "summary": {"covered_lines": 7, "num_statements": 7, "percent_covered": 100.0, "percent_covered_display": "100", "missing_lines": 0, "excluded_lines": 0}, "missing_lines": [], "excluded_lines": []}, "AnalysisAgent._identify_patterns": {"executed_lines": [396, 398, 399, 402, 403, 404, 405, 412, 413, 419], "summary": {"covered_lines": 10, "num_statements": 10, "percent_covered": 100.0, "percent_covered_display": "100", "missing_lines": 0, "excluded_lines": 0}, "missing_lines": [], "excluded_lines": []}, "AnalysisAgent._generate_recommendations": {"executed_lines": [436, 439, 440, 441, 442, 443, 444, 445, 448, 449, 450, 451, 453], "summary": {"covered_lines": 13, "num_statements": 13, "percent_covered": 100.0, "percent_covered_display": "100", "missing_lines": 0, "excluded_lines": 0}, "missing_lines": [], "excluded_lines": []}, "AnalysisAgent.get_curriculum_progress": {"executed_lines": [462, 465, 466, 467, 468, 471, 472, 475, 479, 480, 486, 493, 499, 504], "summary": {"covered_lines": 14, "num_statements": 14, "percent_covered": 100.0, "percent_covered_display": "100", "missing_lines": 0, "excluded_lines": 0}, "missing_lines": [], "excluded_lines": []}, "AnalysisAgent.get_next_objective": {"executed_lines": [513, 514], "summary": {"covered_lines": 2, "num_statements": 2, "percent_covered": 100.0, "percent_covered_display": "100", "missing_lines": 0, "excluded_lines": 0}, "missing_lines": [], "excluded_lines": []}, "AnalysisAgent.get_statistics": {"executed_lines": [523, 524, 530, 532], "summary": {"covered_lines": 4, "num_statements": 4, "percent_covered": 100.0, "percent_covered_display": "100", "missing_lines": 0, "excluded_lines": 0}, "missing_lines": [], "excluded_lines": []}, "": {"executed_lines": [1, 8, 9, 10, 11, 12, 14, 17, 18, 19, 20, 21, 22, 25, 26, 27, 28, 29, 30, 31, 34, 35, 36, 38, 39, 40, 41, 42, 43, 44, 45, 46, 49, 50, 51, 53, 54, 55, 56, 57, 58, 61, 62, 63, 65, 66, 67, 68, 71, 72, 79, 85, 155, 192, 231, 283, 284, 295, 307, 354, 383, 421, 455, 506, 516], "summary": {"covered_lines": 57, "num_statements": 57, "percent_covered": 100.0, "percent_covered_display": "100", "missing_lines": 0, "excluded_lines": 0}, "missing_lines": [], "excluded_lines": []}}, "classes": {"DifficultyLevel": {"executed_lines": [], "summary": {"covered_lines": 0, "num_statements": 0, "percent_covered": 100.0, "percent_covered_display": "100", "missing_lines": 0, "excluded_lines": 0}, "missing_lines": [], "excluded_lines": []}, "AnalysisMetric": {"executed_lines": [], "summary": {"covered_lines": 0, "num_statements": 0, "percent_covered": 100.0, "percent_covered_display": "100", "missing_lines": 0, "excluded_lines": 0}, "missing_lines": [], "excluded_lines": []}, "CampaignResult": {"executed_lines": [], "summary": {"covered_lines": 0, "num_statements": 0, "percent_covered": 100.0, "percent_covered_display": "100", "missing_lines": 0, "excluded_lines": 0}, "missing_lines": [], "excluded_lines": []}, "LearningObjective": {"executed_lines": [], "summary": {"covered_lines": 0, "num_statements": 0, "percent_covered": 100.0, "percent_covered_display": "100", "missing_lines": 0, "excluded_lines": 0}, "missing_lines": [], "excluded_lines": []}, "CurriculumProgress": {"executed_lines": [], "summary": {"covered_lines": 0, "num_statements": 0, "percent_covered": 100.0, "percent_covered_display": "100", "missing_lines": 0, "excluded_lines": 0}, "missing_lines": [], "excluded_lines": []}, "Curriculum": {"executed_lines": [81, 82, 83, 88, 96, 105, 113, 122, 130, 139, 147, 169, 171, 173, 174, 177, 182, 183, 185, 186, 189, 190, 207, 208, 211, 214, 215, 216, 217, 219, 220, 221, 222, 224, 225, 226, 227, 229, 246, 247, 249, 250, 253, 256, 263, 264, 266, 267, 268, 269, 270, 271, 274, 275, 276, 278, 280], "summary": {"covered_lines": 57, "num_statements": 57, "percent_covered": 100.0, "percent_covered_display": "100", "missing_lines": 0, "excluded_lines": 0}, "missing_lines": [], "excluded_lines": []}, "AnalysisAgent": {"executed_lines": [302, 303, 304, 305, 320, 323, 334, 337, 340, 343, 345, 367, 368, 370, 371, 372, 373, 375, 396, 398, 399, 402, 403, 404, 405, 412, 413, 419, 436, 439, 440, 441, 442, 443, 444, 445, 448, 449, 450, 451, 453, 462, 465, 466, 467, 468, 471, 472, 475, 479, 480, 486, 493, 499, 504, 513, 514, 523, 524, 530, 532], "summary": {"covered_lines": 61, "num_statements": 61, "percent_covered": 100.0, "percent_covered_display": "100", "missing_lines": 0, "excluded_lines": 0}, "missing_lines": [], "excluded_lines": []}, "": {"executed_lines": [1, 8, 9, 10, 11, 12, 14, 17, 18, 19, 20, 21, 22, 25, 26, 27, 28, 29, 30, 31, 34, 35, 36, 38, 39, 40, 41, 42, 43, 44, 45, 46, 49, 50, 51, 53, 54, 55, 56, 57, 58, 61, 62, 63, 65, 66, 67, 68, 71, 72, 79, 85, 155, 192, 231, 283, 284, 295, 307, 354, 383, 421, 455, 506, 516], "summary": {"covered_lines": 57, "num_statements": 57, "percent_covered": 100.0, "percent_covered_display": "100", "missing_lines": 0, "excluded_lines": 0}, "missing_lines": [], "excluded_lines": []}}}, "agents/exploit/__init__.py": {"executed_lines": [1], "summary": {"covered_lines": 0, "num_statements": 0, "percent_covered": 100.0, "percent_covered_display": "100", "missing_lines": 0, "excluded_lines": 0}, "missing_lines": [], "excluded_lines": [], "functions": {"": {"executed_lines": [1], "summary": {"covered_lines": 0, "num_statements": 0, "percent_covered": 100.0, "percent_covered_display": "100", "missing_lines": 0, "excluded_lines": 0}, "missing_lines": [], "excluded_lines": []}}, "classes": {"": {"executed_lines": [1], "summary": {"covered_lines": 0, "num_statements": 0, "percent_covered": 100.0, "percent_covered_display": "100", "missing_lines": 0, "excluded_lines": 0}, "missing_lines": [], "excluded_lines": []}}}, "agents/exploit/agent.py": {"executed_lines": [1, 8, 9, 10, 11, 12, 14, 17, 18, 19, 20, 21, 22, 23, 24, 25, 26, 29, 30, 31, 32, 33, 34, 35, 36, 39, 40, 41, 43, 44, 45, 46, 47, 48, 51, 52, 53, 55, 56, 57, 58, 59, 60, 61, 62, 65, 66, 67, 69, 70, 71, 72, 73, 74, 75, 78, 79, 90, 97, 98, 99, 101, 116, 117, 123, 124, 126, 127, 129, 131, 132, 133, 136, 137, 138, 139, 140, 141, 143, 146, 147, 148, 149, 150, 151, 153, 155, 156, 158, 169, 170, 171, 172, 174, 189, 192, 203, 209, 211, 219, 221, 236, 247, 249, 264, 267, 268, 270, 271, 272, 276, 279, 281, 285, 286, 290, 292, 296, 298, 313, 315, 319, 321, 328, 330, 343, 345, 350, 352, 362, 373, 383, 384, 385, 387], "summary": {"covered_lines": 128, "num_statements": 128, "percent_covered": 100.0, "percent_covered_display": "100", "missing_lines": 0, "excluded_lines": 0}, "missing_lines": [], "excluded_lines": [], "functions": {"ExploitAgent.__init__": {"executed_lines": [97, 98, 99], "summary": {"covered_lines": 3, "num_statements": 3, "percent_covered": 100.0, "percent_covered_display": "100", "missing_lines": 0, "excluded_lines": 0}, "missing_lines": [], "excluded_lines": []}, "ExploitAgent.execute_mission": {"executed_lines": [116, 117, 123, 124, 126, 127, 129, 131, 132, 133, 136, 137, 138, 139, 140, 141, 143, 146, 147, 148, 149, 150, 151, 153, 155, 156, 158, 169, 170, 171, 172], "summary": {"covered_lines": 31, "num_statements": 31, "percent_covered": 100.0, "percent_covered_display": "100", "missing_lines": 0, "excluded_lines": 0}, "missing_lines": [], "excluded_lines": []}, "ExploitAgent._generate_exploit": {"executed_lines": [189, 192, 203, 209, 211, 219], "summary": {"covered_lines": 6, "num_statements": 6, "percent_covered": 100.0, "percent_covered_display": "100", "missing_lines": 0, "excluded_lines": 0}, "missing_lines": [], "excluded_lines": []}, "ExploitAgent._generate_payload": {"executed_lines": [236, 247], "summary": {"covered_lines": 2, "num_statements": 2, "percent_covered": 100.0, "percent_covered_display": "100", "missing_lines": 0, "excluded_lines": 0}, "missing_lines": [], "excluded_lines": []}, "ExploitAgent._validate_exploit": {"executed_lines": [264, 267, 268, 270, 271, 272, 276, 279, 281, 285, 286, 290, 292, 296], "summary": {"covered_lines": 14, "num_statements": 14, "percent_covered": 100.0, "percent_covered_display": "100", "missing_lines": 0, "excluded_lines": 0}, "missing_lines": [], "excluded_lines": []}, "ExploitAgent._execute_exploit": {"executed_lines": [313, 315, 319, 321, 328], "summary": {"covered_lines": 5, "num_statements": 5, "percent_covered": 100.0, "percent_covered_display": "100", "missing_lines": 0, "excluded_lines": 0}, "missing_lines": [], "excluded_lines": []}, "ExploitAgent.rollback_exploit": {"executed_lines": [343, 345, 350], "summary": {"covered_lines": 3, "num_statements": 3, "percent_covered": 100.0, "percent_covered_display": "100", "missing_lines": 0, "excluded_lines": 0}, "missing_lines": [], "excluded_lines": []}, "ExploitAgent._exploit_to_dict": {"executed_lines": [362], "summary": {"covered_lines": 1, "num_statements": 1, "percent_covered": 100.0, "percent_covered_display": "100", "missing_lines": 0, "excluded_lines": 0}, "missing_lines": [], "excluded_lines": []}, "ExploitAgent.get_mission_status": {"executed_lines": [383, 384, 385, 387], "summary": {"covered_lines": 4, "num_statements": 4, "percent_covered": 100.0, "percent_covered_display": "100", "missing_lines": 0, "excluded_lines": 0}, "missing_lines": [], "excluded_lines": []}, "": {"executed_lines": [1, 8, 9, 10, 11, 12, 14, 17, 18, 19, 20, 21, 22, 23, 24, 25, 26, 29, 30, 31, 32, 33, 34, 35, 36, 39, 40, 41, 43, 44, 45, 46, 47, 48, 51, 52, 53, 55, 56, 57, 58, 59, 60, 61, 62, 65, 66, 67, 69, 70, 71, 72, 73, 74, 75, 78, 79, 90, 101, 174, 221, 249, 298, 330, 352, 373], "summary": {"covered_lines": 59, "num_statements": 59, "percent_covered": 100.0, "percent_covered_display": "100", "missing_lines": 0, "excluded_lines": 0}, "missing_lines": [], "excluded_lines": []}}, "classes": {"ExploitType": {"executed_lines": [], "summary": {"covered_lines": 0, "num_statements": 0, "percent_covered": 100.0, "percent_covered_display": "100", "missing_lines": 0, "excluded_lines": 0}, "missing_lines": [], "excluded_lines": []}, "ExploitStatus": {"executed_lines": [], "summary": {"covered_lines": 0, "num_statements": 0, "percent_covered": 100.0, "percent_covered_display": "100", "missing_lines": 0, "excluded_lines": 0}, "missing_lines": [], "excluded_lines": []}, "Vulnerability": {"executed_lines": [], "summary": {"covered_lines": 0, "num_statements": 0, "percent_covered": 100.0, "percent_covered_display": "100", "missing_lines": 0, "excluded_lines": 0}, "missing_lines": [], "excluded_lines": []}, "Exploit": {"executed_lines": [], "summary": {"covered_lines": 0, "num_statements": 0, "percent_covered": 100.0, "percent_covered_display": "100", "missing_lines": 0, "excluded_lines": 0}, "missing_lines": [], "excluded_lines": []}, "ExploitMission": {"executed_lines": [], "summary": {"covered_lines": 0, "num_statements": 0, "percent_covered": 100.0, "percent_covered_display": "100", "missing_lines": 0, "excluded_lines": 0}, "missing_lines": [], "excluded_lines": []}, "ExploitAgent": {"executed_lines": [97, 98, 99, 116, 117, 123, 124, 126, 127, 129, 131, 132, 133, 136, 137, 138, 139, 140, 141, 143, 146, 147, 148, 149, 150, 151, 153, 155, 156, 158, 169, 170, 171, 172, 189, 192, 203, 209, 211, 219, 236, 247, 264, 267, 268, 270, 271, 272, 276, 279, 281, 285, 286, 290, 292, 296, 313, 315, 319, 321, 328, 343, 345, 350, 362, 383, 384, 385, 387], "summary": {"covered_lines": 69, "num_statements": 69, "percent_covered": 100.0, "percent_covered_display": "100", "missing_lines": 0, "excluded_lines": 0}, "missing_lines": [], "excluded_lines": []}, "": {"executed_lines": [1, 8, 9, 10, 11, 12, 14, 17, 18, 19, 20, 21, 22, 23, 24, 25, 26, 29, 30, 31, 32, 33, 34, 35, 36, 39, 40, 41, 43, 44, 45, 46, 47, 48, 51, 52, 53, 55, 56, 57, 58, 59, 60, 61, 62, 65, 66, 67, 69, 70, 71, 72, 73, 74, 75, 78, 79, 90, 101, 174, 221, 249, 298, 330, 352, 373], "summary": {"covered_lines": 59, "num_statements": 59, "percent_covered": 100.0, "percent_covered_display": "100", "missing_lines": 0, "excluded_lines": 0}, "missing_lines": [], "excluded_lines": []}}}, "agents/postexploit/__init__.py": {"executed_lines": [1], "summary": {"covered_lines": 0, "num_statements": 0, "percent_covered": 100.0, "percent_covered_display": "100", "missing_lines": 0, "excluded_lines": 0}, "missing_lines": [], "excluded_lines": [], "functions": {"": {"executed_lines": [1], "summary": {"covered_lines": 0, "num_statements": 0, "percent_covered": 100.0, "percent_covered_display": "100", "missing_lines": 0, "excluded_lines": 0}, "missing_lines": [], "excluded_lines": []}}, "classes": {"": {"executed_lines": [1], "summary": {"covered_lines": 0, "num_statements": 0, "percent_covered": 100.0, "percent_covered_display": "100", "missing_lines": 0, "excluded_lines": 0}, "missing_lines": [], "excluded_lines": []}}}, "agents/postexploit/agent.py": {"executed_lines": [1, 8, 9, 10, 11, 12, 14, 17, 18, 19, 20, 21, 22, 23, 24, 27, 28, 29, 30, 31, 32, 33, 36, 37, 38, 40, 41, 42, 43, 44, 47, 48, 49, 51, 52, 53, 54, 55, 56, 57, 58, 59, 62, 63, 64, 66, 67, 68, 69, 70, 71, 72, 73, 76, 77, 79, 81, 82, 83, 84, 86, 97, 99, 114, 117, 118, 123, 125, 128, 129, 133, 135, 151, 152, 154, 155, 157, 158, 161, 165, 168, 169, 181, 188, 189, 190, 191, 193, 208, 209, 215, 216, 218, 220, 222, 223, 224, 230, 233, 234, 236, 237, 239, 246, 248, 250, 252, 264, 265, 266, 267, 269, 287, 290, 291, 294, 303, 305, 320, 323, 324, 327, 328, 329, 332, 333, 335, 337, 339, 354, 381, 382, 383, 385, 387, 402, 404, 409, 411, 412, 413, 420, 421, 426, 428, 438, 450, 460, 461, 462, 464, 474, 481], "summary": {"covered_lines": 145, "num_statements": 145, "percent_covered": 100.0, "percent_covered_display": "100", "missing_lines": 0, "excluded_lines": 0}, "missing_lines": [], "excluded_lines": [], "functions": {"RLPolicy.__init__": {"executed_lines": [81, 82, 83, 84], "summary": {"covered_lines": 4, "num_statements": 4, "percent_covered": 100.0, "percent_covered_display": "100", "missing_lines": 0, "excluded_lines": 0}, "missing_lines": [], "excluded_lines": []}, "RLPolicy.get_state_key": {"executed_lines": [97], "summary": {"covered_lines": 1, "num_statements": 1, "percent_covered": 100.0, "percent_covered_display": "100", "missing_lines": 0, "excluded_lines": 0}, "missing_lines": [], "excluded_lines": []}, "RLPolicy.select_action": {"executed_lines": [114, 117, 118, 123, 125, 128, 129, 133], "summary": {"covered_lines": 8, "num_statements": 8, "percent_covered": 100.0, "percent_covered_display": "100", "missing_lines": 0, "excluded_lines": 0}, "missing_lines": [], "excluded_lines": []}, "RLPolicy.update_q_value": {"executed_lines": [151, 152, 154, 155, 157, 158, 161, 165], "summary": {"covered_lines": 8, "num_statements": 8, "percent_covered": 100.0, "percent_covered_display": "100", "missing_lines": 0, "excluded_lines": 0}, "missing_lines": [], "excluded_lines": []}, "PostExploitAgent.__init__": {"executed_lines": [188, 189, 190, 191], "summary": {"covered_lines": 4, "num_statements": 4, "percent_covered": 100.0, "percent_covered_display": "100", "missing_lines": 0, "excluded_lines": 0}, "missing_lines": [], "excluded_lines": []}, "PostExploitAgent.execute_mission": {"executed_lines": [208, 209, 215, 216, 218, 220, 222, 223, 224, 230, 233, 234, 236, 237, 239, 246, 248, 250, 252, 264, 265, 266, 267], "summary": {"covered_lines": 23, "num_statements": 23, "percent_covered": 100.0, "percent_covered_display": "100", "missing_lines": 0, "excluded_lines": 0}, "missing_lines": [], "excluded_lines": []}, "PostExploitAgent._plan_action": {"executed_lines": [287, 290, 291, 294, 303], "summary": {"covered_lines": 5, "num_statements": 5, "percent_covered": 100.0, "percent_covered_display": "100", "missing_lines": 0, "excluded_lines": 0}, "missing_lines": [], "excluded_lines": []}, "PostExploitAgent._get_available_actions": {"executed_lines": [320, 323, 324, 327, 328, 329, 332, 333, 335, 337], "summary": {"covered_lines": 10, "num_statements": 10, "percent_covered": 100.0, "percent_covered_display": "100", "missing_lines": 0, "excluded_lines": 0}, "missing_lines": [], "excluded_lines": []}, "PostExploitAgent._get_method_for_action": {"executed_lines": [354, 381, 382, 383, 385], "summary": {"covered_lines": 5, "num_statements": 5, "percent_covered": 100.0, "percent_covered_display": "100", "missing_lines": 0, "excluded_lines": 0}, "missing_lines": [], "excluded_lines": []}, "PostExploitAgent._execute_action": {"executed_lines": [402, 404, 409, 411, 412, 413, 420, 421, 426], "summary": {"covered_lines": 9, "num_statements": 9, "percent_covered": 100.0, "percent_covered_display": "100", "missing_lines": 0, "excluded_lines": 0}, "missing_lines": [], "excluded_lines": []}, "PostExploitAgent._action_to_dict": {"executed_lines": [438], "summary": {"covered_lines": 1, "num_statements": 1, "percent_covered": 100.0, "percent_covered_display": "100", "missing_lines": 0, "excluded_lines": 0}, "missing_lines": [], "excluded_lines": []}, "PostExploitAgent.get_mission_status": {"executed_lines": [460, 461, 462, 464], "summary": {"covered_lines": 4, "num_statements": 4, "percent_covered": 100.0, "percent_covered_display": "100", "missing_lines": 0, "excluded_lines": 0}, "missing_lines": [], "excluded_lines": []}, "PostExploitAgent.get_rl_stats": {"executed_lines": [481], "summary": {"covered_lines": 1, "num_statements": 1, "percent_covered": 100.0, "percent_covered_display": "100", "missing_lines": 0, "excluded_lines": 0}, "missing_lines": [], "excluded_lines": []}, "": {"executed_lines": [1, 8, 9, 10, 11, 12, 14, 17, 18, 19, 20, 21, 22, 23, 24, 27, 28, 29, 30, 31, 32, 33, 36, 37, 38, 40, 41, 42, 43, 44, 47, 48, 49, 51, 52, 53, 54, 55, 56, 57, 58, 59, 62, 63, 64, 66, 67, 68, 69, 70, 71, 72, 73, 76, 77, 79, 86, 99, 135, 168, 169, 181, 193, 269, 305, 339, 387, 428, 450, 474], "summary": {"covered_lines": 62, "num_statements": 62, "percent_covered": 100.0, "percent_covered_display": "100", "missing_lines": 0, "excluded_lines": 0}, "missing_lines": [], "excluded_lines": []}}, "classes": {"PostExploitAction": {"executed_lines": [], "summary": {"covered_lines": 0, "num_statements": 0, "percent_covered": 100.0, "percent_covered_display": "100", "missing_lines": 0, "excluded_lines": 0}, "missing_lines": [], "excluded_lines": []}, "ActionStatus": {"executed_lines": [], "summary": {"covered_lines": 0, "num_statements": 0, "percent_covered": 100.0, "percent_covered_display": "100", "missing_lines": 0, "excluded_lines": 0}, "missing_lines": [], "excluded_lines": []}, "CompromisedHost": {"executed_lines": [], "summary": {"covered_lines": 0, "num_statements": 0, "percent_covered": 100.0, "percent_covered_display": "100", "missing_lines": 0, "excluded_lines": 0}, "missing_lines": [], "excluded_lines": []}, "Action": {"executed_lines": [], "summary": {"covered_lines": 0, "num_statements": 0, "percent_covered": 100.0, "percent_covered_display": "100", "missing_lines": 0, "excluded_lines": 0}, "missing_lines": [], "excluded_lines": []}, "PostExploitMission": {"executed_lines": [], "summary": {"covered_lines": 0, "num_statements": 0, "percent_covered": 100.0, "percent_covered_display": "100", "missing_lines": 0, "excluded_lines": 0}, "missing_lines": [], "excluded_lines": []}, "RLPolicy": {"executed_lines": [81, 82, 83, 84, 97, 114, 117, 118, 123, 125, 128, 129, 133, 151, 152, 154, 155, 157, 158, 161, 165], "summary": {"covered_lines": 21, "num_statements": 21, "percent_covered": 100.0, "percent_covered_display": "100", "missing_lines": 0, "excluded_lines": 0}, "missing_lines": [], "excluded_lines": []}, "PostExploitAgent": {"executed_lines": [188, 189, 190, 191, 208, 209, 215, 216, 218, 220, 222, 223, 224, 230, 233, 234, 236, 237, 239, 246, 248, 250, 252, 264, 265, 266, 267, 287, 290, 291, 294, 303, 320, 323, 324, 327, 328, 329, 332, 333, 335, 337, 354, 381, 382, 383, 385, 402, 404, 409, 411, 412, 413, 420, 421, 426, 438, 460, 461, 462, 464, 481], "summary": {"covered_lines": 62, "num_statements": 62, "percent_covered": 100.0, "percent_covered_display": "100", "missing_lines": 0, "excluded_lines": 0}, "missing_lines": [], "excluded_lines": []}, "": {"executed_lines": [1, 8, 9, 10, 11, 12, 14, 17, 18, 19, 20, 21, 22, 23, 24, 27, 28, 29, 30, 31, 32, 33, 36, 37, 38, 40, 41, 42, 43, 44, 47, 48, 49, 51, 52, 53, 54, 55, 56, 57, 58, 59, 62, 63, 64, 66, 67, 68, 69, 70, 71, 72, 73, 76, 77, 79, 86, 99, 135, 168, 169, 181, 193, 269, 305, 339, 387, 428, 450, 474], "summary": {"covered_lines": 62, "num_statements": 62, "percent_covered": 100.0, "percent_covered_display": "100", "missing_lines": 0, "excluded_lines": 0}, "missing_lines": [], "excluded_lines": []}}}, "agents/recon/__init__.py": {"executed_lines": [1], "summary": {"covered_lines": 0, "num_statements": 0, "percent_covered": 100.0, "percent_covered_display": "100", "missing_lines": 0, "excluded_lines": 0}, "missing_lines": [], "excluded_lines": [], "functions": {"": {"executed_lines": [1], "summary": {"covered_lines": 0, "num_statements": 0, "percent_covered": 100.0, "percent_covered_display": "100", "missing_lines": 0, "excluded_lines": 0}, "missing_lines": [], "excluded_lines": []}}, "classes": {"": {"executed_lines": [1], "summary": {"covered_lines": 0, "num_statements": 0, "percent_covered": 100.0, "percent_covered_display": "100", "missing_lines": 0, "excluded_lines": 0}, "missing_lines": [], "excluded_lines": []}}}, "agents/recon/agent.py": {"executed_lines": [1, 8, 9, 10, 11, 12, 14, 17, 18, 19, 20, 21, 22, 25, 26, 27, 28, 29, 30, 31, 32, 33, 36, 37, 38, 40, 41, 42, 45, 46, 47, 49, 50, 51, 52, 53, 54, 55, 58, 59, 60, 62, 63, 64, 65, 66, 67, 68, 71, 72, 83, 90, 91, 92, 94, 107, 108, 110, 111, 113, 115, 116, 118, 124, 127, 129, 130, 132, 141, 142, 143, 144, 146, 163, 165, 166, 168, 169, 171, 172, 174, 175, 177, 179, 194, 196, 198, 199, 211, 213, 215, 230, 232, 234, 236, 238, 239, 252, 254, 256, 271, 273, 275, 289, 291, 293, 308, 310, 312, 325, 327, 329, 342, 343, 345, 347, 348, 349, 352, 353, 355, 363, 373, 383, 393, 394, 395, 397], "summary": {"covered_lines": 121, "num_statements": 121, "percent_covered": 100.0, "percent_covered_display": "100", "missing_lines": 0, "excluded_lines": 0}, "missing_lines": [], "excluded_lines": [], "functions": {"ReconAgent.__init__": {"executed_lines": [90, 91, 92], "summary": {"covered_lines": 3, "num_statements": 3, "percent_covered": 100.0, "percent_covered_display": "100", "missing_lines": 0, "excluded_lines": 0}, "missing_lines": [], "excluded_lines": []}, "ReconAgent.execute_mission": {"executed_lines": [107, 108, 110, 111, 113, 115, 116, 118, 124, 127, 129, 130, 132, 141, 142, 143, 144], "summary": {"covered_lines": 17, "num_statements": 17, "percent_covered": 100.0, "percent_covered_display": "100", "missing_lines": 0, "excluded_lines": 0}, "missing_lines": [], "excluded_lines": []}, "ReconAgent._execute_phase": {"executed_lines": [163, 165, 166, 168, 169, 171, 172, 174, 175, 177], "summary": {"covered_lines": 10, "num_statements": 10, "percent_covered": 100.0, "percent_covered_display": "100", "missing_lines": 0, "excluded_lines": 0}, "missing_lines": [], "excluded_lines": []}, "ReconAgent._passive_recon": {"executed_lines": [194, 196, 198, 199, 211, 213], "summary": {"covered_lines": 6, "num_statements": 6, "percent_covered": 100.0, "percent_covered_display": "100", "missing_lines": 0, "excluded_lines": 0}, "missing_lines": [], "excluded_lines": []}, "ReconAgent._active_recon": {"executed_lines": [230, 232, 234, 236, 238, 239, 252, 254], "summary": {"covered_lines": 8, "num_statements": 8, "percent_covered": 100.0, "percent_covered_display": "100", "missing_lines": 0, "excluded_lines": 0}, "missing_lines": [], "excluded_lines": []}, "ReconAgent._deep_scan": {"executed_lines": [271, 273, 275, 289, 291], "summary": {"covered_lines": 5, "num_statements": 5, "percent_covered": 100.0, "percent_covered_display": "100", "missing_lines": 0, "excluded_lines": 0}, "missing_lines": [], "excluded_lines": []}, "ReconAgent._enumeration": {"executed_lines": [308, 310, 312, 325, 327], "summary": {"covered_lines": 5, "num_statements": 5, "percent_covered": 100.0, "percent_covered_display": "100", "missing_lines": 0, "excluded_lines": 0}, "missing_lines": [], "excluded_lines": []}, "ReconAgent._correlate_findings": {"executed_lines": [342, 343, 345, 347, 348, 349, 352, 353, 355], "summary": {"covered_lines": 9, "num_statements": 9, "percent_covered": 100.0, "percent_covered_display": "100", "missing_lines": 0, "excluded_lines": 0}, "missing_lines": [], "excluded_lines": []}, "ReconAgent._finding_to_dict": {"executed_lines": [373], "summary": {"covered_lines": 1, "num_statements": 1, "percent_covered": 100.0, "percent_covered_display": "100", "missing_lines": 0, "excluded_lines": 0}, "missing_lines": [], "excluded_lines": []}, "ReconAgent.get_mission_status": {"executed_lines": [393, 394, 395, 397], "summary": {"covered_lines": 4, "num_statements": 4, "percent_covered": 100.0, "percent_covered_display": "100", "missing_lines": 0, "excluded_lines": 0}, "missing_lines": [], "excluded_lines": []}, "": {"executed_lines": [1, 8, 9, 10, 11, 12, 14, 17, 18, 19, 20, 21, 22, 25, 26, 27, 28, 29, 30, 31, 32, 33, 36, 37, 38, 40, 41, 42, 45, 46, 47, 49, 50, 51, 52, 53, 54, 55, 58, 59, 60, 62, 63, 64, 65, 66, 67, 68, 71, 72, 83, 94, 146, 179, 215, 256, 293, 329, 363, 383], "summary": {"covered_lines": 53, "num_statements": 53, "percent_covered": 100.0, "percent_covered_display": "100", "missing_lines": 0, "excluded_lines": 0}, "missing_lines": [], "excluded_lines": []}}, "classes": {"ReconPhase": {"executed_lines": [], "summary": {"covered_lines": 0, "num_statements": 0, "percent_covered": 100.0, "percent_covered_display": "100", "missing_lines": 0, "excluded_lines": 0}, "missing_lines": [], "excluded_lines": []}, "FindingType": {"executed_lines": [], "summary": {"covered_lines": 0, "num_statements": 0, "percent_covered": 100.0, "percent_covered_display": "100", "missing_lines": 0, "excluded_lines": 0}, "missing_lines": [], "excluded_lines": []}, "Target": {"executed_lines": [], "summary": {"covered_lines": 0, "num_statements": 0, "percent_covered": 100.0, "percent_covered_display": "100", "missing_lines": 0, "excluded_lines": 0}, "missing_lines": [], "excluded_lines": []}, "Finding": {"executed_lines": [], "summary": {"covered_lines": 0, "num_statements": 0, "percent_covered": 100.0, "percent_covered_display": "100", "missing_lines": 0, "excluded_lines": 0}, "missing_lines": [], "excluded_lines": []}, "ReconMission": {"executed_lines": [], "summary": {"covered_lines": 0, "num_statements": 0, "percent_covered": 100.0, "percent_covered_display": "100", "missing_lines": 0, "excluded_lines": 0}, "missing_lines": [], "excluded_lines": []}, "ReconAgent": {"executed_lines": [90, 91, 92, 107, 108, 110, 111, 113, 115, 116, 118, 124, 127, 129, 130, 132, 141, 142, 143, 144, 163, 165, 166, 168, 169, 171, 172, 174, 175, 177, 194, 196, 198, 199, 211, 213, 230, 232, 234, 236, 238, 239, 252, 254, 271, 273, 275, 289, 291, 308, 310, 312, 325, 327, 342, 343, 345, 347, 348, 349, 352, 353, 355, 373, 393, 394, 395, 397], "summary": {"covered_lines": 68, "num_statements": 68, "percent_covered": 100.0, "percent_covered_display": "100", "missing_lines": 0, "excluded_lines": 0}, "missing_lines": [], "excluded_lines": []}, "": {"executed_lines": [1, 8, 9, 10, 11, 12, 14, 17, 18, 19, 20, 21, 22, 25, 26, 27, 28, 29, 30, 31, 32, 33, 36, 37, 38, 40, 41, 42, 45, 46, 47, 49, 50, 51, 52, 53, 54, 55, 58, 59, 60, 62, 63, 64, 65, 66, 67, 68, 71, 72, 83, 94, 146, 179, 215, 256, 293, 329, 363, 383], "summary": {"covered_lines": 53, "num_statements": 53, "percent_covered": 100.0, "percent_covered_display": "100", "missing_lines": 0, "excluded_lines": 0}, "missing_lines": [], "excluded_lines": []}}}, "api.py": {"executed_lines": [], "summary": {"covered_lines": 0, "num_statements": 56, "percent_covered": 0.0, "percent_covered_display": "0", "missing_lines": 56, "excluded_lines": 0}, "missing_lines": [14, 15, 16, 18, 19, 21, 30, 31, 34, 35, 39, 47, 51, 59, 84, 85, 88, 89, 95, 97, 102, 104, 106, 108, 109, 110, 112, 113, 114, 121, 128, 150, 157, 166, 172, 183, 185, 193, 199, 218, 220, 230, 237, 256, 261, 270, 277, 285, 287, 291, 297, 319, 321, 330, 336, 344], "excluded_lines": [], "functions": {"get_orchestrator": {"executed_lines": [], "summary": {"covered_lines": 0, "num_statements": 1, "percent_covered": 0.0, "percent_covered_display": "0", "missing_lines": 1, "excluded_lines": 0}, "missing_lines": [47], "excluded_lines": []}, "plan_campaign": {"executed_lines": [], "summary": {"covered_lines": 0, "num_statements": 15, "percent_covered": 0.0, "percent_covered_display": "0", "missing_lines": 15, "excluded_lines": 0}, "missing_lines": [84, 85, 88, 89, 95, 97, 102, 104, 106, 108, 109, 110, 112, 113, 114], "excluded_lines": []}, "execute_campaign": {"executed_lines": [], "summary": {"covered_lines": 0, "num_statements": 2, "percent_covered": 0.0, "percent_covered_display": "0", "missing_lines": 2, "excluded_lines": 0}, "missing_lines": [150, 157], "excluded_lines": []}, "get_campaign": {"executed_lines": [], "summary": {"covered_lines": 0, "num_statements": 2, "percent_covered": 0.0, "percent_covered_display": "0", "missing_lines": 2, "excluded_lines": 0}, "missing_lines": [183, 185], "excluded_lines": []}, "list_campaigns": {"executed_lines": [], "summary": {"covered_lines": 0, "num_statements": 2, "percent_covered": 0.0, "percent_covered_display": "0", "missing_lines": 2, "excluded_lines": 0}, "missing_lines": [218, 220], "excluded_lines": []}, "approve_hotl_request": {"executed_lines": [], "summary": {"covered_lines": 0, "num_statements": 2, "percent_covered": 0.0, "percent_covered_display": "0", "missing_lines": 2, "excluded_lines": 0}, "missing_lines": [256, 261], "excluded_lines": []}, "get_pending_hotl_requests": {"executed_lines": [], "summary": {"covered_lines": 0, "num_statements": 2, "percent_covered": 0.0, "percent_covered_display": "0", "missing_lines": 2, "excluded_lines": 0}, "missing_lines": [285, 287], "excluded_lines": []}, "search_attack_memory": {"executed_lines": [], "summary": {"covered_lines": 0, "num_statements": 2, "percent_covered": 0.0, "percent_covered_display": "0", "missing_lines": 2, "excluded_lines": 0}, "missing_lines": [319, 321], "excluded_lines": []}, "get_statistics": {"executed_lines": [], "summary": {"covered_lines": 0, "num_statements": 1, "percent_covered": 0.0, "percent_covered_display": "0", "missing_lines": 1, "excluded_lines": 0}, "missing_lines": [344], "excluded_lines": []}, "": {"executed_lines": [], "summary": {"covered_lines": 0, "num_statements": 27, "percent_covered": 0.0, "percent_covered_display": "0", "missing_lines": 27, "excluded_lines": 0}, "missing_lines": [14, 15, 16, 18, 19, 21, 30, 31, 34, 35, 39, 51, 59, 121, 128, 166, 172, 193, 199, 230, 237, 270, 277, 291, 297, 330, 336], "excluded_lines": []}}, "classes": {"": {"executed_lines": [], "summary": {"covered_lines": 0, "num_statements": 56, "percent_covered": 0.0, "percent_covered_display": "0", "missing_lines": 56, "excluded_lines": 0}, "missing_lines": [14, 15, 16, 18, 19, 21, 30, 31, 34, 35, 39, 47, 51, 59, 84, 85, 88, 89, 95, 97, 102, 104, 106, 108, 109, 110, 112, 113, 114, 121, 128, 150, 157, 166, 172, 183, 185, 193, 199, 218, 220, 230, 237, 256, 261, 270, 277, 285, 287, 291, 297, 319, 321, 330, 336, 344], "excluded_lines": []}}}, "config.py": {"executed_lines": [1, 7, 8, 9, 12, 13, 14, 16, 17, 18, 19, 20, 21, 23, 24, 29, 30, 31, 33, 34, 35, 36, 37, 39, 40, 45, 46, 47, 49, 50, 51, 52, 53, 56, 57, 58, 60, 61, 62, 63, 66, 67, 68, 70, 71, 72, 73, 76, 77, 78, 79, 82, 105, 108], "summary": {"covered_lines": 48, "num_statements": 59, "percent_covered": 81.35593220338983, "percent_covered_display": "81", "missing_lines": 11, "excluded_lines": 0}, "missing_lines": [26, 42, 92, 95, 96, 98, 99, 101, 116, 117, 118], "excluded_lines": [], "functions": {"DatabaseConfig.connection_string": {"executed_lines": [], "summary": {"covered_lines": 0, "num_statements": 1, "percent_covered": 0.0, "percent_covered_display": "0", "missing_lines": 1, "excluded_lines": 0}, "missing_lines": [26], "excluded_lines": []}, "VectorDBConfig.grpc_url": {"executed_lines": [], "summary": {"covered_lines": 0, "num_statements": 1, "percent_covered": 0.0, "percent_covered_display": "0", "missing_lines": 1, "excluded_lines": 0}, "missing_lines": [42], "excluded_lines": []}, "load_config": {"executed_lines": [], "summary": {"covered_lines": 0, "num_statements": 6, "percent_covered": 0.0, "percent_covered_display": "0", "missing_lines": 6, "excluded_lines": 0}, "missing_lines": [92, 95, 96, 98, 99, 101], "excluded_lines": []}, "get_config": {"executed_lines": [], "summary": {"covered_lines": 0, "num_statements": 3, "percent_covered": 0.0, "percent_covered_display": "0", "missing_lines": 3, "excluded_lines": 0}, "missing_lines": [116, 117, 118], "excluded_lines": []}, "": {"executed_lines": [1, 7, 8, 9, 12, 13, 14, 16, 17, 18, 19, 20, 21, 23, 24, 29, 30, 31, 33, 34, 35, 36, 37, 39, 40, 45, 46, 47, 49, 50, 51, 52, 53, 56, 57, 58, 60, 61, 62, 63, 66, 67, 68, 70, 71, 72, 73, 76, 77, 78, 79, 82, 105, 108], "summary": {"covered_lines": 48, "num_statements": 48, "percent_covered": 100.0, "percent_covered_display": "100", "missing_lines": 0, "excluded_lines": 0}, "missing_lines": [], "excluded_lines": []}}, "classes": {"DatabaseConfig": {"executed_lines": [], "summary": {"covered_lines": 0, "num_statements": 1, "percent_covered": 0.0, "percent_covered_display": "0", "missing_lines": 1, "excluded_lines": 0}, "missing_lines": [26], "excluded_lines": []}, "VectorDBConfig": {"executed_lines": [], "summary": {"covered_lines": 0, "num_statements": 1, "percent_covered": 0.0, "percent_covered_display": "0", "missing_lines": 1, "excluded_lines": 0}, "missing_lines": [42], "excluded_lines": []}, "LLMConfig": {"executed_lines": [], "summary": {"covered_lines": 0, "num_statements": 0, "percent_covered": 100.0, "percent_covered_display": "100", "missing_lines": 0, "excluded_lines": 0}, "missing_lines": [], "excluded_lines": []}, "HOTLConfig": {"executed_lines": [], "summary": {"covered_lines": 0, "num_statements": 0, "percent_covered": 100.0, "percent_covered_display": "100", "missing_lines": 0, "excluded_lines": 0}, "missing_lines": [], "excluded_lines": []}, "ServiceConfig": {"executed_lines": [], "summary": {"covered_lines": 0, "num_statements": 0, "percent_covered": 100.0, "percent_covered_display": "100", "missing_lines": 0, "excluded_lines": 0}, "missing_lines": [], "excluded_lines": []}, "": {"executed_lines": [1, 7, 8, 9, 12, 13, 14, 16, 17, 18, 19, 20, 21, 23, 24, 29, 30, 31, 33, 34, 35, 36, 37, 39, 40, 45, 46, 47, 49, 50, 51, 52, 53, 56, 57, 58, 60, 61, 62, 63, 66, 67, 68, 70, 71, 72, 73, 76, 77, 78, 79, 82, 105, 108], "summary": {"covered_lines": 48, "num_statements": 57, "percent_covered": 84.21052631578948, "percent_covered_display": "84", "missing_lines": 9, "excluded_lines": 0}, "missing_lines": [92, 95, 96, 98, 99, 101, 116, 117, 118], "excluded_lines": []}}}, "hotl/__init__.py": {"executed_lines": [1], "summary": {"covered_lines": 0, "num_statements": 0, "percent_covered": 100.0, "percent_covered_display": "100", "missing_lines": 0, "excluded_lines": 0}, "missing_lines": [], "excluded_lines": [], "functions": {"": {"executed_lines": [1], "summary": {"covered_lines": 0, "num_statements": 0, "percent_covered": 100.0, "percent_covered_display": "100", "missing_lines": 0, "excluded_lines": 0}, "missing_lines": [], "excluded_lines": []}}, "classes": {"": {"executed_lines": [1], "summary": {"covered_lines": 0, "num_statements": 0, "percent_covered": 100.0, "percent_covered_display": "100", "missing_lines": 0, "excluded_lines": 0}, "missing_lines": [], "excluded_lines": []}}}, "hotl/decision_system.py": {"executed_lines": [1, 8, 9, 10, 11, 12, 13, 15, 18, 19, 20, 21, 22, 23, 24, 25, 28, 29, 30, 31, 32, 33, 36, 37, 38, 40, 41, 42, 43, 44, 47, 48, 49, 51, 52, 53, 54, 55, 56, 57, 60, 61, 66, 75, 82, 83, 84, 85, 87, 97, 99, 116, 118, 124, 132, 133, 136, 144, 152, 158, 161, 162, 168, 169, 170, 172, 174, 193, 194, 195, 197, 204, 205, 207, 210, 212, 214, 226, 237, 252, 254, 255, 260, 261, 266, 268, 275], "summary": {"covered_lines": 81, "num_statements": 81, "percent_covered": 100.0, "percent_covered_display": "100", "missing_lines": 0, "excluded_lines": 0}, "missing_lines": [], "excluded_lines": [], "functions": {"HOTLDecisionSystem.__init__": {"executed_lines": [82, 83, 84, 85], "summary": {"covered_lines": 4, "num_statements": 4, "percent_covered": 100.0, "percent_covered_display": "100", "missing_lines": 0, "excluded_lines": 0}, "missing_lines": [], "excluded_lines": []}, "HOTLDecisionSystem.is_critical_action": {"executed_lines": [97], "summary": {"covered_lines": 1, "num_statements": 1, "percent_covered": 100.0, "percent_covered_display": "100", "missing_lines": 0, "excluded_lines": 0}, "missing_lines": [], "excluded_lines": []}, "HOTLDecisionSystem.request_approval": {"executed_lines": [116, 118, 124, 132, 133, 136, 144, 152, 158, 161, 162, 168, 169, 170, 172], "summary": {"covered_lines": 15, "num_statements": 15, "percent_covered": 100.0, "percent_covered_display": "100", "missing_lines": 0, "excluded_lines": 0}, "missing_lines": [], "excluded_lines": []}, "HOTLDecisionSystem.process_approval": {"executed_lines": [193, 194, 195, 197, 204, 205, 207, 210, 212], "summary": {"covered_lines": 9, "num_statements": 9, "percent_covered": 100.0, "percent_covered_display": "100", "missing_lines": 0, "excluded_lines": 0}, "missing_lines": [], "excluded_lines": []}, "HOTLDecisionSystem._log_decision": {"executed_lines": [226], "summary": {"covered_lines": 1, "num_statements": 1, "percent_covered": 100.0, "percent_covered_display": "100", "missing_lines": 0, "excluded_lines": 0}, "missing_lines": [], "excluded_lines": []}, "HOTLDecisionSystem.get_audit_log": {"executed_lines": [252, 254, 255, 260, 261, 266], "summary": {"covered_lines": 6, "num_statements": 6, "percent_covered": 100.0, "percent_covered_display": "100", "missing_lines": 0, "excluded_lines": 0}, "missing_lines": [], "excluded_lines": []}, "HOTLDecisionSystem.get_pending_requests": {"executed_lines": [275], "summary": {"covered_lines": 1, "num_statements": 1, "percent_covered": 100.0, "percent_covered_display": "100", "missing_lines": 0, "excluded_lines": 0}, "missing_lines": [], "excluded_lines": []}, "": {"executed_lines": [1, 8, 9, 10, 11, 12, 13, 15, 18, 19, 20, 21, 22, 23, 24, 25, 28, 29, 30, 31, 32, 33, 36, 37, 38, 40, 41, 42, 43, 44, 47, 48, 49, 51, 52, 53, 54, 55, 56, 57, 60, 61, 66, 75, 87, 99, 174, 214, 237, 268], "summary": {"covered_lines": 44, "num_statements": 44, "percent_covered": 100.0, "percent_covered_display": "100", "missing_lines": 0, "excluded_lines": 0}, "missing_lines": [], "excluded_lines": []}}, "classes": {"ActionType": {"executed_lines": [], "summary": {"covered_lines": 0, "num_statements": 0, "percent_covered": 100.0, "percent_covered_display": "100", "missing_lines": 0, "excluded_lines": 0}, "missing_lines": [], "excluded_lines": []}, "ApprovalStatus": {"executed_lines": [], "summary": {"covered_lines": 0, "num_statements": 0, "percent_covered": 100.0, "percent_covered_display": "100", "missing_lines": 0, "excluded_lines": 0}, "missing_lines": [], "excluded_lines": []}, "Approval": {"executed_lines": [], "summary": {"covered_lines": 0, "num_statements": 0, "percent_covered": 100.0, "percent_covered_display": "100", "missing_lines": 0, "excluded_lines": 0}, "missing_lines": [], "excluded_lines": []}, "ApprovalRequest": {"executed_lines": [], "summary": {"covered_lines": 0, "num_statements": 0, "percent_covered": 100.0, "percent_covered_display": "100", "missing_lines": 0, "excluded_lines": 0}, "missing_lines": [], "excluded_lines": []}, "HOTLDecisionSystem": {"executed_lines": [82, 83, 84, 85, 97, 116, 118, 124, 132, 133, 136, 144, 152, 158, 161, 162, 168, 169, 170, 172, 193, 194, 195, 197, 204, 205, 207, 210, 212, 226, 252, 254, 255, 260, 261, 266, 275], "summary": {"covered_lines": 37, "num_statements": 37, "percent_covered": 100.0, "percent_covered_display": "100", "missing_lines": 0, "excluded_lines": 0}, "missing_lines": [], "excluded_lines": []}, "": {"executed_lines": [1, 8, 9, 10, 11, 12, 13, 15, 18, 19, 20, 21, 22, 23, 24, 25, 28, 29, 30, 31, 32, 33, 36, 37, 38, 40, 41, 42, 43, 44, 47, 48, 49, 51, 52, 53, 54, 55, 56, 57, 60, 61, 66, 75, 87, 99, 174, 214, 237, 268], "summary": {"covered_lines": 44, "num_statements": 44, "percent_covered": 100.0, "percent_covered_display": "100", "missing_lines": 0, "excluded_lines": 0}, "missing_lines": [], "excluded_lines": []}}}, "hotl_system.py": {"executed_lines": [], "summary": {"covered_lines": 0, "num_statements": 98, "percent_covered": 0.0, "percent_covered_display": "0", "missing_lines": 98, "excluded_lines": 0}, "missing_lines": [24, 25, 26, 27, 28, 29, 30, 32, 38, 41, 44, 52, 59, 62, 65, 66, 68, 74, 76, 77, 78, 79, 80, 81, 82, 84, 85, 87, 107, 108, 109, 111, 118, 122, 123, 126, 128, 130, 136, 138, 140, 141, 147, 150, 158, 160, 162, 184, 185, 186, 188, 193, 202, 205, 207, 209, 216, 218, 225, 227, 237, 239, 241, 245, 253, 255, 266, 275, 277, 279, 287, 288, 305, 306, 308, 310, 311, 313, 327, 329, 330, 332, 333, 335, 336, 338, 340, 347, 348, 350, 351, 352, 353, 355, 356, 357, 359, 360], "excluded_lines": [], "functions": {"HOTLDecisionSystem.__init__": {"executed_lines": [], "summary": {"covered_lines": 0, "num_statements": 5, "percent_covered": 0.0, "percent_covered_display": "0", "missing_lines": 5, "excluded_lines": 0}, "missing_lines": [59, 62, 65, 66, 68], "excluded_lines": []}, "HOTLDecisionSystem._ensure_audit_log": {"executed_lines": [], "summary": {"covered_lines": 0, "num_statements": 9, "percent_covered": 0.0, "percent_covered_display": "0", "missing_lines": 9, "excluded_lines": 0}, "missing_lines": [76, 77, 78, 79, 80, 81, 82, 84, 85], "excluded_lines": []}, "HOTLDecisionSystem.request_approval": {"executed_lines": [], "summary": {"covered_lines": 0, "num_statements": 18, "percent_covered": 0.0, "percent_covered_display": "0", "missing_lines": 18, "excluded_lines": 0}, "missing_lines": [107, 108, 109, 111, 118, 122, 123, 126, 128, 130, 136, 138, 140, 141, 147, 150, 158, 160], "excluded_lines": []}, "HOTLDecisionSystem.provide_approval": {"executed_lines": [], "summary": {"covered_lines": 0, "num_statements": 8, "percent_covered": 0.0, "percent_covered_display": "0", "missing_lines": 8, "excluded_lines": 0}, "missing_lines": [184, 185, 186, 188, 193, 202, 205, 207], "excluded_lines": []}, "HOTLDecisionSystem.get_pending_requests": {"executed_lines": [], "summary": {"covered_lines": 0, "num_statements": 1, "percent_covered": 0.0, "percent_covered_display": "0", "missing_lines": 1, "excluded_lines": 0}, "missing_lines": [216], "excluded_lines": []}, "HOTLDecisionSystem.get_pending_count": {"executed_lines": [], "summary": {"covered_lines": 0, "num_statements": 1, "percent_covered": 0.0, "percent_covered_display": "0", "missing_lines": 1, "excluded_lines": 0}, "missing_lines": [225], "excluded_lines": []}, "HOTLDecisionSystem._wait_for_approval": {"executed_lines": [], "summary": {"covered_lines": 0, "num_statements": 5, "percent_covered": 0.0, "percent_covered_display": "0", "missing_lines": 5, "excluded_lines": 0}, "missing_lines": [237, 239, 241, 245, 253], "excluded_lines": []}, "HOTLDecisionSystem._auto_approve": {"executed_lines": [], "summary": {"covered_lines": 0, "num_statements": 3, "percent_covered": 0.0, "percent_covered_display": "0", "missing_lines": 3, "excluded_lines": 0}, "missing_lines": [266, 275, 277], "excluded_lines": []}, "HOTLDecisionSystem._log_decision": {"executed_lines": [], "summary": {"covered_lines": 0, "num_statements": 7, "percent_covered": 0.0, "percent_covered_display": "0", "missing_lines": 7, "excluded_lines": 0}, "missing_lines": [287, 288, 305, 306, 308, 310, 311], "excluded_lines": []}, "HOTLDecisionSystem.assess_risk": {"executed_lines": [], "summary": {"covered_lines": 0, "num_statements": 8, "percent_covered": 0.0, "percent_covered_display": "0", "missing_lines": 8, "excluded_lines": 0}, "missing_lines": [327, 329, 330, 332, 333, 335, 336, 338], "excluded_lines": []}, "HOTLDecisionSystem.cleanup_stale_requests": {"executed_lines": [], "summary": {"covered_lines": 0, "num_statements": 11, "percent_covered": 0.0, "percent_covered_display": "0", "missing_lines": 11, "excluded_lines": 0}, "missing_lines": [347, 348, 350, 351, 352, 353, 355, 356, 357, 359, 360], "excluded_lines": []}, "": {"executed_lines": [], "summary": {"covered_lines": 0, "num_statements": 22, "percent_covered": 0.0, "percent_covered_display": "0", "missing_lines": 22, "excluded_lines": 0}, "missing_lines": [24, 25, 26, 27, 28, 29, 30, 32, 38, 41, 44, 52, 74, 87, 162, 209, 218, 227, 255, 279, 313, 340], "excluded_lines": []}}, "classes": {"HOTLDecisionSystem": {"executed_lines": [], "summary": {"covered_lines": 0, "num_statements": 76, "percent_covered": 0.0, "percent_covered_display": "0", "missing_lines": 76, "excluded_lines": 0}, "missing_lines": [59, 62, 65, 66, 68, 76, 77, 78, 79, 80, 81, 82, 84, 85, 107, 108, 109, 111, 118, 122, 123, 126, 128, 130, 136, 138, 140, 141, 147, 150, 158, 160, 184, 185, 186, 188, 193, 202, 205, 207, 216, 225, 237, 239, 241, 245, 253, 266, 275, 277, 287, 288, 305, 306, 308, 310, 311, 327, 329, 330, 332, 333, 335, 336, 338, 347, 348, 350, 351, 352, 353, 355, 356, 357, 359, 360], "excluded_lines": []}, "": {"executed_lines": [], "summary": {"covered_lines": 0, "num_statements": 22, "percent_covered": 0.0, "percent_covered_display": "0", "missing_lines": 22, "excluded_lines": 0}, "missing_lines": [24, 25, 26, 27, 28, 29, 30, 32, 38, 41, 44, 52, 74, 87, 162, 209, 218, 227, 255, 279, 313, 340], "excluded_lines": []}}}, "integration.py": {"executed_lines": [1, 8, 9, 10, 11, 13, 14, 15, 16, 17, 18, 20, 23, 24, 25, 27, 28, 29, 30, 31, 32, 33, 34, 35, 36, 37, 40, 41, 58, 70, 71, 74, 75, 76, 77, 78, 79, 83, 85, 102, 105, 114, 115, 117, 119, 120, 121, 126, 129, 130, 131, 132, 135, 136, 138, 147, 149, 150, 151, 153, 157, 160, 161, 162, 164, 173, 175, 176, 177, 179, 183, 185, 191, 192, 193, 194, 196, 198, 209, 210, 211, 212, 214, 227, 237, 238, 242, 244, 245, 247, 261, 262, 264, 265, 273, 275, 276, 281, 290, 291, 293, 307, 308, 310, 311, 312, 319, 321, 322, 327, 337, 341, 343, 357, 367, 370, 371, 373, 383, 393, 401, 411, 412, 413, 415, 423, 430], "summary": {"covered_lines": 124, "num_statements": 124, "percent_covered": 100.0, "percent_covered_display": "100", "missing_lines": 0, "excluded_lines": 0}, "missing_lines": [], "excluded_lines": [], "functions": {"IntegrationService.__init__": {"executed_lines": [70, 71, 74, 75, 76, 77, 78, 79, 83], "summary": {"covered_lines": 9, "num_statements": 9, "percent_covered": 100.0, "percent_covered_display": "100", "missing_lines": 0, "excluded_lines": 0}, "missing_lines": [], "excluded_lines": []}, "IntegrationService.execute_integrated_mission": {"executed_lines": [102, 105, 114, 115, 117, 119, 120, 121, 126, 129, 130, 131, 132, 135, 136, 138, 147, 149, 150, 151, 153, 157, 160, 161, 162, 164, 173, 175, 176, 177, 179, 183, 185, 191, 192, 193, 194, 196, 198, 209, 210, 211, 212], "summary": {"covered_lines": 43, "num_statements": 43, "percent_covered": 100.0, "percent_covered_display": "100", "missing_lines": 0, "excluded_lines": 0}, "missing_lines": [], "excluded_lines": []}, "IntegrationService._execute_reconnaissance": {"executed_lines": [227, 237, 238, 242, 244, 245], "summary": {"covered_lines": 6, "num_statements": 6, "percent_covered": 100.0, "percent_covered_display": "100", "missing_lines": 0, "excluded_lines": 0}, "missing_lines": [], "excluded_lines": []}, "IntegrationService._execute_exploitation": {"executed_lines": [261, 262, 264, 265, 273, 275, 276, 281, 290, 291], "summary": {"covered_lines": 10, "num_statements": 10, "percent_covered": 100.0, "percent_covered_display": "100", "missing_lines": 0, "excluded_lines": 0}, "missing_lines": [], "excluded_lines": []}, "IntegrationService._execute_postexploit": {"executed_lines": [307, 308, 310, 311, 312, 319, 321, 322, 327, 337, 341], "summary": {"covered_lines": 11, "num_statements": 11, "percent_covered": 100.0, "percent_covered_display": "100", "missing_lines": 0, "excluded_lines": 0}, "missing_lines": [], "excluded_lines": []}, "IntegrationService._execute_analysis": {"executed_lines": [357, 367, 370, 371, 373], "summary": {"covered_lines": 5, "num_statements": 5, "percent_covered": 100.0, "percent_covered_display": "100", "missing_lines": 0, "excluded_lines": 0}, "missing_lines": [], "excluded_lines": []}, "IntegrationService._campaign_summary": {"executed_lines": [393], "summary": {"covered_lines": 1, "num_statements": 1, "percent_covered": 100.0, "percent_covered_display": "100", "missing_lines": 0, "excluded_lines": 0}, "missing_lines": [], "excluded_lines": []}, "IntegrationService.get_mission_status": {"executed_lines": [411, 412, 413, 415], "summary": {"covered_lines": 4, "num_statements": 4, "percent_covered": 100.0, "percent_covered_display": "100", "missing_lines": 0, "excluded_lines": 0}, "missing_lines": [], "excluded_lines": []}, "IntegrationService.get_statistics": {"executed_lines": [430], "summary": {"covered_lines": 1, "num_statements": 1, "percent_covered": 100.0, "percent_covered_display": "100", "missing_lines": 0, "excluded_lines": 0}, "missing_lines": [], "excluded_lines": []}, "": {"executed_lines": [1, 8, 9, 10, 11, 13, 14, 15, 16, 17, 18, 20, 23, 24, 25, 27, 28, 29, 30, 31, 32, 33, 34, 35, 36, 37, 40, 41, 58, 85, 214, 247, 293, 343, 383, 401, 423], "summary": {"covered_lines": 34, "num_statements": 34, "percent_covered": 100.0, "percent_covered_display": "100", "missing_lines": 0, "excluded_lines": 0}, "missing_lines": [], "excluded_lines": []}}, "classes": {"IntegratedMission": {"executed_lines": [], "summary": {"covered_lines": 0, "num_statements": 0, "percent_covered": 100.0, "percent_covered_display": "100", "missing_lines": 0, "excluded_lines": 0}, "missing_lines": [], "excluded_lines": []}, "IntegrationService": {"executed_lines": [70, 71, 74, 75, 76, 77, 78, 79, 83, 102, 105, 114, 115, 117, 119, 120, 121, 126, 129, 130, 131, 132, 135, 136, 138, 147, 149, 150, 151, 153, 157, 160, 161, 162, 164, 173, 175, 176, 177, 179, 183, 185, 191, 192, 193, 194, 196, 198, 209, 210, 211, 212, 227, 237, 238, 242, 244, 245, 261, 262, 264, 265, 273, 275, 276, 281, 290, 291, 307, 308, 310, 311, 312, 319, 321, 322, 327, 337, 341, 357, 367, 370, 371, 373, 393, 411, 412, 413, 415, 430], "summary": {"covered_lines": 90, "num_statements": 90, "percent_covered": 100.0, "percent_covered_display": "100", "missing_lines": 0, "excluded_lines": 0}, "missing_lines": [], "excluded_lines": []}, "": {"executed_lines": [1, 8, 9, 10, 11, 13, 14, 15, 16, 17, 18, 20, 23, 24, 25, 27, 28, 29, 30, 31, 32, 33, 34, 35, 36, 37, 40, 41, 58, 85, 214, 247, 293, 343, 383, 401, 423], "summary": {"covered_lines": 34, "num_statements": 34, "percent_covered": 100.0, "percent_covered_display": "100", "missing_lines": 0, "excluded_lines": 0}, "missing_lines": [], "excluded_lines": []}}}, "main.py": {"executed_lines": [], "summary": {"covered_lines": 0, "num_statements": 63, "percent_covered": 0.0, "percent_covered_display": "0", "missing_lines": 63, "excluded_lines": 0}, "missing_lines": [11, 12, 13, 15, 16, 17, 18, 20, 21, 22, 23, 24, 28, 32, 35, 36, 45, 47, 48, 51, 52, 53, 54, 55, 56, 57, 59, 62, 63, 64, 65, 66, 67, 68, 70, 72, 75, 78, 79, 80, 81, 82, 83, 85, 89, 99, 109, 110, 112, 113, 124, 125, 132, 141, 144, 145, 149, 150, 152, 164, 165, 167, 169], "excluded_lines": [], "functions": {"lifespan": {"executed_lines": [], "summary": {"covered_lines": 0, "num_statements": 28, "percent_covered": 0.0, "percent_covered_display": "0", "missing_lines": 28, "excluded_lines": 0}, "missing_lines": [45, 47, 48, 51, 52, 53, 54, 55, 56, 57, 59, 62, 63, 64, 65, 66, 67, 68, 70, 72, 75, 78, 79, 80, 81, 82, 83, 85], "excluded_lines": []}, "global_exception_handler": {"executed_lines": [], "summary": {"covered_lines": 0, "num_statements": 2, "percent_covered": 0.0, "percent_covered_display": "0", "missing_lines": 2, "excluded_lines": 0}, "missing_lines": [112, 113], "excluded_lines": []}, "health_check": {"executed_lines": [], "summary": {"covered_lines": 0, "num_statements": 1, "percent_covered": 0.0, "percent_covered_display": "0", "missing_lines": 1, "excluded_lines": 0}, "missing_lines": [132], "excluded_lines": []}, "root": {"executed_lines": [], "summary": {"covered_lines": 0, "num_statements": 1, "percent_covered": 0.0, "percent_covered_display": "0", "missing_lines": 1, "excluded_lines": 0}, "missing_lines": [152], "excluded_lines": []}, "": {"executed_lines": [], "summary": {"covered_lines": 0, "num_statements": 31, "percent_covered": 0.0, "percent_covered_display": "0", "missing_lines": 31, "excluded_lines": 0}, "missing_lines": [11, 12, 13, 15, 16, 17, 18, 20, 21, 22, 23, 24, 28, 32, 35, 36, 89, 99, 109, 110, 124, 125, 141, 144, 145, 149, 150, 164, 165, 167, 169], "excluded_lines": []}}, "classes": {"": {"executed_lines": [], "summary": {"covered_lines": 0, "num_statements": 63, "percent_covered": 0.0, "percent_covered_display": "0", "missing_lines": 63, "excluded_lines": 0}, "missing_lines": [11, 12, 13, 15, 16, 17, 18, 20, 21, 22, 23, 24, 28, 32, 35, 36, 45, 47, 48, 51, 52, 53, 54, 55, 56, 57, 59, 62, 63, 64, 65, 66, 67, 68, 70, 72, 75, 78, 79, 80, 81, 82, 83, 85, 89, 99, 109, 110, 112, 113, 124, 125, 132, 141, 144, 145, 149, 150, 152, 164, 165, 167, 169], "excluded_lines": []}}}, "memory/__init__.py": {"executed_lines": [], "summary": {"covered_lines": 0, "num_statements": 5, "percent_covered": 0.0, "percent_covered_display": "0", "missing_lines": 5, "excluded_lines": 0}, "missing_lines": [15, 16, 17, 18, 21], "excluded_lines": [], "functions": {"": {"executed_lines": [], "summary": {"covered_lines": 0, "num_statements": 5, "percent_covered": 0.0, "percent_covered_display": "0", "missing_lines": 5, "excluded_lines": 0}, "missing_lines": [15, 16, 17, 18, 21], "excluded_lines": []}}, "classes": {"": {"executed_lines": [], "summary": {"covered_lines": 0, "num_statements": 5, "percent_covered": 0.0, "percent_covered_display": "0", "missing_lines": 5, "excluded_lines": 0}, "missing_lines": [15, 16, 17, 18, 21], "excluded_lines": []}}}, "memory/attack_memory.py": {"executed_lines": [], "summary": {"covered_lines": 0, "num_statements": 148, "percent_covered": 0.0, "percent_covered_display": "0", "missing_lines": 148, "excluded_lines": 0}, "missing_lines": [22, 23, 24, 25, 27, 28, 29, 30, 31, 34, 37, 48, 62, 63, 64, 66, 68, 75, 77, 78, 81, 82, 84, 86, 87, 88, 90, 110, 114, 123, 126, 129, 130, 133, 143, 149, 153, 155, 156, 157, 159, 169, 171, 188, 195, 196, 198, 199, 200, 202, 204, 209, 210, 211, 213, 215, 245, 247, 250, 251, 252, 255, 263, 264, 265, 266, 268, 269, 271, 275, 280, 282, 283, 284, 286, 304, 306, 313, 314, 317, 322, 323, 324, 325, 326, 328, 330, 331, 333, 335, 337, 341, 343, 344, 345, 347, 372, 382, 387, 389, 408, 416, 417, 418, 430, 432, 434, 441, 443, 444, 447, 452, 455, 457, 467, 468, 469, 471, 473, 474, 475, 477, 478, 480, 481, 482, 484, 486, 487, 488, 490, 491, 493, 494, 495, 497, 499, 501, 502, 504, 505, 507, 508, 510, 512, 514, 515, 516], "excluded_lines": [], "functions": {"AttackMemorySystem.__init__": {"executed_lines": [], "summary": {"covered_lines": 0, "num_statements": 4, "percent_covered": 0.0, "percent_covered_display": "0", "missing_lines": 4, "excluded_lines": 0}, "missing_lines": [62, 63, 64, 66], "excluded_lines": []}, "AttackMemorySystem.initialize": {"executed_lines": [], "summary": {"covered_lines": 0, "num_statements": 9, "percent_covered": 0.0, "percent_covered_display": "0", "missing_lines": 9, "excluded_lines": 0}, "missing_lines": [75, 77, 78, 81, 82, 84, 86, 87, 88], "excluded_lines": []}, "AttackMemorySystem.store_campaign": {"executed_lines": [], "summary": {"covered_lines": 0, "num_statements": 13, "percent_covered": 0.0, "percent_covered_display": "0", "missing_lines": 13, "excluded_lines": 0}, "missing_lines": [110, 114, 123, 126, 129, 130, 133, 143, 149, 153, 155, 156, 157], "excluded_lines": []}, "AttackMemorySystem.get_campaign": {"executed_lines": [], "summary": {"covered_lines": 0, "num_statements": 1, "percent_covered": 0.0, "percent_covered_display": "0", "missing_lines": 1, "excluded_lines": 0}, "missing_lines": [169], "excluded_lines": []}, "AttackMemorySystem.update_campaign_status": {"executed_lines": [], "summary": {"covered_lines": 0, "num_statements": 12, "percent_covered": 0.0, "percent_covered_display": "0", "missing_lines": 12, "excluded_lines": 0}, "missing_lines": [188, 195, 196, 198, 199, 200, 202, 204, 209, 210, 211, 213], "excluded_lines": []}, "AttackMemorySystem.find_similar_campaigns": {"executed_lines": [], "summary": {"covered_lines": 0, "num_statements": 18, "percent_covered": 0.0, "percent_covered_display": "0", "missing_lines": 18, "excluded_lines": 0}, "missing_lines": [245, 247, 250, 251, 252, 255, 263, 264, 265, 266, 268, 269, 271, 275, 280, 282, 283, 284], "excluded_lines": []}, "AttackMemorySystem.get_historical_context": {"executed_lines": [], "summary": {"covered_lines": 0, "num_statements": 20, "percent_covered": 0.0, "percent_covered_display": "0", "missing_lines": 20, "excluded_lines": 0}, "missing_lines": [304, 306, 313, 314, 317, 322, 323, 324, 325, 326, 328, 330, 331, 333, 335, 337, 341, 343, 344, 345], "excluded_lines": []}, "AttackMemorySystem.store_attack_memory": {"executed_lines": [], "summary": {"covered_lines": 0, "num_statements": 3, "percent_covered": 0.0, "percent_covered_display": "0", "missing_lines": 3, "excluded_lines": 0}, "missing_lines": [372, 382, 387], "excluded_lines": []}, "AttackMemorySystem.search_attack_memory": {"executed_lines": [], "summary": {"covered_lines": 0, "num_statements": 6, "percent_covered": 0.0, "percent_covered_display": "0", "missing_lines": 6, "excluded_lines": 0}, "missing_lines": [408, 416, 417, 418, 430, 432], "excluded_lines": []}, "AttackMemorySystem.get_statistics": {"executed_lines": [], "summary": {"covered_lines": 0, "num_statements": 10, "percent_covered": 0.0, "percent_covered_display": "0", "missing_lines": 10, "excluded_lines": 0}, "missing_lines": [441, 443, 444, 447, 452, 455, 457, 467, 468, 469], "excluded_lines": []}, "AttackMemorySystem._extract_action_types": {"executed_lines": [], "summary": {"covered_lines": 0, "num_statements": 8, "percent_covered": 0.0, "percent_covered_display": "0", "missing_lines": 8, "excluded_lines": 0}, "missing_lines": [473, 474, 475, 477, 478, 480, 481, 482], "excluded_lines": []}, "AttackMemorySystem._extract_techniques": {"executed_lines": [], "summary": {"covered_lines": 0, "num_statements": 8, "percent_covered": 0.0, "percent_covered_display": "0", "missing_lines": 8, "excluded_lines": 0}, "missing_lines": [486, 487, 488, 490, 491, 493, 494, 495], "excluded_lines": []}, "AttackMemorySystem._summarize_results": {"executed_lines": [], "summary": {"covered_lines": 0, "num_statements": 8, "percent_covered": 0.0, "percent_covered_display": "0", "missing_lines": 8, "excluded_lines": 0}, "missing_lines": [499, 501, 502, 504, 505, 507, 508, 510], "excluded_lines": []}, "AttackMemorySystem.close": {"executed_lines": [], "summary": {"covered_lines": 0, "num_statements": 3, "percent_covered": 0.0, "percent_covered_display": "0", "missing_lines": 3, "excluded_lines": 0}, "missing_lines": [514, 515, 516], "excluded_lines": []}, "": {"executed_lines": [], "summary": {"covered_lines": 0, "num_statements": 25, "percent_covered": 0.0, "percent_covered_display": "0", "missing_lines": 25, "excluded_lines": 0}, "missing_lines": [22, 23, 24, 25, 27, 28, 29, 30, 31, 34, 37, 48, 68, 90, 159, 171, 215, 286, 347, 389, 434, 471, 484, 497, 512], "excluded_lines": []}}, "classes": {"AttackMemorySystem": {"executed_lines": [], "summary": {"covered_lines": 0, "num_statements": 123, "percent_covered": 0.0, "percent_covered_display": "0", "missing_lines": 123, "excluded_lines": 0}, "missing_lines": [62, 63, 64, 66, 75, 77, 78, 81, 82, 84, 86, 87, 88, 110, 114, 123, 126, 129, 130, 133, 143, 149, 153, 155, 156, 157, 169, 188, 195, 196, 198, 199, 200, 202, 204, 209, 210, 211, 213, 245, 247, 250, 251, 252, 255, 263, 264, 265, 266, 268, 269, 271, 275, 280, 282, 283, 284, 304, 306, 313, 314, 317, 322, 323, 324, 325, 326, 328, 330, 331, 333, 335, 337, 341, 343, 344, 345, 372, 382, 387, 408, 416, 417, 418, 430, 432, 441, 443, 444, 447, 452, 455, 457, 467, 468, 469, 473, 474, 475, 477, 478, 480, 481, 482, 486, 487, 488, 490, 491, 493, 494, 495, 499, 501, 502, 504, 505, 507, 508, 510, 514, 515, 516], "excluded_lines": []}, "": {"executed_lines": [], "summary": {"covered_lines": 0, "num_statements": 25, "percent_covered": 0.0, "percent_covered_display": "0", "missing_lines": 25, "excluded_lines": 0}, "missing_lines": [22, 23, 24, 25, 27, 28, 29, 30, 31, 34, 37, 48, 68, 90, 159, 171, 215, 286, 347, 389, 434, 471, 484, 497, 512], "excluded_lines": []}}}, "memory/database.py": {"executed_lines": [], "summary": {"covered_lines": 0, "num_statements": 115, "percent_covered": 0.0, "percent_covered_display": "0", "missing_lines": 115, "excluded_lines": 0}, "missing_lines": [12, 13, 14, 15, 17, 18, 19, 21, 22, 25, 28, 38, 45, 48, 58, 64, 69, 76, 77, 78, 79, 80, 81, 83, 95, 98, 121, 131, 132, 133, 134, 135, 136, 138, 148, 149, 150, 151, 153, 170, 171, 172, 174, 175, 177, 178, 180, 181, 183, 184, 186, 187, 188, 190, 209, 210, 213, 214, 215, 216, 217, 219, 220, 223, 226, 228, 229, 232, 253, 261, 262, 263, 264, 265, 266, 268, 287, 288, 289, 291, 292, 294, 295, 296, 297, 298, 300, 301, 302, 305, 332, 343, 344, 345, 346, 347, 348, 350, 369, 370, 372, 373, 374, 375, 376, 377, 378, 380, 381, 383, 385, 386, 388, 390, 391], "excluded_lines": [], "functions": {"DatabaseManager.__init__": {"executed_lines": [], "summary": {"covered_lines": 0, "num_statements": 4, "percent_covered": 0.0, "percent_covered_display": "0", "missing_lines": 4, "excluded_lines": 0}, "missing_lines": [45, 48, 58, 64], "excluded_lines": []}, "DatabaseManager.init_db": {"executed_lines": [], "summary": {"covered_lines": 0, "num_statements": 6, "percent_covered": 0.0, "percent_covered_display": "0", "missing_lines": 6, "excluded_lines": 0}, "missing_lines": [76, 77, 78, 79, 80, 81], "excluded_lines": []}, "DatabaseManager.get_session": {"executed_lines": [], "summary": {"covered_lines": 0, "num_statements": 1, "percent_covered": 0.0, "percent_covered_display": "0", "missing_lines": 1, "excluded_lines": 0}, "missing_lines": [95], "excluded_lines": []}, "DatabaseManager.create_campaign": {"executed_lines": [], "summary": {"covered_lines": 0, "num_statements": 7, "percent_covered": 0.0, "percent_covered_display": "0", "missing_lines": 7, "excluded_lines": 0}, "missing_lines": [121, 131, 132, 133, 134, 135, 136], "excluded_lines": []}, "DatabaseManager.get_campaign": {"executed_lines": [], "summary": {"covered_lines": 0, "num_statements": 4, "percent_covered": 0.0, "percent_covered_display": "0", "missing_lines": 4, "excluded_lines": 0}, "missing_lines": [148, 149, 150, 151], "excluded_lines": []}, "DatabaseManager.update_campaign_status": {"executed_lines": [], "summary": {"covered_lines": 0, "num_statements": 14, "percent_covered": 0.0, "percent_covered_display": "0", "missing_lines": 14, "excluded_lines": 0}, "missing_lines": [170, 171, 172, 174, 175, 177, 178, 180, 181, 183, 184, 186, 187, 188], "excluded_lines": []}, "DatabaseManager.list_campaigns": {"executed_lines": [], "summary": {"covered_lines": 0, "num_statements": 13, "percent_covered": 0.0, "percent_covered_display": "0", "missing_lines": 13, "excluded_lines": 0}, "missing_lines": [209, 210, 213, 214, 215, 216, 217, 219, 220, 223, 226, 228, 229], "excluded_lines": []}, "DatabaseManager.create_hotl_decision": {"executed_lines": [], "summary": {"covered_lines": 0, "num_statements": 7, "percent_covered": 0.0, "percent_covered_display": "0", "missing_lines": 7, "excluded_lines": 0}, "missing_lines": [253, 261, 262, 263, 264, 265, 266], "excluded_lines": []}, "DatabaseManager.update_hotl_decision": {"executed_lines": [], "summary": {"covered_lines": 0, "num_statements": 13, "percent_covered": 0.0, "percent_covered_display": "0", "missing_lines": 13, "excluded_lines": 0}, "missing_lines": [287, 288, 289, 291, 292, 294, 295, 296, 297, 298, 300, 301, 302], "excluded_lines": []}, "DatabaseManager.store_attack_memory": {"executed_lines": [], "summary": {"covered_lines": 0, "num_statements": 7, "percent_covered": 0.0, "percent_covered_display": "0", "missing_lines": 7, "excluded_lines": 0}, "missing_lines": [332, 343, 344, 345, 346, 347, 348], "excluded_lines": []}, "DatabaseManager.search_attack_memory": {"executed_lines": [], "summary": {"covered_lines": 0, "num_statements": 14, "percent_covered": 0.0, "percent_covered_display": "0", "missing_lines": 14, "excluded_lines": 0}, "missing_lines": [369, 370, 372, 373, 374, 375, 376, 377, 378, 380, 381, 383, 385, 386], "excluded_lines": []}, "DatabaseManager.close": {"executed_lines": [], "summary": {"covered_lines": 0, "num_statements": 2, "percent_covered": 0.0, "percent_covered_display": "0", "missing_lines": 2, "excluded_lines": 0}, "missing_lines": [390, 391], "excluded_lines": []}, "": {"executed_lines": [], "summary": {"covered_lines": 0, "num_statements": 23, "percent_covered": 0.0, "percent_covered_display": "0", "missing_lines": 23, "excluded_lines": 0}, "missing_lines": [12, 13, 14, 15, 17, 18, 19, 21, 22, 25, 28, 38, 69, 83, 98, 138, 153, 190, 232, 268, 305, 350, 388], "excluded_lines": []}}, "classes": {"DatabaseManager": {"executed_lines": [], "summary": {"covered_lines": 0, "num_statements": 92, "percent_covered": 0.0, "percent_covered_display": "0", "missing_lines": 92, "excluded_lines": 0}, "missing_lines": [45, 48, 58, 64, 76, 77, 78, 79, 80, 81, 95, 121, 131, 132, 133, 134, 135, 136, 148, 149, 150, 151, 170, 171, 172, 174, 175, 177, 178, 180, 181, 183, 184, 186, 187, 188, 209, 210, 213, 214, 215, 216, 217, 219, 220, 223, 226, 228, 229, 253, 261, 262, 263, 264, 265, 266, 287, 288, 289, 291, 292, 294, 295, 296, 297, 298, 300, 301, 302, 332, 343, 344, 345, 346, 347, 348, 369, 370, 372, 373, 374, 375, 376, 377, 378, 380, 381, 383, 385, 386, 390, 391], "excluded_lines": []}, "": {"executed_lines": [], "summary": {"covered_lines": 0, "num_statements": 23, "percent_covered": 0.0, "percent_covered_display": "0", "missing_lines": 23, "excluded_lines": 0}, "missing_lines": [12, 13, 14, 15, 17, 18, 19, 21, 22, 25, 28, 38, 69, 83, 98, 138, 153, 190, 232, 268, 305, 350, 388], "excluded_lines": []}}}, "memory/embeddings.py": {"executed_lines": [], "summary": {"covered_lines": 0, "num_statements": 134, "percent_covered": 0.0, "percent_covered_display": "0", "missing_lines": 134, "excluded_lines": 0}, "missing_lines": [18, 19, 20, 21, 22, 23, 25, 26, 27, 29, 30, 33, 36, 48, 49, 50, 51, 53, 63, 65, 66, 69, 73, 75, 80, 100, 103, 108, 113, 115, 131, 134, 139, 141, 143, 162, 163, 166, 167, 168, 171, 172, 173, 174, 175, 178, 179, 182, 183, 184, 186, 188, 189, 190, 192, 203, 216, 218, 224, 227, 228, 233, 235, 237, 238, 239, 240, 241, 242, 244, 263, 265, 266, 267, 268, 269, 270, 272, 274, 279, 281, 298, 301, 304, 305, 306, 309, 310, 311, 314, 315, 316, 317, 318, 320, 322, 323, 325, 326, 328, 330, 331, 334, 335, 338, 339, 342, 344, 346, 356, 359, 362, 363, 364, 367, 368, 369, 372, 373, 374, 375, 376, 377, 380, 381, 383, 385, 387, 397, 399, 401, 402, 404, 411], "excluded_lines": [], "functions": {"EmbeddingGenerator.__init__": {"executed_lines": [], "summary": {"covered_lines": 0, "num_statements": 6, "percent_covered": 0.0, "percent_covered_display": "0", "missing_lines": 6, "excluded_lines": 0}, "missing_lines": [63, 65, 66, 69, 73, 75], "excluded_lines": []}, "EmbeddingGenerator.generate_campaign_embedding": {"executed_lines": [], "summary": {"covered_lines": 0, "num_statements": 4, "percent_covered": 0.0, "percent_covered_display": "0", "missing_lines": 4, "excluded_lines": 0}, "missing_lines": [100, 103, 108, 113], "excluded_lines": []}, "EmbeddingGenerator.generate_objective_embedding": {"executed_lines": [], "summary": {"covered_lines": 0, "num_statements": 4, "percent_covered": 0.0, "percent_covered_display": "0", "missing_lines": 4, "excluded_lines": 0}, "missing_lines": [131, 134, 139, 141], "excluded_lines": []}, "EmbeddingGenerator.generate_embedding": {"executed_lines": [], "summary": {"covered_lines": 0, "num_statements": 19, "percent_covered": 0.0, "percent_covered_display": "0", "missing_lines": 19, "excluded_lines": 0}, "missing_lines": [162, 163, 166, 167, 168, 171, 172, 173, 174, 175, 178, 179, 182, 183, 184, 186, 188, 189, 190], "excluded_lines": []}, "EmbeddingGenerator._generate_with_retry": {"executed_lines": [], "summary": {"covered_lines": 0, "num_statements": 13, "percent_covered": 0.0, "percent_covered_display": "0", "missing_lines": 13, "excluded_lines": 0}, "missing_lines": [216, 218, 224, 227, 228, 233, 235, 237, 238, 239, 240, 241, 242], "excluded_lines": []}, "EmbeddingGenerator.generate_batch_embeddings": {"executed_lines": [], "summary": {"covered_lines": 0, "num_statements": 10, "percent_covered": 0.0, "percent_covered_display": "0", "missing_lines": 10, "excluded_lines": 0}, "missing_lines": [263, 265, 266, 267, 268, 269, 270, 272, 274, 279], "excluded_lines": []}, "EmbeddingGenerator._serialize_campaign": {"executed_lines": [], "summary": {"covered_lines": 0, "num_statements": 27, "percent_covered": 0.0, "percent_covered_display": "0", "missing_lines": 27, "excluded_lines": 0}, "missing_lines": [298, 301, 304, 305, 306, 309, 310, 311, 314, 315, 316, 317, 318, 320, 322, 323, 325, 326, 328, 330, 331, 334, 335, 338, 339, 342, 344], "excluded_lines": []}, "EmbeddingGenerator._serialize_objective": {"executed_lines": [], "summary": {"covered_lines": 0, "num_statements": 18, "percent_covered": 0.0, "percent_covered_display": "0", "missing_lines": 18, "excluded_lines": 0}, "missing_lines": [356, 359, 362, 363, 364, 367, 368, 369, 372, 373, 374, 375, 376, 377, 380, 381, 383, 385], "excluded_lines": []}, "EmbeddingGenerator._get_cache_key": {"executed_lines": [], "summary": {"covered_lines": 0, "num_statements": 1, "percent_covered": 0.0, "percent_covered_display": "0", "missing_lines": 1, "excluded_lines": 0}, "missing_lines": [397], "excluded_lines": []}, "EmbeddingGenerator.clear_cache": {"executed_lines": [], "summary": {"covered_lines": 0, "num_statements": 2, "percent_covered": 0.0, "percent_covered_display": "0", "missing_lines": 2, "excluded_lines": 0}, "missing_lines": [401, 402], "excluded_lines": []}, "EmbeddingGenerator.get_cache_stats": {"executed_lines": [], "summary": {"covered_lines": 0, "num_statements": 1, "percent_covered": 0.0, "percent_covered_display": "0", "missing_lines": 1, "excluded_lines": 0}, "missing_lines": [411], "excluded_lines": []}, "": {"executed_lines": [], "summary": {"covered_lines": 0, "num_statements": 29, "percent_covered": 0.0, "percent_covered_display": "0", "missing_lines": 29, "excluded_lines": 0}, "missing_lines": [18, 19, 20, 21, 22, 23, 25, 26, 27, 29, 30, 33, 36, 48, 49, 50, 51, 53, 80, 115, 143, 192, 203, 244, 281, 346, 387, 399, 404], "excluded_lines": []}}, "classes": {"EmbeddingGenerator": {"executed_lines": [], "summary": {"covered_lines": 0, "num_statements": 105, "percent_covered": 0.0, "percent_covered_display": "0", "missing_lines": 105, "excluded_lines": 0}, "missing_lines": [63, 65, 66, 69, 73, 75, 100, 103, 108, 113, 131, 134, 139, 141, 162, 163, 166, 167, 168, 171, 172, 173, 174, 175, 178, 179, 182, 183, 184, 186, 188, 189, 190, 216, 218, 224, 227, 228, 233, 235, 237, 238, 239, 240, 241, 242, 263, 265, 266, 267, 268, 269, 270, 272, 274, 279, 298, 301, 304, 305, 306, 309, 310, 311, 314, 315, 316, 317, 318, 320, 322, 323, 325, 326, 328, 330, 331, 334, 335, 338, 339, 342, 344, 356, 359, 362, 363, 364, 367, 368, 369, 372, 373, 374, 375, 376, 377, 380, 381, 383, 385, 397, 401, 402, 411], "excluded_lines": []}, "": {"executed_lines": [], "summary": {"covered_lines": 0, "num_statements": 29, "percent_covered": 0.0, "percent_covered_display": "0", "missing_lines": 29, "excluded_lines": 0}, "missing_lines": [18, 19, 20, 21, 22, 23, 25, 26, 27, 29, 30, 33, 36, 48, 49, 50, 51, 53, 80, 115, 143, 192, 203, 244, 281, 346, 387, 399, 404], "excluded_lines": []}}}, "memory/vector_store.py": {"executed_lines": [], "summary": {"covered_lines": 0, "num_statements": 109, "percent_covered": 0.0, "percent_covered_display": "0", "missing_lines": 109, "excluded_lines": 0}, "missing_lines": [17, 18, 19, 20, 22, 23, 24, 26, 29, 32, 43, 44, 45, 47, 54, 57, 64, 69, 79, 81, 82, 86, 87, 88, 92, 93, 95, 96, 98, 100, 118, 123, 124, 125, 127, 147, 148, 153, 154, 157, 173, 179, 184, 186, 187, 191, 193, 223, 224, 229, 231, 232, 233, 236, 246, 247, 248, 249, 250, 252, 254, 259, 261, 262, 263, 265, 278, 279, 281, 288, 289, 290, 292, 293, 294, 296, 298, 299, 303, 305, 315, 316, 318, 326, 327, 329, 330, 334, 336, 346, 348, 349, 350, 356, 357, 363, 364, 370, 372, 379, 381, 388, 389, 393, 404, 405, 406, 408, 411], "excluded_lines": [], "functions": {"VectorStore.__init__": {"executed_lines": [], "summary": {"covered_lines": 0, "num_statements": 3, "percent_covered": 0.0, "percent_covered_display": "0", "missing_lines": 3, "excluded_lines": 0}, "missing_lines": [54, 57, 64], "excluded_lines": []}, "VectorStore.init_collection": {"executed_lines": [], "summary": {"covered_lines": 0, "num_statements": 16, "percent_covered": 0.0, "percent_covered_display": "0", "missing_lines": 16, "excluded_lines": 0}, "missing_lines": [79, 81, 82, 86, 87, 88, 92, 93, 95, 96, 98, 100, 118, 123, 124, 125], "excluded_lines": []}, "VectorStore.store_campaign_embedding": {"executed_lines": [], "summary": {"covered_lines": 0, "num_statements": 11, "percent_covered": 0.0, "percent_covered_display": "0", "missing_lines": 11, "excluded_lines": 0}, "missing_lines": [147, 148, 153, 154, 157, 173, 179, 184, 186, 187, 191], "excluded_lines": []}, "VectorStore.search_similar_campaigns": {"executed_lines": [], "summary": {"covered_lines": 0, "num_statements": 18, "percent_covered": 0.0, "percent_covered_display": "0", "missing_lines": 18, "excluded_lines": 0}, "missing_lines": [223, 224, 229, 231, 232, 233, 236, 246, 247, 248, 249, 250, 252, 254, 259, 261, 262, 263], "excluded_li
[...]
y": {"covered_lines": 4, "num_statements": 4, "percent_covered": 100.0, "percent_covered_display": "100", "missing_lines": 0, "excluded_lines": 0}, "missing_lines": [], "excluded_lines": []}, "test_finding_creation": {"executed_lines": [307, 308, 318, 319, 320], "summary": {"covered_lines": 5, "num_statements": 5, "percent_covered": 100.0, "percent_covered_display": "100", "missing_lines": 0, "excluded_lines": 0}, "missing_lines": [], "excluded_lines": []}, "test_recon_mission_creation": {"executed_lines": [325, 326, 335, 336, 337], "summary": {"covered_lines": 5, "num_statements": 5, "percent_covered": 100.0, "percent_covered_display": "100", "missing_lines": 0, "excluded_lines": 0}, "missing_lines": [], "excluded_lines": []}, "test_recon_phase_enum": {"executed_lines": [342, 343, 344, 345], "summary": {"covered_lines": 4, "num_statements": 4, "percent_covered": 100.0, "percent_covered_display": "100", "missing_lines": 0, "excluded_lines": 0}, "missing_lines": [], "excluded_lines": []}, "test_finding_type_enum": {"executed_lines": [350, 351, 352, 353, 354, 355, 356], "summary": {"covered_lines": 7, "num_statements": 7, "percent_covered": 100.0, "percent_covered_display": "100", "missing_lines": 0, "excluded_lines": 0}, "missing_lines": [], "excluded_lines": []}, "test_execute_phase_passive": {"executed_lines": [365, 371], "summary": {"covered_lines": 2, "num_statements": 2, "percent_covered": 100.0, "percent_covered_display": "100", "missing_lines": 0, "excluded_lines": 0}, "missing_lines": [], "excluded_lines": []}, "test_execute_phase_active": {"executed_lines": [380, 386], "summary": {"covered_lines": 2, "num_statements": 2, "percent_covered": 100.0, "percent_covered_display": "100", "missing_lines": 0, "excluded_lines": 0}, "missing_lines": [], "excluded_lines": []}, "test_execute_phase_deep_scan": {"executed_lines": [395, 401], "summary": {"covered_lines": 2, "num_statements": 2, "percent_covered": 100.0, "percent_covered_display": "100", "missing_lines": 0, "excluded_lines": 0}, "missing_lines": [], "excluded_lines": []}, "test_execute_phase_enumeration": {"executed_lines": [410, 416], "summary": {"covered_lines": 2, "num_statements": 2, "percent_covered": 100.0, "percent_covered_display": "100", "missing_lines": 0, "excluded_lines": 0}, "missing_lines": [], "excluded_lines": []}, "test_mission_updates_active_missions": {"executed_lines": [425, 427, 428], "summary": {"covered_lines": 3, "num_statements": 3, "percent_covered": 100.0, "percent_covered_display": "100", "missing_lines": 0, "excluded_lines": 0}, "missing_lines": [], "excluded_lines": []}, "test_mission_failure_handling": {"executed_lines": [435, 438, 439, 441, 451, 452, 454, 457], "summary": {"covered_lines": 8, "num_statements": 8, "percent_covered": 100.0, "percent_covered_display": "100", "missing_lines": 0, "excluded_lines": 0}, "missing_lines": [], "excluded_lines": []}, "test_mission_failure_handling.mock_execute_phase": {"executed_lines": [436], "summary": {"covered_lines": 1, "num_statements": 1, "percent_covered": 100.0, "percent_covered_display": "100", "missing_lines": 0, "excluded_lines": 0}, "missing_lines": [], "excluded_lines": []}, "": {"executed_lines": [1, 3, 4, 5, 6, 16, 17, 22, 23, 39, 40, 52, 53, 68, 69, 94, 95, 109, 110, 122, 123, 137, 138, 149, 150, 162, 163, 173, 174, 184, 192, 232, 253, 268, 275, 284, 292, 305, 323, 340, 348, 359, 360, 374, 375, 389, 390, 404, 405, 419, 420, 431, 432], "summary": {"covered_lines": 52, "num_statements": 52, "percent_covered": 100.0, "percent_covered_display": "100", "missing_lines": 0, "excluded_lines": 0}, "missing_lines": [], "excluded_lines": []}}, "classes": {"": {"executed_lines": [1, 3, 4, 5, 6, 16, 17, 19, 22, 23, 25, 39, 40, 42, 52, 53, 58, 60, 61, 62, 63, 64, 65, 68, 69, 74, 88, 90, 91, 94, 95, 97, 101, 103, 104, 105, 106, 109, 110, 112, 116, 119, 122, 123, 125, 129, 131, 132, 133, 134, 137, 138, 140, 144, 146, 149, 150, 152, 156, 159, 162, 163, 165, 167, 168, 169, 170, 173, 174, 176, 178, 179, 180, 181, 184, 186, 188, 189, 192, 194, 224, 226, 227, 228, 229, 232, 234, 244, 246, 247, 248, 249, 250, 253, 258, 260, 262, 263, 264, 265, 268, 270, 272, 275, 277, 278, 280, 281, 284, 286, 288, 289, 292, 294, 300, 301, 302, 305, 307, 308, 318, 319, 320, 323, 325, 326, 335, 336, 337, 340, 342, 343, 344, 345, 348, 350, 351, 352, 353, 354, 355, 356, 359, 360, 365, 371, 374, 375, 380, 386, 389, 390, 395, 401, 404, 405, 410, 416, 419, 420, 425, 427, 428, 431, 432, 435, 436, 438, 439, 441, 451, 452, 454, 457], "summary": {"covered_lines": 173, "num_statements": 173, "percent_covered": 100.0, "percent_covered_display": "100", "missing_lines": 0, "excluded_lines": 0}, "missing_lines": [], "excluded_lines": []}}}, "tests/test_vector_store.py": {"executed_lines": [], "summary": {"covered_lines": 0, "num_statements": 324, "percent_covered": 0.0, "percent_covered_display": "0", "missing_lines": 324, "excluded_lines": 0}, "missing_lines": [16, 17, 18, 19, 21, 22, 23, 26, 27, 30, 32, 33, 34, 36, 38, 39, 40, 41, 42, 44, 51, 53, 55, 62, 63, 64, 66, 68, 69, 76, 78, 79, 80, 85, 87, 88, 90, 93, 94, 97, 98, 100, 101, 102, 105, 106, 107, 109, 110, 113, 114, 115, 116, 117, 119, 120, 122, 123, 124, 127, 128, 129, 130, 131, 133, 134, 137, 138, 140, 141, 143, 144, 145, 148, 149, 150, 151, 152, 154, 155, 158, 159, 161, 162, 164, 165, 166, 169, 171, 173, 174, 176, 179, 180, 183, 184, 190, 191, 192, 194, 196, 197, 205, 211, 212, 215, 216, 217, 219, 220, 221, 222, 223, 225, 226, 228, 229, 230, 232, 234, 235, 237, 238, 244, 245, 247, 248, 254, 255, 256, 259, 261, 263, 265, 266, 272, 275, 276, 279, 280, 286, 287, 288, 291, 292, 293, 294, 300, 301, 302, 303, 309, 311, 313, 319, 320, 321, 322, 323, 325, 327, 328, 334, 335, 336, 337, 339, 341, 349, 350, 352, 353, 355, 356, 357, 359, 361, 363, 364, 369, 371, 372, 378, 379, 380, 383, 385, 387, 388, 393, 396, 397, 400, 401, 407, 408, 409, 412, 413, 414, 415, 417, 419, 420, 422, 423, 424, 425, 427, 428, 430, 431, 432, 435, 437, 439, 440, 442, 444, 445, 447, 448, 449, 452, 454, 456, 457, 459, 462, 463, 466, 467, 469, 470, 471, 473, 475, 476, 478, 479, 482, 483, 484, 486, 487, 489, 490, 491, 494, 496, 498, 499, 501, 504, 505, 508, 510, 511, 513, 515, 516, 517, 519, 521, 522, 524, 526, 527, 528, 530, 532, 533, 535, 537, 538, 539, 541, 543, 544, 546, 548, 549, 550, 552, 554, 555, 557, 563, 564, 567, 568, 571, 572, 574, 575, 576, 579, 580, 581, 582, 583, 585, 587, 589, 590, 591, 592, 593, 595, 596, 598, 599, 600, 603, 605, 607, 609, 610, 613, 614, 617, 619, 620, 623], "excluded_lines": [], "functions": {"TestVectorStoreInit.test_vector_store_init_default_config": {"executed_lines": [], "summary": {"covered_lines": 0, "num_statements": 10, "percent_covered": 0.0, "percent_covered_display": "0", "missing_lines": 10, "excluded_lines": 0}, "missing_lines": [32, 33, 34, 36, 38, 39, 40, 41, 42, 44], "excluded_lines": []}, "TestVectorStoreInit.test_vector_store_init_with_api_key": {"executed_lines": [], "summary": {"covered_lines": 0, "num_statements": 8, "percent_covered": 0.0, "percent_covered_display": "0", "missing_lines": 8, "excluded_lines": 0}, "missing_lines": [53, 55, 62, 63, 64, 66, 68, 69], "excluded_lines": []}, "TestVectorStoreInit.test_vector_store_init_no_config": {"executed_lines": [], "summary": {"covered_lines": 0, "num_statements": 7, "percent_covered": 0.0, "percent_covered_display": "0", "missing_lines": 7, "excluded_lines": 0}, "missing_lines": [78, 79, 80, 85, 87, 88, 90], "excluded_lines": []}, "TestCollectionInit.test_init_collection_creates_new": {"executed_lines": [], "summary": {"covered_lines": 0, "num_statements": 13, "percent_covered": 0.0, "percent_covered_display": "0", "missing_lines": 13, "excluded_lines": 0}, "missing_lines": [100, 101, 102, 105, 106, 107, 109, 110, 113, 114, 115, 116, 117], "excluded_lines": []}, "TestCollectionInit.test_init_collection_already_exists": {"executed_lines": [], "summary": {"covered_lines": 0, "num_statements": 12, "percent_covered": 0.0, "percent_covered_display": "0", "missing_lines": 12, "excluded_lines": 0}, "missing_lines": [122, 123, 124, 127, 128, 129, 130, 131, 133, 134, 137, 138], "excluded_lines": []}, "TestCollectionInit.test_init_collection_recreate": {"executed_lines": [], "summary": {"covered_lines": 0, "num_statements": 12, "percent_covered": 0.0, "percent_covered_display": "0", "missing_lines": 12, "excluded_lines": 0}, "missing_lines": [143, 144, 145, 148, 149, 150, 151, 152, 154, 155, 158, 159], "excluded_lines": []}, "TestCollectionInit.test_init_collection_error_handling": {"executed_lines": [], "summary": {"covered_lines": 0, "num_statements": 8, "percent_covered": 0.0, "percent_covered_display": "0", "missing_lines": 8, "excluded_lines": 0}, "missing_lines": [164, 165, 166, 169, 171, 173, 174, 176], "excluded_lines": []}, "TestStoreCampaignEmbedding.test_store_campaign_embedding_success": {"executed_lines": [], "summary": {"covered_lines": 0, "num_statements": 17, "percent_covered": 0.0, "percent_covered_display": "0", "missing_lines": 17, "excluded_lines": 0}, "missing_lines": [190, 191, 192, 194, 196, 197, 205, 211, 212, 215, 216, 217, 219, 220, 221, 222, 223], "excluded_lines": []}, "TestStoreCampaignEmbedding.test_store_campaign_embedding_wrong_dimension": {"executed_lines": [], "summary": {"covered_lines": 0, "num_statements": 10, "percent_covered": 0.0, "percent_covered_display": "0", "missing_lines": 10, "excluded_lines": 0}, "missing_lines": [228, 229, 230, 232, 234, 235, 237, 238, 244, 245], "excluded_lines": []}, "TestStoreCampaignEmbedding.test_store_campaign_embedding_upsert_error": {"executed_lines": [], "summary": {"covered_lines": 0, "num_statements": 9, "percent_covered": 0.0, "percent_covered_display": "0", "missing_lines": 9, "excluded_lines": 0}, "missing_lines": [254, 255, 256, 259, 261, 263, 265, 266, 272], "excluded_lines": []}, "TestSearchSimilarCampaigns.test_search_similar_campaigns_success": {"executed_lines": [], "summary": {"covered_lines": 0, "num_statements": 20, "percent_covered": 0.0, "percent_covered_display": "0", "missing_lines": 20, "excluded_lines": 0}, "missing_lines": [286, 287, 288, 291, 292, 293, 294, 300, 301, 302, 303, 309, 311, 313, 319, 320, 321, 322, 323, 325], "excluded_lines": []}, "TestSearchSimilarCampaigns.test_search_similar_campaigns_with_filters": {"executed_lines": [], "summary": {"covered_lines": 0, "num_statements": 8, "percent_covered": 0.0, "percent_covered_display": "0", "missing_lines": 8, "excluded_lines": 0}, "missing_lines": [334, 335, 336, 337, 339, 341, 349, 350], "excluded_lines": []}, "TestSearchSimilarCampaigns.test_search_similar_campaigns_wrong_dimension": {"executed_lines": [], "summary": {"covered_lines": 0, "num_statements": 8, "percent_covered": 0.0, "percent_covered_display": "0", "missing_lines": 8, "excluded_lines": 0}, "missing_lines": [355, 356, 357, 359, 361, 363, 364, 369], "excluded_lines": []}, "TestSearchSimilarCampaigns.test_search_similar_campaigns_error": {"executed_lines": [], "summary": {"covered_lines": 0, "num_statements": 8, "percent_covered": 0.0, "percent_covered_display": "0", "missing_lines": 8, "excluded_lines": 0}, "missing_lines": [378, 379, 380, 383, 385, 387, 388, 393], "excluded_lines": []}, "TestGetCampaignEmbedding.test_get_campaign_embedding_success": {"executed_lines": [], "summary": {"covered_lines": 0, "num_statements": 14, "percent_covered": 0.0, "percent_covered_display": "0", "missing_lines": 14, "excluded_lines": 0}, "missing_lines": [407, 408, 409, 412, 413, 414, 415, 417, 419, 420, 422, 423, 424, 425], "excluded_lines": []}, "TestGetCampaignEmbedding.test_get_campaign_embedding_not_found": {"executed_lines": [], "summary": {"covered_lines": 0, "num_statements": 8, "percent_covered": 0.0, "percent_covered_display": "0", "missing_lines": 8, "excluded_lines": 0}, "missing_lines": [430, 431, 432, 435, 437, 439, 440, 442], "excluded_lines": []}, "TestGetCampaignEmbedding.test_get_campaign_embedding_error": {"executed_lines": [], "summary": {"covered_lines": 0, "num_statements": 8, "percent_covered": 0.0, "percent_covered_display": "0", "missing_lines": 8, "excluded_lines": 0}, "missing_lines": [447, 448, 449, 452, 454, 456, 457, 459], "excluded_lines": []}, "TestDeleteCampaignEmbedding.test_delete_campaign_embedding_success": {"executed_lines": [], "summary": {"covered_lines": 0, "num_statements": 11, "percent_covered": 0.0, "percent_covered_display": "0", "missing_lines": 11, "excluded_lines": 0}, "missing_lines": [469, 470, 471, 473, 475, 476, 478, 479, 482, 483, 484], "excluded_lines": []}, "TestDeleteCampaignEmbedding.test_delete_campaign_embedding_error": {"executed_lines": [], "summary": {"covered_lines": 0, "num_statements": 8, "percent_covered": 0.0, "percent_covered_display": "0", "missing_lines": 8, "excluded_lines": 0}, "missing_lines": [489, 490, 491, 494, 496, 498, 499, 501], "excluded_lines": []}, "TestBuildFilter.test_build_filter_bool": {"executed_lines": [], "summary": {"covered_lines": 0, "num_statements": 6, "percent_covered": 0.0, "percent_covered_display": "0", "missing_lines": 6, "excluded_lines": 0}, "missing_lines": [510, 511, 513, 515, 516, 517], "excluded_lines": []}, "TestBuildFilter.test_build_filter_int": {"executed_lines": [], "summary": {"covered_lines": 0, "num_statements": 6, "percent_covered": 0.0, "percent_covered_display": "0", "missing_lines": 6, "excluded_lines": 0}, "missing_lines": [521, 522, 524, 526, 527, 528], "excluded_lines": []}, "TestBuildFilter.test_build_filter_string": {"executed_lines": [], "summary": {"covered_lines": 0, "num_statements": 6, "percent_covered": 0.0, "percent_covered_display": "0", "missing_lines": 6, "excluded_lines": 0}, "missing_lines": [532, 533, 535, 537, 538, 539], "excluded_lines": []}, "TestBuildFilter.test_build_filter_list": {"executed_lines": [], "summary": {"covered_lines": 0, "num_statements": 6, "percent_covered": 0.0, "percent_covered_display": "0", "missing_lines": 6, "excluded_lines": 0}, "missing_lines": [543, 544, 546, 548, 549, 550], "excluded_lines": []}, "TestBuildFilter.test_build_filter_multiple_conditions": {"executed_lines": [], "summary": {"covered_lines": 0, "num_statements": 5, "percent_covered": 0.0, "percent_covered_display": "0", "missing_lines": 5, "excluded_lines": 0}, "missing_lines": [554, 555, 557, 563, 564], "excluded_lines": []}, "TestGetCollectionInfo.test_get_collection_info_success": {"executed_lines": [], "summary": {"covered_lines": 0, "num_statements": 15, "percent_covered": 0.0, "percent_covered_display": "0", "missing_lines": 15, "excluded_lines": 0}, "missing_lines": [574, 575, 576, 579, 580, 581, 582, 583, 585, 587, 589, 590, 591, 592, 593], "excluded_lines": []}, "TestGetCollectionInfo.test_get_collection_info_error": {"executed_lines": [], "summary": {"covered_lines": 0, "num_statements": 8, "percent_covered": 0.0, "percent_covered_display": "0", "missing_lines": 8, "excluded_lines": 0}, "missing_lines": [598, 599, 600, 603, 605, 607, 609, 610], "excluded_lines": []}, "TestVectorStoreClose.test_close": {"executed_lines": [], "summary": {"covered_lines": 0, "num_statements": 3, "percent_covered": 0.0, "percent_covered_display": "0", "missing_lines": 3, "excluded_lines": 0}, "missing_lines": [619, 620, 623], "excluded_lines": []}, "": {"executed_lines": [], "summary": {"covered_lines": 0, "num_statements": 70, "percent_covered": 0.0, "percent_covered_display": "0", "missing_lines": 70, "excluded_lines": 0}, "missing_lines": [16, 17, 18, 19, 21, 22, 23, 26, 27, 30, 51, 76, 93, 94, 97, 98, 119, 120, 140, 141, 161, 162, 179, 180, 183, 184, 225, 226, 247, 248, 275, 276, 279, 280, 327, 328, 352, 353, 371, 372, 396, 397, 400, 401, 427, 428, 444, 445, 462, 463, 466, 467, 486, 487, 504, 505, 508, 519, 530, 541, 552, 567, 568, 571, 572, 595, 596, 613, 614, 617], "excluded_lines": []}}, "classes": {"TestVectorStoreInit": {"executed_lines": [], "summary": {"covered_lines": 0, "num_statements": 25, "percent_covered": 0.0, "percent_covered_display": "0", "missing_lines": 25, "excluded_lines": 0}, "missing_lines": [32, 33, 34, 36, 38, 39, 40, 41, 42, 44, 53, 55, 62, 63, 64, 66, 68, 69, 78, 79, 80, 85, 87, 88, 90], "excluded_lines": []}, "TestCollectionInit": {"executed_lines": [], "summary": {"covered_lines": 0, "num_statements": 45, "percent_covered": 0.0, "percent_covered_display": "0", "missing_lines": 45, "excluded_lines": 0}, "missing_lines": [100, 101, 102, 105, 106, 107, 109, 110, 113, 114, 115, 116, 117, 122, 123, 124, 127, 128, 129, 130, 131, 133, 134, 137, 138, 143, 144, 145, 148, 149, 150, 151, 152, 154, 155, 158, 159, 164, 165, 166, 169, 171, 173, 174, 176], "excluded_lines": []}, "TestStoreCampaignEmbedding": {"executed_lines": [], "summary": {"covered_lines": 0, "num_statements": 36, "percent_covered": 0.0, "percent_covered_display": "0", "missing_lines": 36, "excluded_lines": 0}, "missing_lines": [190, 191, 192, 194, 196, 197, 205, 211, 212, 215, 216, 217, 219, 220, 221, 222, 223, 228, 229, 230, 232, 234, 235, 237, 238, 244, 245, 254, 255, 256, 259, 261, 263, 265, 266, 272], "excluded_lines": []}, "TestSearchSimilarCampaigns": {"executed_lines": [], "summary": {"covered_lines": 0, "num_statements": 44, "percent_covered": 0.0, "percent_covered_display": "0", "missing_lines": 44, "excluded_lines": 0}, "missing_lines": [286, 287, 288, 291, 292, 293, 294, 300, 301, 302, 303, 309, 311, 313, 319, 320, 321, 322, 323, 325, 334, 335, 336, 337, 339, 341, 349, 350, 355, 356, 357, 359, 361, 363, 364, 369, 378, 379, 380, 383, 385, 387, 388, 393], "excluded_lines": []}, "TestGetCampaignEmbedding": {"executed_lines": [], "summary": {"covered_lines": 0, "num_statements": 30, "percent_covered": 0.0, "percent_covered_display": "0", "missing_lines": 30, "excluded_lines": 0}, "missing_lines": [407, 408, 409, 412, 413, 414, 415, 417, 419, 420, 422, 423, 424, 425, 430, 431, 432, 435, 437, 439, 440, 442, 447, 448, 449, 452, 454, 456, 457, 459], "excluded_lines": []}, "TestDeleteCampaignEmbedding": {"executed_lines": [], "summary": {"covered_lines": 0, "num_statements": 19, "percent_covered": 0.0, "percent_covered_display": "0", "missing_lines": 19, "excluded_lines": 0}, "missing_lines": [469, 470, 471, 473, 475, 476, 478, 479, 482, 483, 484, 489, 490, 491, 494, 496, 498, 499, 501], "excluded_lines": []}, "TestBuildFilter": {"executed_lines": [], "summary": {"covered_lines": 0, "num_statements": 29, "percent_covered": 0.0, "percent_covered_display": "0", "missing_lines": 29, "excluded_lines": 0}, "missing_lines": [510, 511, 513, 515, 516, 517, 521, 522, 524, 526, 527, 528, 532, 533, 535, 537, 538, 539, 543, 544, 546, 548, 549, 550, 554, 555, 557, 563, 564], "excluded_lines": []}, "TestGetCollectionInfo": {"executed_lines": [], "summary": {"covered_lines": 0, "num_statements": 23, "percent_covered": 0.0, "percent_covered_display": "0", "missing_lines": 23, "excluded_lines": 0}, "missing_lines": [574, 575, 576, 579, 580, 581, 582, 583, 585, 587, 589, 590, 591, 592, 593, 598, 599, 600, 603, 605, 607, 609, 610], "excluded_lines": []}, "TestVectorStoreClose": {"executed_lines": [], "summary": {"covered_lines": 0, "num_statements": 3, "percent_covered": 0.0, "percent_covered_display": "0", "missing_lines": 3, "excluded_lines": 0}, "missing_lines": [619, 620, 623], "excluded_lines": []}, "": {"executed_lines": [], "summary": {"covered_lines": 0, "num_statements": 70, "percent_covered": 0.0, "percent_covered_display": "0", "missing_lines": 70, "excluded_lines": 0}, "missing_lines": [16, 17, 18, 19, 21, 22, 23, 26, 27, 30, 51, 76, 93, 94, 97, 98, 119, 120, 140, 141, 161, 162, 179, 180, 183, 184, 225, 226, 247, 248, 275, 276, 279, 280, 327, 328, 352, 353, 371, 372, 396, 397, 400, 401, 427, 428, 444, 445, 462, 463, 466, 467, 486, 487, 504, 505, 508, 519, 530, 541, 552, 567, 568, 571, 572, 595, 596, 613, 614, 617], "excluded_lines": []}}}}, "totals": {"covered_lines": 2485, "num_statements": 5876, "percent_covered": 42.29067392784207, "percent_covered_display": "42", "missing_lines": 3391, "excluded_lines": 1}}