{"meta": {"format": 3, "version": "7.10.7", "timestamp": "2025-11-02T09:23:12.843515", "branch_coverage": false, "show_contexts": false}, "files": {"__init__.py": {"executed_lines": [1, 6], "summary": {"covered_lines": 1, "num_statements": 1, "percent_covered": 100.0, "percent_covered_display": "100", "missing_lines": 0, "excluded_lines": 0}, "missing_lines": [], "excluded_lines": [], "functions": {"": {"executed_lines": [1, 6], "summary": {"covered_lines": 1, "num_statements": 1, "percent_covered": 100.0, "percent_covered_display": "100", "missing_lines": 0, "excluded_lines": 0}, "missing_lines": [], "excluded_lines": []}}, "classes": {"": {"executed_lines": [1, 6], "summary": {"covered_lines": 1, "num_statements": 1, "percent_covered": 100.0, "percent_covered_display": "100", "missing_lines": 0, "excluded_lines": 0}, "missing_lines": [], "excluded_lines": []}}}, "api/__init__.py": {"executed_lines": [1, 7, 9], "summary": {"covered_lines": 2, "num_statements": 2, "percent_covered": 100.0, "percent_covered_display": "100", "missing_lines": 0, "excluded_lines": 0}, "missing_lines": [], "excluded_lines": [], "functions": {"": {"executed_lines": [1, 7, 9], "summary": {"covered_lines": 2, "num_statements": 2, "percent_covered": 100.0, "percent_covered_display": "100", "missing_lines": 0, "excluded_lines": 0}, "missing_lines": [], "excluded_lines": []}}, "classes": {"": {"executed_lines": [1, 7, 9], "summary": {"covered_lines": 2, "num_statements": 2, "percent_covered": 100.0, "percent_covered_display": "100", "missing_lines": 0, "excluded_lines": 0}, "missing_lines": [], "excluded_lines": []}}}, "api/routes.py": {"executed_lines": [1, 10, 11, 13, 14, 17, 21, 24, 28, 31, 34, 37, 39, 41, 42, 44, 45, 46, 50, 53, 54, 56, 59, 62, 67, 68, 70, 73, 78, 79, 92, 93, 95, 96, 102, 110, 111, 112, 113, 114, 120, 121, 123, 124, 126, 127, 133, 137, 138, 139, 140, 141, 144, 145, 147, 148, 150, 151, 157, 164, 165, 166, 167, 168, 171, 172, 174, 175, 177, 178, 184, 188, 189, 190, 191, 192, 195, 196, 198, 199, 201, 202, 208, 213, 214, 215, 216, 217, 220, 221, 233, 234, 236, 237, 242, 247, 249, 250, 251, 252, 253, 259, 260, 272, 273, 275, 276, 281, 286, 288, 295, 296, 297, 298, 299, 305, 306, 313, 314, 316, 317, 322, 324, 330, 331, 332], "summary": {"covered_lines": 123, "num_statements": 123, "percent_covered": 100.0, "percent_covered_display": "100", "missing_lines": 0, "excluded_lines": 0}, "missing_lines": [], "excluded_lines": [], "functions": {"set_mvp_service": {"executed_lines": [34], "summary": {"covered_lines": 1, "num_statements": 1, "percent_covered": 100.0, "percent_covered_display": "100", "missing_lines": 0, "excluded_lines": 0}, "missing_lines": [], "excluded_lines": []}, "get_mvp_service": {"executed_lines": [39, 41, 42, 44, 45, 46, 50], "summary": {"covered_lines": 7, "num_statements": 7, "percent_covered": 100.0, "percent_covered_display": "100", "missing_lines": 0, "excluded_lines": 0}, "missing_lines": [], "excluded_lines": []}, "generate_narrative": {"executed_lines": [92, 93, 95, 96, 102, 110, 111, 112, 113, 114], "summary": {"covered_lines": 10, "num_statements": 10, "percent_covered": 100.0, "percent_covered_display": "100", "missing_lines": 0, "excluded_lines": 0}, "missing_lines": [], "excluded_lines": []}, "get_narrative": {"executed_lines": [123, 124, 126, 127, 133, 137, 138, 139, 140, 141], "summary": {"covered_lines": 10, "num_statements": 10, "percent_covered": 100.0, "percent_covered_display": "100", "missing_lines": 0, "excluded_lines": 0}, "missing_lines": [], "excluded_lines": []}, "list_narratives": {"executed_lines": [147, 148, 150, 151, 157, 164, 165, 166, 167, 168], "summary": {"covered_lines": 10, "num_statements": 10, "percent_covered": 100.0, "percent_covered_display": "100", "missing_lines": 0, "excluded_lines": 0}, "missing_lines": [], "excluded_lines": []}, "delete_narrative": {"executed_lines": [174, 175, 177, 178, 184, 188, 189, 190, 191, 192], "summary": {"covered_lines": 10, "num_statements": 10, "percent_covered": 100.0, "percent_covered_display": "100", "missing_lines": 0, "excluded_lines": 0}, "missing_lines": [], "excluded_lines": []}, "synthesize_audio": {"executed_lines": [198, 199, 201, 202, 208, 213, 214, 215, 216, 217], "summary": {"covered_lines": 10, "num_statements": 10, "percent_covered": 100.0, "percent_covered_display": "100", "missing_lines": 0, "excluded_lines": 0}, "missing_lines": [], "excluded_lines": []}, "query_metrics": {"executed_lines": [233, 234, 236, 237, 242, 247, 249, 250, 251, 252, 253], "summary": {"covered_lines": 11, "num_statements": 11, "percent_covered": 100.0, "percent_covered_display": "100", "missing_lines": 0, "excluded_lines": 0}, "missing_lines": [], "excluded_lines": []}, "detect_anomalies": {"executed_lines": [272, 273, 275, 276, 281, 286, 288, 295, 296, 297, 298, 299], "summary": {"covered_lines": 12, "num_statements": 12, "percent_covered": 100.0, "percent_covered_display": "100", "missing_lines": 0, "excluded_lines": 0}, "missing_lines": [], "excluded_lines": []}, "get_status": {"executed_lines": [313, 314, 316, 317, 322, 324, 330, 331, 332], "summary": {"covered_lines": 9, "num_statements": 9, "percent_covered": 100.0, "percent_covered_display": "100", "missing_lines": 0, "excluded_lines": 0}, "missing_lines": [], "excluded_lines": []}, "": {"executed_lines": [1, 10, 11, 13, 14, 17, 21, 24, 28, 31, 37, 53, 54, 56, 59, 62, 67, 68, 70, 73, 78, 79, 120, 121, 144, 145, 171, 172, 195, 196, 220, 221, 259, 260, 305, 306], "summary": {"covered_lines": 33, "num_statements": 33, "percent_covered": 100.0, "percent_covered_display": "100", "missing_lines": 0, "excluded_lines": 0}, "missing_lines": [], "excluded_lines": []}}, "classes": {"GenerateNarrativeRequest": {"executed_lines": [], "summary": {"covered_lines": 0, "num_statements": 0, "percent_covered": 100.0, "percent_covered_display": "100", "missing_lines": 0, "excluded_lines": 0}, "missing_lines": [], "excluded_lines": []}, "MetricsQueryRequest": {"executed_lines": [], "summary": {"covered_lines": 0, "num_statements": 0, "percent_covered": 100.0, "percent_covered_display": "100", "missing_lines": 0, "excluded_lines": 0}, "missing_lines": [], "excluded_lines": []}, "": {"executed_lines": [1, 10, 11, 13, 14, 17, 21, 24, 28, 31, 34, 37, 39, 41, 42, 44, 45, 46, 50, 53, 54, 56, 59, 62, 67, 68, 70, 73, 78, 79, 92, 93, 95, 96, 102, 110, 111, 112, 113, 114, 120, 121, 123, 124, 126, 127, 133, 137, 138, 139, 140, 141, 144, 145, 147, 148, 150, 151, 157, 164, 165, 166, 167, 168, 171, 172, 174, 175, 177, 178, 184, 188, 189, 190, 191, 192, 195, 196, 198, 199, 201, 202, 208, 213, 214, 215, 216, 217, 220, 221, 233, 234, 236, 237, 242, 247, 249, 250, 251, 252, 253, 259, 260, 272, 273, 275, 276, 281, 286, 288, 295, 296, 297, 298, 299, 305, 306, 313, 314, 316, 317, 322, 324, 330, 331, 332], "summary": {"covered_lines": 123, "num_statements": 123, "percent_covered": 100.0, "percent_covered_display": "100", "missing_lines": 0, "excluded_lines": 0}, "missing_lines": [], "excluded_lines": []}}}, "core/__init__.py": {"executed_lines": [1, 12, 13, 15], "summary": {"covered_lines": 3, "num_statements": 3, "percent_covered": 100.0, "percent_covered_display": "100", "missing_lines": 0, "excluded_lines": 0}, "missing_lines": [], "excluded_lines": [], "functions": {"": {"executed_lines": [1, 12, 13, 15], "summary": {"covered_lines": 3, "num_statements": 3, "percent_covered": 100.0, "percent_covered_display": "100", "missing_lines": 0, "excluded_lines": 0}, "missing_lines": [], "excluded_lines": []}}, "classes": {"": {"executed_lines": [1, 12, 13, 15], "summary": {"covered_lines": 3, "num_statements": 3, "percent_covered": 100.0, "percent_covered_display": "100", "missing_lines": 0, "excluded_lines": 0}, "missing_lines": [], "excluded_lines": []}}}, "core/anomaly_detector.py": {"executed_lines": [1, 20, 21, 22, 23, 24, 26, 28, 31, 32, 33, 34, 35, 36, 39, 85, 86, 100, 110, 111, 113, 114, 115, 118, 121, 125, 156, 158, 160, 165, 166, 168, 169, 172, 173, 174, 177, 178, 179, 181, 184, 185, 186, 188, 189, 192, 193, 196, 202, 203, 206, 209, 213, 214, 215, 218, 221, 222, 227, 239, 242, 245, 251, 253, 254, 256, 270, 271, 273, 275, 276, 278, 287, 299, 300, 301, 302, 304, 305, 307, 321, 325, 327, 328, 329, 330, 331, 340], "summary": {"covered_lines": 86, "num_statements": 101, "percent_covered": 85.14851485148515, "percent_covered_display": "85", "missing_lines": 15, "excluded_lines": 0}, "missing_lines": [44, 45, 47, 54, 61, 68, 75, 82, 119, 187, 197, 198, 199, 210, 243], "excluded_lines": [], "functions": {"_init_metrics": {"executed_lines": [], "summary": {"covered_lines": 0, "num_statements": 8, "percent_covered": 0.0, "percent_covered_display": "0", "missing_lines": 8, "excluded_lines": 0}, "missing_lines": [44, 45, 47, 54, 61, 68, 75, 82], "excluded_lines": []}, "StatisticalAnomalyDetector.__init__": {"executed_lines": [110, 111, 113, 114, 115, 118, 121], "summary": {"covered_lines": 7, "num_statements": 8, "percent_covered": 87.5, "percent_covered_display": "88", "missing_lines": 1, "excluded_lines": 0}, "missing_lines": [119], "excluded_lines": []}, "StatisticalAnomalyDetector.detect_anomalies": {"executed_lines": [156, 158, 160, 165, 166, 168, 169, 172, 173, 174, 177, 178, 179, 181, 184, 185, 186, 188, 189, 192, 193, 196, 202, 203, 206, 209, 213, 214, 215, 218, 221, 222, 227, 239, 242, 245, 251, 253, 254], "summary": {"covered_lines": 39, "num_statements": 45, "percent_covered": 86.66666666666667, "percent_covered_display": "87", "missing_lines": 6, "excluded_lines": 0}, "missing_lines": [187, 197, 198, 199, 210, 243], "excluded_lines": []}, "StatisticalAnomalyDetector.get_baseline_stats": {"executed_lines": [270, 271, 273, 275, 276, 278], "summary": {"covered_lines": 6, "num_statements": 6, "percent_covered": 100.0, "percent_covered_display": "100", "missing_lines": 0, "excluded_lines": 0}, "missing_lines": [], "excluded_lines": []}, "StatisticalAnomalyDetector.reset_baseline": {"executed_lines": [299, 300, 301, 302, 304, 305], "summary": {"covered_lines": 6, "num_statements": 6, "percent_covered": 100.0, "percent_covered_display": "100", "missing_lines": 0, "excluded_lines": 0}, "missing_lines": [], "excluded_lines": []}, "StatisticalAnomalyDetector.get_metrics_summary": {"executed_lines": [321, 325, 327, 328, 329, 330, 331, 340], "summary": {"covered_lines": 8, "num_statements": 8, "percent_covered": 100.0, "percent_covered_display": "100", "missing_lines": 0, "excluded_lines": 0}, "missing_lines": [], "excluded_lines": []}, "": {"executed_lines": [1, 20, 21, 22, 23, 24, 26, 28, 31, 32, 33, 34, 35, 36, 39, 85, 86, 100, 125, 256, 287, 307], "summary": {"covered_lines": 20, "num_statements": 20, "percent_covered": 100.0, "percent_covered_display": "100", "missing_lines": 0, "excluded_lines": 0}, "missing_lines": [], "excluded_lines": []}}, "classes": {"StatisticalAnomalyDetector": {"executed_lines": [110, 111, 113, 114, 115, 118, 121, 156, 158, 160, 165, 166, 168, 169, 172, 173, 174, 177, 178, 179, 181, 184, 185, 186, 188, 189, 192, 193, 196, 202, 203, 206, 209, 213, 214, 215, 218, 221, 222, 227, 239, 242, 245, 251, 253, 254, 270, 271, 273, 275, 276, 278, 299, 300, 301, 302, 304, 305, 321, 325, 327, 328, 329, 330, 331, 340], "summary": {"covered_lines": 66, "num_statements": 73, "percent_covered": 90.41095890410959, "percent_covered_display": "90", "missing_lines": 7, "excluded_lines": 0}, "missing_lines": [119, 187, 197, 198, 199, 210, 243], "excluded_lines": []}, "": {"executed_lines": [1, 20, 21, 22, 23, 24, 26, 28, 31, 32, 33, 34, 35, 36, 39, 85, 86, 100, 125, 256, 287, 307], "summary": {"covered_lines": 20, "num_statements": 28, "percent_covered": 71.42857142857143, "percent_covered_display": "71", "missing_lines": 8, "excluded_lines": 0}, "missing_lines": [44, 45, 47, 54, 61, 68, 75, 82], "excluded_lines": []}}}, "core/cost_tracker.py": {"executed_lines": [1, 13, 14, 15, 16, 18, 20, 23, 24, 44, 50, 56, 71, 72, 75, 76, 79, 82, 84, 89, 116, 117, 120, 121, 122, 124, 125, 127, 129, 130, 131, 134, 135, 140, 141, 144, 145, 147, 170, 171, 176, 177, 183, 193, 198, 204, 205, 206, 207, 209, 214, 216, 225, 226, 228, 229, 231, 232, 233, 237, 242, 253, 254, 256, 257, 259, 260, 261, 265, 282, 296], "summary": {"covered_lines": 69, "num_statements": 78, "percent_covered": 88.46153846153847, "percent_covered_display": "88", "missing_lines": 9, "excluded_lines": 0}, "missing_lines": [188, 288, 289, 291, 292, 293, 294, 302, 303], "excluded_lines": [], "functions": {"CostTracker.__init__": {"executed_lines": [71, 72, 75, 76, 79, 82, 84], "summary": {"covered_lines": 7, "num_statements": 7, "percent_covered": 100.0, "percent_covered_display": "100", "missing_lines": 0, "excluded_lines": 0}, "missing_lines": [], "excluded_lines": []}, "CostTracker.track_request": {"executed_lines": [116, 117, 120, 121, 122, 124, 125, 127, 129, 130, 131, 134, 135, 140, 141, 144, 145, 147, 170, 171, 176, 177, 183, 193, 198, 204, 205, 206, 207, 209, 214], "summary": {"covered_lines": 31, "num_statements": 32, "percent_covered": 96.875, "percent_covered_display": "97", "missing_lines": 1, "excluded_lines": 0}, "missing_lines": [188], "excluded_lines": []}, "CostTracker.is_within_budget": {"executed_lines": [225, 226, 228, 229, 231, 232, 233, 237], "summary": {"covered_lines": 8, "num_statements": 8, "percent_covered": 100.0, "percent_covered_display": "100", "missing_lines": 0, "excluded_lines": 0}, "missing_lines": [], "excluded_lines": []}, "CostTracker.get_current_costs": {"executed_lines": [253, 254, 256, 257, 259, 260, 261, 265], "summary": {"covered_lines": 8, "num_statements": 8, "percent_covered": 100.0, "percent_covered_display": "100", "missing_lines": 0, "excluded_lines": 0}, "missing_lines": [], "excluded_lines": []}, "CostTracker.reset_daily_costs": {"executed_lines": [], "summary": {"covered_lines": 0, "num_statements": 6, "percent_covered": 0.0, "percent_covered_display": "0", "missing_lines": 6, "excluded_lines": 0}, "missing_lines": [288, 289, 291, 292, 293, 294], "excluded_lines": []}, "CostTracker.get_all_costs": {"executed_lines": [], "summary": {"covered_lines": 0, "num_statements": 2, "percent_covered": 0.0, "percent_covered_display": "0", "missing_lines": 2, "excluded_lines": 0}, "missing_lines": [302, 303], "excluded_lines": []}, "": {"executed_lines": [1, 13, 14, 15, 16, 18, 20, 23, 24, 44, 50, 56, 89, 216, 242, 282, 296], "summary": {"covered_lines": 15, "num_statements": 15, "percent_covered": 100.0, "percent_covered_display": "100", "missing_lines": 0, "excluded_lines": 0}, "missing_lines": [], "excluded_lines": []}}, "classes": {"CostTracker": {"executed_lines": [71, 72, 75, 76, 79, 82, 84, 116, 117, 120, 121, 122, 124, 125, 127, 129, 130, 131, 134, 135, 140, 141, 144, 145, 147, 170, 171, 176, 177, 183, 193, 198, 204, 205, 206, 207, 209, 214, 225, 226, 228, 229, 231, 232, 233, 237, 253, 254, 256, 257, 259, 260, 261, 265], "summary": {"covered_lines": 54, "num_statements": 63, "percent_covered": 85.71428571428571, "percent_covered_display": "86", "missing_lines": 9, "excluded_lines": 0}, "missing_lines": [188, 288, 289, 291, 292, 293, 294, 302, 303], "excluded_lines": []}, "": {"executed_lines": [1, 13, 14, 15, 16, 18, 20, 23, 24, 44, 50, 56, 89, 216, 242, 282, 296], "summary": {"covered_lines": 15, "num_statements": 15, "percent_covered": 100.0, "percent_covered_display": "100", "missing_lines": 0, "excluded_lines": 0}, "missing_lines": [], "excluded_lines": []}}}, "core/narrative_cache.py": {"executed_lines": [1, 20, 21, 22, 23, 24, 26, 28, 32, 36, 40, 45, 50, 51, 59, 75, 76, 77, 78, 80, 84, 97, 100, 103, 104, 106, 116, 118, 119, 121, 122, 123, 124, 126, 127, 129, 144, 146, 163, 164, 166, 167, 170, 171, 172, 173, 175, 177, 179, 181, 182, 185, 188, 189, 192, 194, 195, 196, 197, 199, 215, 217, 218, 220, 221, 222, 225, 228, 232, 240, 253, 254, 258, 259, 261, 264, 265, 267, 268, 270, 271, 272, 274, 275, 277, 278, 279, 285, 292, 293, 294, 301, 304, 305, 307, 308, 311, 313, 314, 316, 333, 348, 349, 352, 353, 356, 357, 360, 361, 364, 366], "summary": {"covered_lines": 109, "num_statements": 120, "percent_covered": 90.83333333333333, "percent_covered_display": "91", "missing_lines": 11, "excluded_lines": 0}, "missing_lines": [142, 237, 238, 255, 281, 282, 283, 326, 327, 328, 362], "excluded_lines": [], "functions": {"NarrativeCache.__init__": {"executed_lines": [75, 76, 77, 78, 80], "summary": {"covered_lines": 5, "num_statements": 5, "percent_covered": 100.0, "percent_covered_display": "100", "missing_lines": 0, "excluded_lines": 0}, "missing_lines": [], "excluded_lines": []}, "NarrativeCache._compute_metrics_hash": {"executed_lines": [97, 100, 103, 104], "summary": {"covered_lines": 4, "num_statements": 4, "percent_covered": 100.0, "percent_covered_display": "100", "missing_lines": 0, "excluded_lines": 0}, "missing_lines": [], "excluded_lines": []}, "NarrativeCache._normalize_metrics": {"executed_lines": [116, 118, 119, 121, 122, 123, 124, 126, 127, 129, 144], "summary": {"covered_lines": 11, "num_statements": 12, "percent_covered": 91.66666666666667, "percent_covered_display": "92", "missing_lines": 1, "excluded_lines": 0}, "missing_lines": [142], "excluded_lines": []}, "NarrativeCache.get_cached_narrative": {"executed_lines": [163, 164, 166, 167, 170, 171, 172, 173, 175, 177, 179, 181, 182, 185, 188, 189, 192, 194, 195, 196, 197], "summary": {"covered_lines": 21, "num_statements": 21, "percent_covered": 100.0, "percent_covered_display": "100", "missing_lines": 0, "excluded_lines": 0}, "missing_lines": [], "excluded_lines": []}, "NarrativeCache.cache_narrative": {"executed_lines": [215, 217, 218, 220, 221, 222, 225, 228, 232], "summary": {"covered_lines": 9, "num_statements": 11, "percent_covered": 81.81818181818181, "percent_covered_display": "82", "missing_lines": 2, "excluded_lines": 0}, "missing_lines": [237, 238], "excluded_lines": []}, "NarrativeCache.invalidate_cache": {"executed_lines": [253, 254, 258, 259, 261, 264, 265, 267, 268, 270, 271, 272, 274, 275, 277, 278, 279], "summary": {"covered_lines": 17, "num_statements": 21, "percent_covered": 80.95238095238095, "percent_covered_display": "81", "missing_lines": 4, "excluded_lines": 0}, "missing_lines": [255, 281, 282, 283], "excluded_lines": []}, "NarrativeCache.get_stats": {"executed_lines": [292, 293, 294, 301, 304, 305, 307, 308, 311, 313, 314, 316], "summary": {"covered_lines": 12, "num_statements": 15, "percent_covered": 80.0, "percent_covered_display": "80", "missing_lines": 3, "excluded_lines": 0}, "missing_lines": [326, 327, 328], "excluded_lines": []}, "NarrativeCache.compute_similarity": {"executed_lines": [348, 349, 352, 353, 356, 357, 360, 361, 364, 366], "summary": {"covered_lines": 10, "num_statements": 11, "percent_covered": 90.9090909090909, "percent_covered_display": "91", "missing_lines": 1, "excluded_lines": 0}, "missing_lines": [362], "excluded_lines": []}, "": {"executed_lines": [1, 20, 21, 22, 23, 24, 26, 28, 32, 36, 40, 45, 50, 51, 59, 84, 106, 146, 199, 240, 285, 333], "summary": {"covered_lines": 20, "num_statements": 20, "percent_covered": 100.0, "percent_covered_display": "100", "missing_lines": 0, "excluded_lines": 0}, "missing_lines": [], "excluded_lines": []}}, "classes": {"NarrativeCache": {"executed_lines": [75, 76, 77, 78, 80, 97, 100, 103, 104, 116, 118, 119, 121, 122, 123, 124, 126, 127, 129, 144, 163, 164, 166, 167, 170, 171, 172, 173, 175, 177, 179, 181, 182, 185, 188, 189, 192, 194, 195, 196, 197, 215, 217, 218, 220, 221, 222, 225, 228, 232, 253, 254, 258, 259, 261, 264, 265, 267, 268, 270, 271, 272, 274, 275, 277, 278, 279, 292, 293, 294, 301, 304, 305, 307, 308, 311, 313, 314, 316, 348, 349, 352, 353, 356, 357, 360, 361, 364, 366], "summary": {"covered_lines": 89, "num_statements": 100, "percent_covered": 89.0, "percent_covered_display": "89", "missing_lines": 11, "excluded_lines": 0}, "missing_lines": [142, 237, 238, 255, 281, 282, 283, 326, 327, 328, 362], "excluded_lines": []}, "": {"executed_lines": [1, 20, 21, 22, 23, 24, 26, 28, 32, 36, 40, 45, 50, 51, 59, 84, 106, 146, 199, 240, 285, 333], "summary": {"covered_lines": 20, "num_statements": 20, "percent_covered": 100.0, "percent_covered_display": "100", "missing_lines": 0, "excluded_lines": 0}, "missing_lines": [], "excluded_lines": []}}}, "core/narrative_engine.py": {"executed_lines": [1, 19, 20, 21, 23, 24, 26, 29, 30, 43, 53, 54, 58, 59, 60, 61, 63, 65, 74, 75, 78, 84, 85, 86, 88, 89, 90, 92, 94, 95, 96, 97, 98, 100, 107, 114, 133, 134, 136, 141, 143, 148, 156, 161, 163, 176, 181, 183, 184, 185, 187, 194, 217, 236, 242, 243, 246, 248, 249, 250, 251, 252, 253, 254, 256, 259, 260, 261, 262, 263, 268, 269, 270, 271, 272, 273, 274, 276, 282, 284, 300, 302, 303, 304, 305, 308, 309, 310, 318, 319, 329, 330, 331, 339, 340, 350, 351, 352, 360, 361, 371, 372, 373, 381, 382, 391], "summary": {"covered_lines": 104, "num_statements": 104, "percent_covered": 100.0, "percent_covered_display": "100", "missing_lines": 0, "excluded_lines": 0}, "missing_lines": [], "excluded_lines": [], "functions": {"NarrativeEngine.__init__": {"executed_lines": [53, 54, 58, 59, 60, 61, 63], "summary": {"covered_lines": 7, "num_statements": 7, "percent_covered": 100.0, "percent_covered_display": "100", "missing_lines": 0, "excluded_lines": 0}, "missing_lines": [], "excluded_lines": []}, "NarrativeEngine.initialize": {"executed_lines": [74, 75, 78, 84, 85, 86, 88, 89, 90], "summary": {"covered_lines": 9, "num_statements": 9, "percent_covered": 100.0, "percent_covered_display": "100", "missing_lines": 0, "excluded_lines": 0}, "missing_lines": [], "excluded_lines": []}, "NarrativeEngine.shutdown": {"executed_lines": [94, 95, 96, 97, 98], "summary": {"covered_lines": 5, "num_statements": 5, "percent_covered": 100.0, "percent_covered_display": "100", "missing_lines": 0, "excluded_lines": 0}, "missing_lines": [], "excluded_lines": []}, "NarrativeEngine.health_check": {"executed_lines": [107], "summary": {"covered_lines": 1, "num_statements": 1, "percent_covered": 100.0, "percent_covered_display": "100", "missing_lines": 0, "excluded_lines": 0}, "missing_lines": [], "excluded_lines": []}, "NarrativeEngine.generate_narrative": {"executed_lines": [133, 134, 136, 141, 143, 148, 156, 161, 163, 176, 181, 183, 184, 185], "summary": {"covered_lines": 14, "num_statements": 14, "percent_covered": 100.0, "percent_covered_display": "100", "missing_lines": 0, "excluded_lines": 0}, "missing_lines": [], "excluded_lines": []}, "NarrativeEngine._get_system_prompt": {"executed_lines": [194], "summary": {"covered_lines": 1, "num_statements": 1, "percent_covered": 100.0, "percent_covered_display": "100", "missing_lines": 0, "excluded_lines": 0}, "missing_lines": [], "excluded_lines": []}, "NarrativeEngine._build_narrative_prompt": {"executed_lines": [236, 242, 243, 246, 248, 249, 250, 251, 252, 253, 254, 256, 259, 260, 261, 262, 263, 268, 269, 270, 271, 272, 273, 274, 276, 282], "summary": {"covered_lines": 26, "num_statements": 26, "percent_covered": 100.0, "percent_covered_display": "100", "missing_lines": 0, "excluded_lines": 0}, "missing_lines": [], "excluded_lines": []}, "NarrativeEngine._detect_anomalies_in_metrics": {"executed_lines": [300, 302, 303, 304, 305, 308, 309, 310, 318, 319, 329, 330, 331, 339, 340, 350, 351, 352, 360, 361, 371, 372, 373, 381, 382, 391], "summary": {"covered_lines": 26, "num_statements": 26, "percent_covered": 100.0, "percent_covered_display": "100", "missing_lines": 0, "excluded_lines": 0}, "missing_lines": [], "excluded_lines": []}, "": {"executed_lines": [1, 19, 20, 21, 23, 24, 26, 29, 30, 43, 65, 92, 100, 114, 187, 217, 284], "summary": {"covered_lines": 15, "num_statements": 15, "percent_covered": 100.0, "percent_covered_display": "100", "missing_lines": 0, "excluded_lines": 0}, "missing_lines": [], "excluded_lines": []}}, "classes": {"NarrativeEngine": {"executed_lines": [53, 54, 58, 59, 60, 61, 63, 74, 75, 78, 84, 85, 86, 88, 89, 90, 94, 95, 96, 97, 98, 107, 133, 134, 136, 141, 143, 148, 156, 161, 163, 176, 181, 183, 184, 185, 194, 236, 242, 243, 246, 248, 249, 250, 251, 252, 253, 254, 256, 259, 260, 261, 262, 263, 268, 269, 270, 271, 272, 273, 274, 276, 282, 300, 302, 303, 304, 305, 308, 309, 310, 318, 319, 329, 330, 331, 339, 340, 350, 351, 352, 360, 361, 371, 372, 373, 381, 382, 391], "summary": {"covered_lines": 89, "num_statements": 89, "percent_covered": 100.0, "percent_covered_display": "100", "missing_lines": 0, "excluded_lines": 0}, "missing_lines": [], "excluded_lines": []}, "": {"executed_lines": [1, 19, 20, 21, 23, 24, 26, 29, 30, 43, 65, 92, 100, 114, 187, 217, 284], "summary": {"covered_lines": 15, "num_statements": 15, "percent_covered": 100.0, "percent_covered_display": "100", "missing_lines": 0, "excluded_lines": 0}, "missing_lines": [], "excluded_lines": []}}}, "core/rate_limiter.py": {"executed_lines": [1, 13, 14, 15, 16, 18, 20, 23, 24, 42, 48, 54, 60, 73, 74, 75, 78, 81, 84, 86, 91, 110, 112, 114, 115, 118, 121, 122, 125, 126, 129, 139, 140, 141, 144, 151, 152, 153, 156, 163, 164, 165, 167, 168, 169, 170, 174, 175, 182, 183, 184, 187, 188, 189, 190, 193, 195, 200, 202, 208, 209, 210, 212, 214, 216, 217, 219, 236, 242, 243, 244, 245, 247, 252, 253, 254, 255, 257, 269, 271, 272, 274, 275, 281, 282, 284, 291, 297, 298, 300, 301, 302, 303, 305, 306, 308], "summary": {"covered_lines": 94, "num_statements": 94, "percent_covered": 100.0, "percent_covered_display": "100", "missing_lines": 0, "excluded_lines": 0}, "missing_lines": [], "excluded_lines": [], "functions": {"NarrativeRateLimiter.__init__": {"executed_lines": [73, 74, 75, 78, 81, 84, 86], "summary": {"covered_lines": 7, "num_statements": 7, "percent_covered": 100.0, "percent_covered_display": "100", "missing_lines": 0, "excluded_lines": 0}, "missing_lines": [], "excluded_lines": []}, "NarrativeRateLimiter.check_rate_limit": {"executed_lines": [110, 112, 114, 115, 118, 121, 122, 125, 126, 129, 139, 140, 141, 144, 151, 152, 153, 156, 163, 164, 165, 167, 168, 169, 170, 174, 175, 182, 183, 184, 187, 188, 189, 190, 193, 195, 200], "summary": {"covered_lines": 37, "num_statements": 37, "percent_covered": 100.0, "percent_covered_display": "100", "missing_lines": 0, "excluded_lines": 0}, "missing_lines": [], "excluded_lines": []}, "NarrativeRateLimiter.get_rate_limit_status": {"executed_lines": [208, 209, 210, 212, 214, 216, 217, 219], "summary": {"covered_lines": 8, "num_statements": 8, "percent_covered": 100.0, "percent_covered_display": "100", "missing_lines": 0, "excluded_lines": 0}, "missing_lines": [], "excluded_lines": []}, "NarrativeRateLimiter.reset_service_cooldown": {"executed_lines": [242, 243, 244, 245], "summary": {"covered_lines": 4, "num_statements": 4, "percent_covered": 100.0, "percent_covered_display": "100", "missing_lines": 0, "excluded_lines": 0}, "missing_lines": [], "excluded_lines": []}, "NarrativeRateLimiter.reset_all_limits": {"executed_lines": [252, 253, 254, 255], "summary": {"covered_lines": 4, "num_statements": 4, "percent_covered": 100.0, "percent_covered_display": "100", "missing_lines": 0, "excluded_lines": 0}, "missing_lines": [], "excluded_lines": []}, "NarrativeRateLimiter.get_service_cooldown": {"executed_lines": [269, 271, 272, 274, 275, 281, 282, 284], "summary": {"covered_lines": 8, "num_statements": 8, "percent_covered": 100.0, "percent_covered_display": "100", "missing_lines": 0, "excluded_lines": 0}, "missing_lines": [], "excluded_lines": []}, "NarrativeRateLimiter.cleanup_old_entries": {"executed_lines": [297, 298, 300, 301, 302, 303, 305, 306, 308], "summary": {"covered_lines": 9, "num_statements": 9, "percent_covered": 100.0, "percent_covered_display": "100", "missing_lines": 0, "excluded_lines": 0}, "missing_lines": [], "excluded_lines": []}, "": {"executed_lines": [1, 13, 14, 15, 16, 18, 20, 23, 24, 42, 48, 54, 60, 91, 202, 236, 247, 257, 291], "summary": {"covered_lines": 17, "num_statements": 17, "percent_covered": 100.0, "percent_covered_display": "100", "missing_lines": 0, "excluded_lines": 0}, "missing_lines": [], "excluded_lines": []}}, "classes": {"NarrativeRateLimiter": {"executed_lines": [73, 74, 75, 78, 81, 84, 86, 110, 112, 114, 115, 118, 121, 122, 125, 126, 129, 139, 140, 141, 144, 151, 152, 153, 156, 163, 164, 165, 167, 168, 169, 170, 174, 175, 182, 183, 184, 187, 188, 189, 190, 193, 195, 200, 208, 209, 210, 212, 214, 216, 217, 219, 242, 243, 244, 245, 252, 253, 254, 255, 269, 271, 272, 274, 275, 281, 282, 284, 297, 298, 300, 301, 302, 303, 305, 306, 308], "summary": {"covered_lines": 77, "num_statements": 77, "percent_covered": 100.0, "percent_covered_display": "100", "missing_lines": 0, "excluded_lines": 0}, "missing_lines": [], "excluded_lines": []}, "": {"executed_lines": [1, 13, 14, 15, 16, 18, 20, 23, 24, 42, 48, 54, 60, 91, 202, 236, 247, 257, 291], "summary": {"covered_lines": 17, "num_statements": 17, "percent_covered": 100.0, "percent_covered_display": "100", "missing_lines": 0, "excluded_lines": 0}, "missing_lines": [], "excluded_lines": []}}}, "core/system_observer.py": {"executed_lines": [1, 19, 20, 21, 22, 24, 25, 27, 30, 31, 46, 50, 54, 66, 67, 68, 69, 70, 72, 77, 86, 87, 92, 93, 94, 102, 103, 104, 106, 107, 108, 110, 112, 113, 114, 115, 116, 117, 119, 126, 127, 130, 131, 132, 137, 141, 143, 158, 171, 172, 174, 178, 180, 185, 188, 201, 206, 208, 209, 210, 212, 225, 226, 229, 252, 253, 255, 258, 259, 261, 263, 264, 265, 266, 267, 268, 270, 272, 286, 287, 290, 291, 292, 293, 294, 295, 296, 299, 301, 309, 310, 311, 313, 326, 327, 329, 330, 332, 333, 335, 336, 337, 338, 340, 341, 342, 344, 345, 346, 348, 349, 350, 352, 359, 362, 371, 376, 378, 379, 380, 381, 382, 383, 385, 387, 400, 401, 403, 404, 406, 409, 410, 411, 412, 413, 415, 422, 423, 429, 430, 436, 437, 438, 440, 450, 452, 453, 454, 455, 456, 457, 458, 459, 461], "summary": {"covered_lines": 152, "num_statements": 157, "percent_covered": 96.81528662420382, "percent_covered_display": "97", "missing_lines": 5, "excluded_lines": 0}, "missing_lines": [95, 96, 97, 133, 134], "excluded_lines": [], "functions": {"SystemObserver.__init__": {"executed_lines": [66, 67, 68, 69, 70, 72], "summary": {"covered_lines": 6, "num_statements": 6, "percent_covered": 100.0, "percent_covered_display": "100", "missing_lines": 0, "excluded_lines": 0}, "missing_lines": [], "excluded_lines": []}, "SystemObserver.initialize": {"executed_lines": [86, 87, 92, 93, 94, 102, 103, 104, 106, 107, 108], "summary": {"covered_lines": 11, "num_statements": 14, "percent_covered": 78.57142857142857, "percent_covered_display": "79", "missing_lines": 3, "excluded_lines": 0}, "missing_lines": [95, 96, 97], "excluded_lines": []}, "SystemObserver.shutdown": {"executed_lines": [112, 113, 114, 115, 116, 117], "summary": {"covered_lines": 6, "num_statements": 6, "percent_covered": 100.0, "percent_covered_display": "100", "missing_lines": 0, "excluded_lines": 0}, "missing_lines": [], "excluded_lines": []}, "SystemObserver.health_check": {"executed_lines": [126, 127, 130, 131, 132, 137, 141, 143], "summary": {"covered_lines": 8, "num_statements": 10, "percent_covered": 80.0, "percent_covered_display": "80", "missing_lines": 2, "excluded_lines": 0}, "missing_lines": [133, 134], "excluded_lines": []}, "SystemObserver.collect_metrics": {"executed_lines": [171, 172, 174, 178, 180, 185, 188, 201, 206, 208, 209, 210], "summary": {"covered_lines": 12, "num_statements": 12, "percent_covered": 100.0, "percent_covered_display": "100", "missing_lines": 0, "excluded_lines": 0}, "missing_lines": [], "excluded_lines": []}, "SystemObserver._collect_prometheus_metrics": {"executed_lines": [225, 226, 229, 252, 253, 255, 258, 259, 261, 263, 264, 265, 266, 267, 268, 270], "summary": {"covered_lines": 16, "num_statements": 16, "percent_covered": 100.0, "percent_covered_display": "100", "missing_lines": 0, "excluded_lines": 0}, "missing_lines": [], "excluded_lines": []}, "SystemObserver._query_and_format_metric": {"executed_lines": [286, 287, 290, 291, 292, 293, 294, 295, 296, 299, 301, 309, 310, 311], "summary": {"covered_lines": 14, "num_statements": 14, "percent_covered": 100.0, "percent_covered_display": "100", "missing_lines": 0, "excluded_lines": 0}, "missing_lines": [], "excluded_lines": []}, "SystemObserver._query_prometheus": {"executed_lines": [326, 327, 329, 330, 332, 333, 335, 336, 337, 338, 340, 341, 342, 344, 345, 346, 348, 349, 350], "summary": {"covered_lines": 19, "num_statements": 19, "percent_covered": 100.0, "percent_covered_display": "100", "missing_lines": 0, "excluded_lines": 0}, "missing_lines": [], "excluded_lines": []}, "SystemObserver._collect_service_health": {"executed_lines": [359, 362, 371, 376, 378, 379, 380, 381, 382, 383, 385], "summary": {"covered_lines": 11, "num_statements": 11, "percent_covered": 100.0, "percent_covered_display": "100", "missing_lines": 0, "excluded_lines": 0}, "missing_lines": [], "excluded_lines": []}, "SystemObserver._check_service_health": {"executed_lines": [400, 401, 403, 404, 406, 409, 410, 411, 412, 413, 415, 422, 423, 429, 430, 436, 437, 438], "summary": {"covered_lines": 18, "num_statements": 18, "percent_covered": 100.0, "percent_covered_display": "100", "missing_lines": 0, "excluded_lines": 0}, "missing_lines": [], "excluded_lines": []}, "SystemObserver._determine_metric_unit": {"executed_lines": [450, 452, 453, 454, 455, 456, 457, 458, 459, 461], "summary": {"covered_lines": 10, "num_statements": 10, "percent_covered": 100.0, "percent_covered_display": "100", "missing_lines": 0, "excluded_lines": 0}, "missing_lines": [], "excluded_lines": []}, "": {"executed_lines": [1, 19, 20, 21, 22, 24, 25, 27, 30, 31, 46, 50, 54, 77, 110, 119, 158, 212, 272, 313, 352, 387, 440], "summary": {"covered_lines": 21, "num_statements": 21, "percent_covered": 100.0, "percent_covered_display": "100", "missing_lines": 0, "excluded_lines": 0}, "missing_lines": [], "excluded_lines": []}}, "classes": {"SystemObserver": {"executed_lines": [66, 67, 68, 69, 70, 72, 86, 87, 92, 93, 94, 102, 103, 104, 106, 107, 108, 112, 113, 114, 115, 116, 117, 126, 127, 130, 131, 132, 137, 141, 143, 171, 172, 174, 178, 180, 185, 188, 201, 206, 208, 209, 210, 225, 226, 229, 252, 253, 255, 258, 259, 261, 263, 264, 265, 266, 267, 268, 270, 286, 287, 290, 291, 292, 293, 294, 295, 296, 299, 301, 309, 310, 311, 326, 327, 329, 330, 332, 333, 335, 336, 337, 338, 340, 341, 342, 344, 345, 346, 348, 349, 350, 359, 362, 371, 376, 378, 379, 380, 381, 382, 383, 385, 400, 401, 403, 404, 406, 409, 410, 411, 412, 413, 415, 422, 423, 429, 430, 436, 437, 438, 450, 452, 453, 454, 455, 456, 457, 458, 459, 461], "summary": {"covered_lines": 131, "num_statements": 136, "percent_covered": 96.32352941176471, "percent_covered_display": "96", "missing_lines": 5, "excluded_lines": 0}, "missing_lines": [95, 96, 97, 133, 134], "excluded_lines": []}, "": {"executed_lines": [1, 19, 20, 21, 22, 24, 25, 27, 30, 31, 46, 50, 54, 77, 110, 119, 158, 212, 272, 313, 352, 387, 440], "summary": {"covered_lines": 21, "num_statements": 21, "percent_covered": 100.0, "percent_covered_display": "100", "missing_lines": 0, "excluded_lines": 0}, "missing_lines": [], "excluded_lines": []}}}, "main.py": {"executed_lines": [1, 19, 20, 21, 22, 23, 25, 26, 27, 28, 29, 33, 36, 39, 42, 46, 49, 50, 53, 54, 132, 140, 144, 153, 156, 158, 161, 162, 164, 166, 168, 169, 171, 172, 174, 175, 181, 182, 191, 192, 194, 210, 239], "summary": {"covered_lines": 42, "num_statements": 90, "percent_covered": 46.666666666666664, "percent_covered_display": "47", "missing_lines": 48, "excluded_lines": 0}, "missing_lines": [62, 64, 66, 75, 78, 81, 82, 92, 93, 94, 95, 97, 99, 101, 102, 103, 107, 110, 111, 112, 113, 114, 115, 118, 119, 120, 121, 122, 125, 126, 128, 176, 177, 178, 184, 213, 214, 217, 218, 219, 220, 221, 222, 225, 226, 227, 229, 240], "excluded_lines": [], "functions": {"lifespan": {"executed_lines": [], "summary": {"covered_lines": 0, "num_statements": 31, "percent_covered": 0.0, "percent_covered_display": "0", "missing_lines": 31, "excluded_lines": 0}, "missing_lines": [62, 64, 66, 75, 78, 81, 82, 92, 93, 94, 95, 97, 99, 101, 102, 103, 107, 110, 111, 112, 113, 114, 115, 118, 119, 120, 121, 122, 125, 126, 128], "excluded_lines": []}, "health_check": {"executed_lines": [164, 166, 168, 169, 171, 172, 174, 175], "summary": {"covered_lines": 8, "num_statements": 11, "percent_covered": 72.72727272727273, "percent_covered_display": "73", "missing_lines": 3, "excluded_lines": 0}, "missing_lines": [176, 177, 178], "excluded_lines": []}, "metrics": {"executed_lines": [], "summary": {"covered_lines": 0, "num_statements": 1, "percent_covered": 0.0, "percent_covered_display": "0", "missing_lines": 1, "excluded_lines": 0}, "missing_lines": [184], "excluded_lines": []}, "root": {"executed_lines": [194], "summary": {"covered_lines": 1, "num_statements": 1, "percent_covered": 100.0, "percent_covered_display": "100", "missing_lines": 0, "excluded_lines": 0}, "missing_lines": [], "excluded_lines": []}, "main": {"executed_lines": [], "summary": {"covered_lines": 0, "num_statements": 12, "percent_covered": 0.0, "percent_covered_display": "0", "missing_lines": 12, "excluded_lines": 0}, "missing_lines": [213, 214, 217, 218, 219, 220, 221, 222, 225, 226, 227, 229], "excluded_lines": []}, "": {"executed_lines": [1, 19, 20, 21, 22, 23, 25, 26, 27, 28, 29, 33, 36, 39, 42, 46, 49, 50, 53, 54, 132, 140, 144, 153, 156, 158, 161, 162, 181, 182, 191, 192, 210, 239], "summary": {"covered_lines": 33, "num_statements": 34, "percent_covered": 97.05882352941177, "percent_covered_display": "97", "missing_lines": 1, "excluded_lines": 0}, "missing_lines": [240], "excluded_lines": []}}, "classes": {"": {"executed_lines": [1, 19, 20, 21, 22, 23, 25, 26, 27, 28, 29, 33, 36, 39, 42, 46, 49, 50, 53, 54, 132, 140, 144, 153, 156, 158, 161, 162, 164, 166, 168, 169, 171, 172, 174, 175, 181, 182, 191, 192, 194, 210, 239], "summary": {"covered_lines": 42, "num_statements": 90, "percent_covered": 46.666666666666664, "percent_covered_display": "47", "missing_lines": 48, "excluded_lines": 0}, "missing_lines": [62, 64, 66, 75, 78, 81, 82, 92, 93, 94, 95, 97, 99, 101, 102, 103, 107, 110, 111, 112, 113, 114, 115, 118, 119, 120, 121, 122, 125, 126, 128, 176, 177, 178, 184, 213, 214, 217, 218, 219, 220, 221, 222, 225, 226, 227, 229, 240], "excluded_lines": []}}}, "models.py": {"executed_lines": [1, 6, 7, 8, 9, 10, 12, 15, 16, 17, 20, 22, 25, 26, 28, 29, 30, 31, 34, 35, 37, 38, 39, 44, 45, 47, 48, 49, 50, 53, 54, 56, 62, 63, 64, 66, 67, 68, 72, 73, 75, 81, 82, 84, 85, 87, 88, 89, 90, 92, 93, 94, 95, 96, 97, 98, 99, 101, 102, 103, 105, 106, 108, 110, 111, 113, 115, 116, 118, 119], "summary": {"covered_lines": 65, "num_statements": 65, "percent_covered": 100.0, "percent_covered_display": "100", "missing_lines": 0, "excluded_lines": 0}, "missing_lines": [], "excluded_lines": [], "functions": {"MVPService.__init__": {"executed_lines": [62, 63, 64], "summary": {"covered_lines": 3, "num_statements": 3, "percent_covered": 100.0, "percent_covered_display": "100", "missing_lines": 0, "excluded_lines": 0}, "missing_lines": [], "excluded_lines": []}, "MVPService.initialize": {"executed_lines": [67, 68, 72, 73, 75, 81, 82, 84, 85, 87, 88, 89, 90], "summary": {"covered_lines": 13, "num_statements": 13, "percent_covered": 100.0, "percent_covered_display": "100", "missing_lines": 0, "excluded_lines": 0}, "missing_lines": [], "excluded_lines": []}, "MVPService.shutdown": {"executed_lines": [93, 94, 95, 96, 97, 98, 99], "summary": {"covered_lines": 7, "num_statements": 7, "percent_covered": 100.0, "percent_covered_display": "100", "missing_lines": 0, "excluded_lines": 0}, "missing_lines": [], "excluded_lines": []}, "MVPService.health_check": {"executed_lines": [102, 103, 105, 106, 108, 110, 111, 113, 115, 116], "summary": {"covered_lines": 10, "num_statements": 10, "percent_covered": 100.0, "percent_covered_display": "100", "missing_lines": 0, "excluded_lines": 0}, "missing_lines": [], "excluded_lines": []}, "MVPService._get_tool_manifest": {"executed_lines": [119], "summary": {"covered_lines": 1, "num_statements": 1, "percent_covered": 100.0, "percent_covered_display": "100", "missing_lines": 0, "excluded_lines": 0}, "missing_lines": [], "excluded_lines": []}, "": {"executed_lines": [1, 6, 7, 8, 9, 10, 12, 15, 16, 17, 20, 22, 25, 26, 28, 29, 30, 31, 34, 35, 37, 38, 39, 44, 45, 47, 48, 49, 50, 53, 54, 56, 66, 92, 101, 118], "summary": {"covered_lines": 31, "num_statements": 31, "percent_covered": 100.0, "percent_covered_display": "100", "missing_lines": 0, "excluded_lines": 0}, "missing_lines": [], "excluded_lines": []}}, "classes": {"NarrativeType": {"executed_lines": [], "summary": {"covered_lines": 0, "num_statements": 0, "percent_covered": 100.0, "percent_covered_display": "100", "missing_lines": 0, "excluded_lines": 0}, "missing_lines": [], "excluded_lines": []}, "NarrativeRequest": {"executed_lines": [], "summary": {"covered_lines": 0, "num_statements": 0, "percent_covered": 100.0, "percent_covered_display": "100", "missing_lines": 0, "excluded_lines": 0}, "missing_lines": [], "excluded_lines": []}, "NarrativeResponse": {"executed_lines": [], "summary": {"covered_lines": 0, "num_statements": 0, "percent_covered": 100.0, "percent_covered_display": "100", "missing_lines": 0, "excluded_lines": 0}, "missing_lines": [], "excluded_lines": []}, "MVPService": {"executed_lines": [62, 63, 64, 67, 68, 72, 73, 75, 81, 82, 84, 85, 87, 88, 89, 90, 93, 94, 95, 96, 97, 98, 99, 102, 103, 105, 106, 108, 110, 111, 113, 115, 116, 119], "summary": {"covered_lines": 34, "num_statements": 34, "percent_covered": 100.0, "percent_covered_display": "100", "missing_lines": 0, "excluded_lines": 0}, "missing_lines": [], "excluded_lines": []}, "": {"executed_lines": [1, 6, 7, 8, 9, 10, 12, 15, 16, 17, 20, 22, 25, 26, 28, 29, 30, 31, 34, 35, 37, 38, 39, 44, 45, 47, 48, 49, 50, 53, 54, 56, 66, 92, 101, 118], "summary": {"covered_lines": 31, "num_statements": 31, "percent_covered": 100.0, "percent_covered_display": "100", "missing_lines": 0, "excluded_lines": 0}, "missing_lines": [], "excluded_lines": []}}}, "shared/__init__.py": {"executed_lines": [1, 23, 24, 45, 46, 53, 54, 55, 56], "summary": {"covered_lines": 8, "num_statements": 18, "percent_covered": 44.44444444444444, "percent_covered_display": "44", "missing_lines": 10, "excluded_lines": 0}, "missing_lines": [47, 49, 50, 62, 64, 65, 66, 67, 68, 69], "excluded_lines": [], "functions": {"": {"executed_lines": [1, 23, 24, 45, 46, 53, 54, 55, 56], "summary": {"covered_lines": 8, "num_statements": 18, "percent_covered": 44.44444444444444, "percent_covered_display": "44", "missing_lines": 10, "excluded_lines": 0}, "missing_lines": [47, 49, 50, 62, 64, 65, 66, 67, 68, 69], "excluded_lines": []}}, "classes": {"": {"executed_lines": [1, 23, 24, 45, 46, 53, 54, 55, 56], "summary": {"covered_lines": 8, "num_statements": 18, "percent_covered": 44.44444444444444, "percent_covered_display": "44", "missing_lines": 10, "excluded_lines": 0}, "missing_lines": [47, 49, 50, 62, 64, 65, 66, 67, 68, 69], "excluded_lines": []}}}, "shared/audit_logger.py": {"executed_lines": [], "summary": {"covered_lines": 0, "num_statements": 106, "percent_covered": 0.0, "percent_covered_display": "0", "missing_lines": 106, "excluded_lines": 0}, "missing_lines": [76, 77, 78, 79, 80, 82, 83, 84, 86, 87, 88, 89, 90, 98, 102, 103, 104, 105, 106, 109, 112, 115, 116, 119, 127, 137, 140, 141, 142, 145, 146, 147, 148, 149, 152, 153, 156, 157, 159, 161, 169, 171, 172, 174, 175, 176, 177, 178, 179, 180, 181, 183, 185, 186, 188, 189, 192, 202, 221, 222, 224, 225, 226, 227, 228, 230, 232, 233, 234, 235, 236, 238, 270, 287, 290, 293, 300, 309, 318, 329, 331, 345, 354, 368, 377, 395, 404, 418, 427, 442, 453, 465, 467, 468, 476, 477, 479, 480, 481, 483, 491, 494, 497, 498, 499, 506], "excluded_lines": [], "functions": {"AuditLogger.__init__": {"executed_lines": [], "summary": {"covered_lines": 0, "num_statements": 12, "percent_covered": 0.0, "percent_covered_display": "0", "missing_lines": 12, "excluded_lines": 0}, "missing_lines": [140, 141, 142, 145, 146, 147, 148, 149, 152, 153, 156, 157], "excluded_lines": []}, "AuditLogger._get_default_config": {"executed_lines": [], "summary": {"covered_lines": 0, "num_statements": 1, "percent_covered": 0.0, "percent_covered_display": "0", "missing_lines": 1, "excluded_lines": 0}, "missing_lines": [161], "excluded_lines": []}, "AuditLogger._connect_db": {"executed_lines": [], "summary": {"covered_lines": 0, "num_statements": 10, "percent_covered": 0.0, "percent_covered_display": "0", "missing_lines": 10, "excluded_lines": 0}, "missing_lines": [171, 172, 174, 175, 176, 177, 178, 179, 180, 181], "excluded_lines": []}, "AuditLogger._log_to_db": {"executed_lines": [], "summary": {"covered_lines": 0, "num_statements": 13, "percent_covered": 0.0, "percent_covered_display": "0", "missing_lines": 13, "excluded_lines": 0}, "missing_lines": [185, 186, 188, 189, 192, 202, 221, 222, 224, 225, 226, 227, 228], "excluded_lines": []}, "AuditLogger._log_to_file_backup": {"executed_lines": [], "summary": {"covered_lines": 0, "num_statements": 5, "percent_covered": 0.0, "percent_covered_display": "0", "missing_lines": 5, "excluded_lines": 0}, "missing_lines": [232, 233, 234, 235, 236], "excluded_lines": []}, "AuditLogger.log": {"executed_lines": [], "summary": {"covered_lines": 0, "num_statements": 5, "percent_covered": 0.0, "percent_covered_display": "0", "missing_lines": 5, "excluded_lines": 0}, "missing_lines": [270, 287, 290, 293, 300], "excluded_lines": []}, "AuditLogger.log_auth_attempt": {"executed_lines": [], "summary": {"covered_lines": 0, "num_statements": 1, "percent_covered": 0.0, "percent_covered_display": "0", "missing_lines": 1, "excluded_lines": 0}, "missing_lines": [318], "excluded_lines": []}, "AuditLogger.log_logout": {"executed_lines": [], "summary": {"covered_lines": 0, "num_statements": 1, "percent_covered": 0.0, "percent_covered_display": "0", "missing_lines": 1, "excluded_lines": 0}, "missing_lines": [331], "excluded_lines": []}, "AuditLogger.log_data_access": {"executed_lines": [], "summary": {"covered_lines": 0, "num_statements": 1, "percent_covered": 0.0, "percent_covered_display": "0", "missing_lines": 1, "excluded_lines": 0}, "missing_lines": [354], "excluded_lines": []}, "AuditLogger.log_config_change": {"executed_lines": [], "summary": {"covered_lines": 0, "num_statements": 1, "percent_covered": 0.0, "percent_covered_display": "0", "missing_lines": 1, "excluded_lines": 0}, "missing_lines": [377], "excluded_lines": []}, "AuditLogger.log_tool_execution": {"executed_lines": [], "summary": {"covered_lines": 0, "num_statements": 1, "percent_covered": 0.0, "percent_covered_display": "0", "missing_lines": 1, "excluded_lines": 0}, "missing_lines": [404], "excluded_lines": []}, "AuditLogger.log_security_event": {"executed_lines": [], "summary": {"covered_lines": 0, "num_statements": 1, "percent_covered": 0.0, "percent_covered_display": "0", "missing_lines": 1, "excluded_lines": 0}, "missing_lines": [427], "excluded_lines": []}, "AuditLogger.log_api_call": {"executed_lines": [], "summary": {"covered_lines": 0, "num_statements": 1, "percent_covered": 0.0, "percent_covered_display": "0", "missing_lines": 1, "excluded_lines": 0}, "missing_lines": [453], "excluded_lines": []}, "AuditLogger.close": {"executed_lines": [], "summary": {"covered_lines": 0, "num_statements": 2, "percent_covered": 0.0, "percent_covered_display": "0", "missing_lines": 2, "excluded_lines": 0}, "missing_lines": [467, 468], "excluded_lines": []}, "audit_context": {"executed_lines": [], "summary": {"covered_lines": 0, "num_statements": 4, "percent_covered": 0.0, "percent_covered_display": "0", "missing_lines": 4, "excluded_lines": 0}, "missing_lines": [479, 480, 481, 483], "excluded_lines": []}, "get_audit_logger": {"executed_lines": [], "summary": {"covered_lines": 0, "num_statements": 3, "percent_covered": 0.0, "percent_covered_display": "0", "missing_lines": 3, "excluded_lines": 0}, "missing_lines": [497, 498, 499], "excluded_lines": []}, "": {"executed_lines": [], "summary": {"covered_lines": 0, "num_statements": 44, "percent_covered": 0.0, "percent_covered_display": "0", "missing_lines": 44, "excluded_lines": 0}, "missing_lines": [76, 77, 78, 79, 80, 82, 83, 84, 86, 87, 88, 89, 90, 98, 102, 103, 104, 105, 106, 109, 112, 115, 116, 119, 127, 137, 159, 169, 183, 230, 238, 309, 329, 345, 368, 395, 418, 442, 465, 476, 477, 491, 494, 506], "excluded_lines": []}}, "classes": {"AuditConfig": {"executed_lines": [], "summary": {"covered_lines": 0, "num_statements": 0, "percent_covered": 100.0, "percent_covered_display": "100", "missing_lines": 0, "excluded_lines": 0}, "missing_lines": [], "excluded_lines": []}, "AuditLogger": {"executed_lines": [], "summary": {"covered_lines": 0, "num_statements": 55, "percent_covered": 0.0, "percent_covered_display": "0", "missing_lines": 55, "excluded_lines": 0}, "missing_lines": [140, 141, 142, 145, 146, 147, 148, 149, 152, 153, 156, 157, 161, 171, 172, 174, 175, 176, 177, 178, 179, 180, 181, 185, 186, 188, 189, 192, 202, 221, 222, 224, 225, 226, 227, 228, 232, 233, 234, 235, 236, 270, 287, 290, 293, 300, 318, 331, 354, 377, 404, 427, 453, 467, 468], "excluded_lines": []}, "": {"executed_lines": [], "summary": {"covered_lines": 0, "num_statements": 51, "percent_covered": 0.0, "percent_covered_display": "0", "missing_lines": 51, "excluded_lines": 0}, "missing_lines": [76, 77, 78, 79, 80, 82, 83, 84, 86, 87, 88, 89, 90, 98, 102, 103, 104, 105, 106, 109, 112, 115, 116, 119, 127, 137, 159, 169, 183, 230, 238, 309, 329, 345, 368, 395, 418, 442, 465, 476, 477, 479, 480, 481, 483, 491, 494, 497, 498, 499, 506], "excluded_lines": []}}}, "shared/base_config.py": {"executed_lines": [], "summary": {"covered_lines": 0, "num_statements": 125, "percent_covered": 0.0, "percent_covered_display": "0", "missing_lines": 125, "excluded_lines": 0}, "missing_lines": [43, 44, 45, 47, 48, 55, 58, 59, 60, 61, 69, 84, 102, 108, 117, 129, 135, 145, 151, 161, 167, 173, 179, 185, 195, 201, 207, 215, 225, 232, 238, 246, 256, 262, 268, 278, 279, 280, 282, 283, 284, 285, 286, 288, 289, 290, 292, 293, 294, 300, 301, 303, 305, 306, 308, 310, 311, 313, 315, 316, 318, 326, 327, 332, 333, 335, 336, 337, 338, 340, 347, 348, 358, 359, 360, 362, 364, 374, 375, 376, 377, 378, 380, 381, 391, 401, 411, 413, 414, 417, 418, 419, 421, 422, 423, 424, 425, 428, 430, 431, 434, 435, 436, 439, 440, 443, 444, 445, 446, 447, 449, 451, 452, 454, 462, 480, 481, 484, 485, 487, 488, 489, 490, 491, 494], "excluded_lines": [], "functions": {"BaseServiceConfig.validate_log_level": {"executed_lines": [], "summary": {"covered_lines": 0, "num_statements": 5, "percent_covered": 0.0, "percent_covered_display": "0", "missing_lines": 5, "excluded_lines": 0}, "missing_lines": [282, 283, 284, 285, 286], "excluded_lines": []}, "BaseServiceConfig.parse_cors_origins": {"executed_lines": [], "summary": {"covered_lines": 0, "num_statements": 3, "percent_covered": 0.0, "percent_covered_display": "0", "missing_lines": 3, "excluded_lines": 0}, "missing_lines": [292, 293, 294], "excluded_lines": []}, "BaseServiceConfig.is_development": {"executed_lines": [], "summary": {"covered_lines": 0, "num_statements": 1, "percent_covered": 0.0, "percent_covered_display": "0", "missing_lines": 1, "excluded_lines": 0}, "missing_lines": [303], "excluded_lines": []}, "BaseServiceConfig.is_production": {"executed_lines": [], "summary": {"covered_lines": 0, "num_statements": 1, "percent_covered": 0.0, "percent_covered_display": "0", "missing_lines": 1, "excluded_lines": 0}, "missing_lines": [308], "excluded_lines": []}, "BaseServiceConfig.is_testing": {"executed_lines": [], "summary": {"covered_lines": 0, "num_statements": 1, "percent_covered": 0.0, "percent_covered_display": "0", "missing_lines": 1, "excluded_lines": 0}, "missing_lines": [313], "excluded_lines": []}, "BaseServiceConfig.postgres_url": {"executed_lines": [], "summary": {"covered_lines": 0, "num_statements": 3, "percent_covered": 0.0, "percent_covered_display": "0", "missing_lines": 3, "excluded_lines": 0}, "missing_lines": [318, 326, 327], "excluded_lines": []}, "BaseServiceConfig.redis_url": {"executed_lines": [], "summary": {"covered_lines": 0, "num_statements": 4, "percent_covered": 0.0, "percent_covered_display": "0", "missing_lines": 4, "excluded_lines": 0}, "missing_lines": [335, 336, 337, 338], "excluded_lines": []}, "BaseServiceConfig.model_dump_safe": {"executed_lines": [], "summary": {"covered_lines": 0, "num_statements": 6, "percent_covered": 0.0, "percent_covered_display": "0", "missing_lines": 6, "excluded_lines": 0}, "missing_lines": [347, 348, 358, 359, 360, 362], "excluded_lines": []}, "BaseServiceConfig.validate_required_vars": {"executed_lines": [], "summary": {"covered_lines": 0, "num_statements": 7, "percent_covered": 0.0, "percent_covered_display": "0", "missing_lines": 7, "excluded_lines": 0}, "missing_lines": [374, 375, 376, 377, 378, 380, 381], "excluded_lines": []}, "generate_env_example": {"executed_lines": [], "summary": {"covered_lines": 0, "num_statements": 29, "percent_covered": 0.0, "percent_covered_display": "0", "missing_lines": 29, "excluded_lines": 0}, "missing_lines": [401, 411, 413, 414, 417, 418, 419, 421, 422, 423, 424, 425, 428, 430, 431, 434, 435, 436, 439, 440, 443, 444, 445, 446, 447, 449, 451, 452, 454], "excluded_lines": []}, "load_config": {"executed_lines": [], "summary": {"covered_lines": 0, "num_statements": 9, "percent_covered": 0.0, "percent_covered_display": "0", "missing_lines": 9, "excluded_lines": 0}, "missing_lines": [480, 481, 484, 485, 487, 488, 489, 490, 491], "excluded_lines": []}, "": {"executed_lines": [], "summary": {"covered_lines": 0, "num_statements": 56, "percent_covered": 0.0, "percent_covered_display": "0", "missing_lines": 56, "excluded_lines": 0}, "missing_lines": [43, 44, 45, 47, 48, 55, 58, 59, 60, 61, 69, 84, 102, 108, 117, 129, 135, 145, 151, 161, 167, 173, 179, 185, 195, 201, 207, 215, 225, 232, 238, 246, 256, 262, 268, 278, 279, 280, 288, 289, 290, 300, 301, 305, 306, 310, 311, 315, 316, 332, 333, 340, 364, 391, 462, 494], "excluded_lines": []}}, "classes": {"Environment": {"executed_lines": [], "summary": {"covered_lines": 0, "num_statements": 0, "percent_covered": 100.0, "percent_covered_display": "100", "missing_lines": 0, "excluded_lines": 0}, "missing_lines": [], "excluded_lines": []}, "BaseServiceConfig": {"executed_lines": [], "summary": {"covered_lines": 0, "num_statements": 31, "percent_covered": 0.0, "percent_covered_display": "0", "missing_lines": 31, "excluded_lines": 0}, "missing_lines": [282, 283, 284, 285, 286, 292, 293, 294, 303, 308, 313, 318, 326, 327, 335, 336, 337, 338, 347, 348, 358, 359, 360, 362, 374, 375, 376, 377, 378, 380, 381], "excluded_lines": []}, "": {"executed_lines": [], "summary": {"covered_lines": 0, "num_statements": 94, "percent_covered": 0.0, "percent_covered_display": "0", "missing_lines": 94, "excluded_lines": 0}, "missing_lines": [43, 44, 45, 47, 48, 55, 58, 59, 60, 61, 69, 84, 102, 108, 117, 129, 135, 145, 151, 161, 167, 173, 179, 185, 195, 201, 207, 215, 225, 232, 238, 246, 256, 262, 268, 278, 279, 280, 288, 289, 290, 300, 301, 305, 306, 310, 311, 315, 316, 332, 333, 340, 364, 391, 401, 411, 413, 414, 417, 418, 419, 421, 422, 423, 424, 425, 428, 430, 431, 434, 435, 436, 439, 440, 443, 444, 445, 446, 447, 449, 451, 452, 454, 462, 480, 481, 484, 485, 487, 488, 489, 490, 491, 494], "excluded_lines": []}}}, "shared/constants.py": {"executed_lines": [], "summary": {"covered_lines": 0, "num_statements": 254, "percent_covered": 0.0, "percent_covered_display": "0", "missing_lines": 254, "excluded_lines": 0}, "missing_lines": [17, 24, 37, 38, 39, 40, 41, 42, 43, 44, 45, 46, 47, 48, 49, 50, 51, 52, 55, 56, 57, 58, 61, 62, 63, 64, 65, 66, 67, 70, 71, 72, 75, 76, 77, 78, 79, 82, 83, 84, 85, 86, 89, 90, 91, 92, 93, 94, 95, 98, 99, 100, 103, 104, 105, 106, 109, 110, 111, 112, 113, 114, 115, 118, 119, 120, 121, 122, 123, 124, 125, 126, 134, 138, 139, 140, 143, 144, 145, 148, 149, 150, 151, 152, 155, 156, 157, 158, 161, 162, 163, 171, 175, 176, 177, 178, 181, 182, 183, 184, 187, 188, 189, 190, 193, 194, 195, 198, 199, 200, 201, 202, 205, 206, 207, 215, 218, 219, 220, 221, 222, 225, 233, 236, 237, 238, 239, 240, 241, 249, 252, 253, 254, 255, 256, 257, 258, 259, 260, 261, 262, 263, 264, 265, 266, 267, 275, 278, 279, 280, 281, 282, 283, 284, 285, 286, 287, 288, 289, 290, 291, 299, 302, 303, 304, 305, 306, 307, 308, 309, 310, 311, 312, 313, 314, 315, 316, 324, 327, 328, 329, 330, 331, 334, 335, 336, 337, 340, 341, 342, 345, 346, 354, 358, 359, 360, 363, 364, 367, 368, 371, 372, 373, 381, 385, 386, 387, 390, 393, 394, 397, 400, 408, 412, 415, 416, 419, 420, 423, 424, 425, 428, 436, 440, 441, 442, 445, 446, 447, 450, 451, 454, 455, 456, 457, 465, 468, 469, 470, 471, 472, 480, 483, 484, 485, 486, 494, 497, 498, 499, 500, 501, 502, 506], "excluded_lines": [], "functions": {"": {"executed_lines": [], "summary": {"covered_lines": 0, "num_statements": 254, "percent_covered": 0.0, "percent_covered_display": "0", "missing_lines": 254, "excluded_lines": 0}, "missing_lines": [17, 24, 37, 38, 39, 40, 41, 42, 43, 44, 45, 46, 47, 48, 49, 50, 51, 52, 55, 56, 57, 58, 61, 62, 63, 64, 65, 66, 67, 70, 71, 72, 75, 76, 77, 78, 79, 82, 83, 84, 85, 86, 89, 90, 91, 92, 93, 94, 95, 98, 99, 100, 103, 104, 105, 106, 109, 110, 111, 112, 113, 114, 115, 118, 119, 120, 121, 122, 123, 124, 125, 126, 134, 138, 139, 140, 143, 144, 145, 148, 149, 150, 151, 152, 155, 156, 157, 158, 161, 162, 163, 171, 175, 176, 177, 178, 181, 182, 183, 184, 187, 188, 189, 190, 193, 194, 195, 198, 199, 200, 201, 202, 205, 206, 207, 215, 218, 219, 220, 221, 222, 225, 233, 236, 237, 238, 239, 240, 241, 249, 252, 253, 254, 255, 256, 257, 258, 259, 260, 261, 262, 263, 264, 265, 266, 267, 275, 278, 279, 280, 281, 282, 283, 284, 285, 286, 287, 288, 289, 290, 291, 299, 302, 303, 304, 305, 306, 307, 308, 309, 310, 311, 312, 313, 314, 315, 316, 324, 327, 328, 329, 330, 331, 334, 335, 336, 337, 340, 341, 342, 345, 346, 354, 358, 359, 360, 363, 364, 367, 368, 371, 372, 373, 381, 385, 386, 387, 390, 393, 394, 397, 400, 408, 412, 415, 416, 419, 420, 423, 424, 425, 428, 436, 440, 441, 442, 445, 446, 447, 450, 451, 454, 455, 456, 457, 465, 468, 469, 470, 471, 472, 480, 483, 484, 485, 486, 494, 497, 498, 499, 500, 501, 502, 506], "excluded_lines": []}}, "classes": {"ServicePorts": {"executed_lines": [], "summary": {"covered_lines": 0, "num_statements": 0, "percent_covered": 100.0, "percent_covered_display": "100", "missing_lines": 0, "excluded_lines": 0}, "missing_lines": [], "excluded_lines": []}, "APIEndpoints": {"executed_lines": [], "summary": {"covered_lines": 0, "num_statements": 0, "percent_covered": 100.0, "percent_covered_display": "100", "missing_lines": 0, "excluded_lines": 0}, "missing_lines": [], "excluded_lines": []}, "ResponseCodes": {"executed_lines": [], "summary": {"covered_lines": 0, "num_statements": 0, "percent_covered": 100.0, "percent_covered_display": "100", "missing_lines": 0, "excluded_lines": 0}, "missing_lines": [], "excluded_lines": []}, "ThreatLevels": {"executed_lines": [], "summary": {"covered_lines": 0, "num_statements": 0, "percent_covered": 100.0, "percent_covered_display": "100", "missing_lines": 0, "excluded_lines": 0}, "missing_lines": [], "excluded_lines": []}, "ServiceStatus": {"executed_lines": [], "summary": {"covered_lines": 0, "num_statements": 0, "percent_covered": 100.0, "percent_covered_display": "100", "missing_lines": 0, "excluded_lines": 0}, "missing_lines": [], "excluded_lines": []}, "MalwareTypes": {"executed_lines": [], "summary": {"covered_lines": 0, "num_statements": 0, "percent_covered": 100.0, "percent_covered_display": "100", "missing_lines": 0, "excluded_lines": 0}, "missing_lines": [], "excluded_lines": []}, "AttackTactics": {"executed_lines": [], "summary": {"covered_lines": 0, "num_statements": 0, "percent_covered": 100.0, "percent_covered_display": "100", "missing_lines": 0, "excluded_lines": 0}, "missing_lines": [], "excluded_lines": []}, "NetworkProtocols": {"executed_lines": [], "summary": {"covered_lines": 0, "num_statements": 0, "percent_covered": 100.0, "percent_covered_display": "100", "missing_lines": 0, "excluded_lines": 0}, "missing_lines": [], "excluded_lines": []}, "TimeConstants": {"executed_lines": [], "summary": {"covered_lines": 0, "num_statements": 0, "percent_covered": 100.0, "percent_covered_display": "100", "missing_lines": 0, "excluded_lines": 0}, "missing_lines": [], "excluded_lines": []}, "DatabaseNames": {"executed_lines": [], "summary": {"covered_lines": 0, "num_statements": 0, "percent_covered": 100.0, "percent_covered_display": "100", "missing_lines": 0, "excluded_lines": 0}, "missing_lines": [], "excluded_lines": []}, "FileExtensions": {"executed_lines": [], "summary": {"covered_lines": 0, "num_statements": 0, "percent_covered": 100.0, "percent_covered_display": "100", "missing_lines": 0, "excluded_lines": 0}, "missing_lines": [], "excluded_lines": []}, "RegexPatterns": {"executed_lines": [], "summary": {"covered_lines": 0, "num_statements": 0, "percent_covered": 100.0, "percent_covered_display": "100", "missing_lines": 0, "excluded_lines": 0}, "missing_lines": [], "excluded_lines": []}, "SystemLimits": {"executed_lines": [], "summary": {"covered_lines": 0, "num_statements": 0, "percent_covered": 100.0, "percent_covered_display": "100", "missing_lines": 0, "excluded_lines": 0}, "missing_lines": [], "excluded_lines": []}, "LogLevels": {"executed_lines": [], "summary": {"covered_lines": 0, "num_statements": 0, "percent_covered": 100.0, "percent_covered_display": "100", "missing_lines": 0, "excluded_lines": 0}, "missing_lines": [], "excluded_lines": []}, "Environments": {"executed_lines": [], "summary": {"covered_lines": 0, "num_statements": 0, "percent_covered": 100.0, "percent_covered_display": "100", "missing_lines": 0, "excluded_lines": 0}, "missing_lines": [], "excluded_lines": []}, "UserRoles": {"executed_lines": [], "summary": {"covered_lines": 0, "num_statements": 0, "percent_covered": 100.0, "percent_covered_display": "100", "missing_lines": 0, "excluded_lines": 0}, "missing_lines": [], "excluded_lines": []}, "": {"executed_lines": [], "summary": {"covered_lines": 0, "num_statements": 254, "percent_covered": 0.0, "percent_covered_display": "0", "missing_lines": 254, "excluded_lines": 0}, "missing_lines": [17, 24, 37, 38, 39, 40, 41, 42, 43, 44, 45, 46, 47, 48, 49, 50, 51, 52, 55, 56, 57, 58, 61, 62, 63, 64, 65, 66, 67, 70, 71, 72, 75, 76, 77, 78, 79, 82, 83, 84, 85, 86, 89, 90, 91, 92, 93, 94, 95, 98, 99, 100, 103, 104, 105, 106, 109, 110, 111, 112, 113, 114, 115, 118, 119, 120, 121, 122, 123, 124, 125, 126, 134, 138, 139, 140, 143, 144, 145, 148, 149, 150, 151, 152, 155, 156, 157, 158, 161, 162, 163, 171, 175, 176, 177, 178, 181, 182, 183, 184, 187, 188, 189, 190, 193, 194, 195, 198, 199, 200, 201, 202, 205, 206, 207, 215, 218, 219, 220, 221, 222, 225, 233, 236, 237, 238, 239, 240, 241, 249, 252, 253, 254, 255, 256, 257, 258, 259, 260, 261, 262, 263, 264, 265, 266, 267, 275, 278, 279, 280, 281, 282, 283, 284, 285, 286, 287, 288, 289, 290, 291, 299, 302, 303, 304, 305, 306, 307, 308, 309, 310, 311, 312, 313, 314, 315, 316, 324, 327, 328, 329, 330, 331, 334, 335, 336, 337, 340, 341, 342, 345, 346, 354, 358, 359, 360, 363, 364, 367, 368, 371, 372, 373, 381, 385, 386, 387, 390, 393, 394, 397, 400, 408, 412, 415, 416, 419, 420, 423, 424, 425, 428, 436, 440, 441, 442, 445, 446, 447, 450, 451, 454, 455, 456, 457, 465, 468, 469, 470, 471, 472, 480, 483, 484, 485, 486, 494, 497, 498, 499, 500, 501, 502, 506], "excluded_lines": []}}}, "shared/constitutional_logging.py": {"executed_lines": [], "summary": {"covered_lines": 0, "num_statements": 54, "percent_covered": 0.0, "percent_covered_display": "0", "missing_lines": 54, "excluded_lines": 0}, "missing_lines": [12, 13, 14, 15, 17, 18, 19, 22, 25, 28, 29, 30, 33, 34, 35, 36, 37, 38, 40, 43, 46, 49, 59, 60, 61, 62, 63, 65, 68, 82, 84, 86, 97, 98, 101, 102, 103, 106, 127, 137, 141, 148, 157, 166, 177, 185, 196, 205, 206, 217, 225, 226, 236, 244], "excluded_lines": [], "functions": {"ConstitutionalLogProcessor.__call__": {"executed_lines": [], "summary": {"covered_lines": 0, "num_statements": 10, "percent_covered": 0.0, "percent_covered_display": "0", "missing_lines": 10, "excluded_lines": 0}, "missing_lines": [28, 29, 30, 33, 34, 35, 36, 37, 38, 40], "excluded_lines": []}, "BiblicalArticleProcessor.__call__": {"executed_lines": [], "summary": {"covered_lines": 0, "num_statements": 7, "percent_covered": 0.0, "percent_covered_display": "0", "missing_lines": 7, "excluded_lines": 0}, "missing_lines": [49, 59, 60, 61, 62, 63, 65], "excluded_lines": []}, "configure_constitutional_logging": {"executed_lines": [], "summary": {"covered_lines": 0, "num_statements": 9, "percent_covered": 0.0, "percent_covered_display": "0", "missing_lines": 9, "excluded_lines": 0}, "missing_lines": [82, 84, 86, 97, 98, 101, 102, 103, 106], "excluded_lines": []}, "get_constitutional_logger": {"executed_lines": [], "summary": {"covered_lines": 0, "num_statements": 1, "percent_covered": 0.0, "percent_covered_display": "0", "missing_lines": 1, "excluded_lines": 0}, "missing_lines": [137], "excluded_lines": []}, "log_sophia_decision": {"executed_lines": [], "summary": {"covered_lines": 0, "num_statements": 1, "percent_covered": 0.0, "percent_covered_display": "0", "missing_lines": 1, "excluded_lines": 0}, "missing_lines": [148], "excluded_lines": []}, "log_praotes_check": {"executed_lines": [], "summary": {"covered_lines": 0, "num_statements": 1, "percent_covered": 0.0, "percent_covered_display": "0", "missing_lines": 1, "excluded_lines": 0}, "missing_lines": [166], "excluded_lines": []}, "log_tapeinophrosyne_check": {"executed_lines": [], "summary": {"covered_lines": 0, "num_statements": 1, "percent_covered": 0.0, "percent_covered_display": "0", "missing_lines": 1, "excluded_lines": 0}, "missing_lines": [185], "excluded_lines": []}, "log_sabbath_check": {"executed_lines": [], "summary": {"covered_lines": 0, "num_statements": 2, "percent_covered": 0.0, "percent_covered_display": "0", "missing_lines": 2, "excluded_lines": 0}, "missing_lines": [205, 206], "excluded_lines": []}, "log_aletheia_check": {"executed_lines": [], "summary": {"covered_lines": 0, "num_statements": 2, "percent_covered": 0.0, "percent_covered_display": "0", "missing_lines": 2, "excluded_lines": 0}, "missing_lines": [225, 226], "excluded_lines": []}, "log_constitutional_violation": {"executed_lines": [], "summary": {"covered_lines": 0, "num_statements": 1, "percent_covered": 0.0, "percent_covered_display": "0", "missing_lines": 1, "excluded_lines": 0}, "missing_lines": [244], "excluded_lines": []}, "": {"executed_lines": [], "summary": {"covered_lines": 0, "num_statements": 19, "percent_covered": 0.0, "percent_covered_display": "0", "missing_lines": 19, "excluded_lines": 0}, "missing_lines": [12, 13, 14, 15, 17, 18, 19, 22, 25, 43, 46, 68, 127, 141, 157, 177, 196, 217, 236], "excluded_lines": []}}, "classes": {"ConstitutionalLogProcessor": {"executed_lines": [], "summary": {"covered_lines": 0, "num_statements": 10, "percent_covered": 0.0, "percent_covered_display": "0", "missing_lines": 10, "excluded_lines": 0}, "missing_lines": [28, 29, 30, 33, 34, 35, 36, 37, 38, 40], "excluded_lines": []}, "BiblicalArticleProcessor": {"executed_lines": [], "summary": {"covered_lines": 0, "num_statements": 7, "percent_covered": 0.0, "percent_covered_display": "0", "missing_lines": 7, "excluded_lines": 0}, "missing_lines": [49, 59, 60, 61, 62, 63, 65], "excluded_lines": []}, "": {"executed_lines": [], "summary": {"covered_lines": 0, "num_statements": 37, "percent_covered": 0.0, "percent_covered_display": "0", "missing_lines": 37, "excluded_lines": 0}, "missing_lines": [12, 13, 14, 15, 17, 18, 19, 22, 25, 43, 46, 68, 82, 84, 86, 97, 98, 101, 102, 103, 106, 127, 137, 141, 148, 157, 166, 177, 185, 196, 205, 206, 217, 225, 226, 236, 244], "excluded_lines": []}}}, "shared/constitutional_metrics.py": {"executed_lines": [1, 14, 21, 27, 33, 40, 47, 53, 60, 66, 72, 79, 85, 91, 98, 104, 116, 122, 129, 136, 143, 149, 156, 163, 170, 176, 183, 189, 200, 207, 213, 217, 221, 225, 237, 243, 249, 255, 261, 267, 277, 279, 282, 291, 293, 296, 298, 301, 306, 315, 317, 320, 322, 325], "summary": {"covered_lines": 53, "num_statements": 59, "percent_covered": 89.83050847457628, "percent_covered_display": "90", "missing_lines": 6, "excluded_lines": 0}, "missing_lines": [286, 303, 310, 311, 312, 327], "excluded_lines": [], "functions": {"record_constitutional_compliance": {"executed_lines": [279], "summary": {"covered_lines": 1, "num_statements": 1, "percent_covered": 100.0, "percent_covered_display": "100", "missing_lines": 0, "excluded_lines": 0}, "missing_lines": [], "excluded_lines": []}, "record_principle_violation": {"executed_lines": [], "summary": {"covered_lines": 0, "num_statements": 1, "percent_covered": 0.0, "percent_covered_display": "0", "missing_lines": 1, "excluded_lines": 0}, "missing_lines": [286], "excluded_lines": []}, "record_lei_score": {"executed_lines": [293], "summary": {"covered_lines": 1, "num_statements": 1, "percent_covered": 100.0, "percent_covered_display": "100", "missing_lines": 0, "excluded_lines": 0}, "missing_lines": [], "excluded_lines": []}, "record_fpc_score": {"executed_lines": [298], "summary": {"covered_lines": 1, "num_statements": 1, "percent_covered": 100.0, "percent_covered_display": "100", "missing_lines": 0, "excluded_lines": 0}, "missing_lines": [], "excluded_lines": []}, "record_wisdom_decision": {"executed_lines": [], "summary": {"covered_lines": 0, "num_statements": 1, "percent_covered": 0.0, "percent_covered_display": "0", "missing_lines": 1, "excluded_lines": 0}, "missing_lines": [303], "excluded_lines": []}, "record_humility_check": {"executed_lines": [], "summary": {"covered_lines": 0, "num_statements": 3, "percent_covered": 0.0, "percent_covered_display": "0", "missing_lines": 3, "excluded_lines": 0}, "missing_lines": [310, 311, 312], "excluded_lines": []}, "record_sabbath_status": {"executed_lines": [317], "summary": {"covered_lines": 1, "num_statements": 1, "percent_covered": 100.0, "percent_covered_display": "100", "missing_lines": 0, "excluded_lines": 0}, "missing_lines": [], "excluded_lines": []}, "record_fruit_compliance": {"executed_lines": [322], "summary": {"covered_lines": 1, "num_statements": 1, "percent_covered": 100.0, "percent_covered_display": "100", "missing_lines": 0, "excluded_lines": 0}, "missing_lines": [], "excluded_lines": []}, "record_hallucination": {"executed_lines": [], "summary": {"covered_lines": 0, "num_statements": 1, "percent_covered": 0.0, "percent_covered_display": "0", "missing_lines": 1, "excluded_lines": 0}, "missing_lines": [327], "excluded_lines": []}, "": {"executed_lines": [1, 14, 21, 27, 33, 40, 47, 53, 60, 66, 72, 79, 85, 91, 98, 104, 116, 122, 129, 136, 143, 149, 156, 163, 170, 176, 183, 189, 200, 207, 213, 217, 221, 225, 237, 243, 249, 255, 261, 267, 277, 282, 291, 296, 301, 306, 315, 320, 325], "summary": {"covered_lines": 48, "num_statements": 48, "percent_covered": 100.0, "percent_covered_display": "100", "missing_lines": 0, "excluded_lines": 0}, "missing_lines": [], "excluded_lines": []}}, "classes": {"": {"executed_lines": [1, 14, 21, 27, 33, 40, 47, 53, 60, 66, 72, 79, 85, 91, 98, 104, 116, 122, 129, 136, 143, 149, 156, 163, 170, 176, 183, 189, 200, 207, 213, 217, 221, 225, 237, 243, 249, 255, 261, 267, 277, 279, 282, 291, 293, 296, 298, 301, 306, 315, 317, 320, 322, 325], "summary": {"covered_lines": 53, "num_statements": 59, "percent_covered": 89.83050847457628, "percent_covered_display": "90", "missing_lines": 6, "excluded_lines": 0}, "missing_lines": [286, 303, 310, 311, 312, 327], "excluded_lines": []}}}, "shared/constitutional_tracing.py": {"executed_lines": [], "summary": {"covered_lines": 0, "num_statements": 101, "percent_covered": 0.0, "percent_covered_display": "0", "missing_lines": 101, "excluded_lines": 0}, "missing_lines": [12, 13, 15, 16, 17, 18, 19, 20, 21, 22, 23, 24, 27, 30, 46, 47, 50, 61, 64, 65, 70, 73, 74, 78, 81, 84, 89, 96, 98, 101, 104, 107, 109, 119, 120, 122, 139, 142, 143, 144, 145, 147, 149, 166, 168, 169, 170, 171, 173, 175, 189, 191, 192, 193, 194, 195, 198, 199, 204, 206, 220, 222, 223, 224, 225, 226, 229, 230, 239, 241, 253, 255, 256, 257, 258, 259, 262, 263, 268, 270, 287, 289, 290, 291, 292, 295, 296, 305, 307, 322, 324, 325, 326, 328, 329, 330, 332, 335, 348, 356, 358], "excluded_lines": [], "functions": {"ConstitutionalTracer.__init__": {"executed_lines": [], "summary": {"covered_lines": 0, "num_statements": 12, "percent_covered": 0.0, "percent_covered_display": "0", "missing_lines": 12, "excluded_lines": 0}, "missing_lines": [46, 47, 50, 61, 64, 65, 70, 73, 74, 78, 81, 84], "excluded_lines": []}, "ConstitutionalTracer.instrument_fastapi": {"executed_lines": [], "summary": {"covered_lines": 0, "num_statements": 1, "percent_covered": 0.0, "percent_covered_display": "0", "missing_lines": 1, "excluded_lines": 0}, "missing_lines": [96], "excluded_lines": []}, "ConstitutionalTracer.instrument_all": {"executed_lines": [], "summary": {"covered_lines": 0, "num_statements": 3, "percent_covered": 0.0, "percent_covered_display": "0", "missing_lines": 3, "excluded_lines": 0}, "missing_lines": [101, 104, 107], "excluded_lines": []}, "ConstitutionalTracer.add_constitutional_attributes": {"executed_lines": [], "summary": {"covered_lines": 0, "num_statements": 2, "percent_covered": 0.0, "percent_covered_display": "0", "missing_lines": 2, "excluded_lines": 0}, "missing_lines": [119, 120], "excluded_lines": []}, "ConstitutionalTracer.trace_biblical_article": {"executed_lines": [], "summary": {"covered_lines": 0, "num_statements": 6, "percent_covered": 0.0, "percent_covered_display": "0", "missing_lines": 6, "excluded_lines": 0}, "missing_lines": [139, 142, 143, 144, 145, 147], "excluded_lines": []}, "ConstitutionalTracer.trace_wisdom_decision": {"executed_lines": [], "summary": {"covered_lines": 0, "num_statements": 6, "percent_covered": 0.0, "percent_covered_display": "0", "missing_lines": 6, "excluded_lines": 0}, "missing_lines": [166, 168, 169, 170, 171, 173], "excluded_lines": []}, "ConstitutionalTracer.trace_gentleness_check": {"executed_lines": [], "summary": {"covered_lines": 0, "num_statements": 9, "percent_covered": 0.0, "percent_covered_display": "0", "missing_lines": 9, "excluded_lines": 0}, "missing_lines": [189, 191, 192, 193, 194, 195, 198, 199, 204], "excluded_lines": []}, "ConstitutionalTracer.trace_humility_check": {"executed_lines": [], "summary": {"covered_lines": 0, "num_statements": 9, "percent_covered": 0.0, "percent_covered_display": "0", "missing_lines": 9, "excluded_lines": 0}, "missing_lines": [220, 222, 223, 224, 225, 226, 229, 230, 239], "excluded_lines": []}, "ConstitutionalTracer.trace_sabbath_check": {"executed_lines": [], "summary": {"covered_lines": 0, "num_statements": 9, "percent_covered": 0.0, "percent_covered_display": "0", "missing_lines": 9, "excluded_lines": 0}, "missing_lines": [253, 255, 256, 257, 258, 259, 262, 263, 268], "excluded_lines": []}, "ConstitutionalTracer.trace_truth_check": {"executed_lines": [], "summary": {"covered_lines": 0, "num_statements": 8, "percent_covered": 0.0, "percent_covered_display": "0", "missing_lines": 8, "excluded_lines": 0}, "missing_lines": [287, 289, 290, 291, 292, 295, 296, 305], "excluded_lines": []}, "ConstitutionalTracer.trace_deter_agent_layer": {"executed_lines": [], "summary": {"covered_lines": 0, "num_statements": 8, "percent_covered": 0.0, "percent_covered_display": "0", "missing_lines": 8, "excluded_lines": 0}, "missing_lines": [322, 324, 325, 326, 328, 329, 330, 332], "excluded_lines": []}, "create_constitutional_tracer": {"executed_lines": [], "summary": {"covered_lines": 0, "num_statements": 3, "percent_covered": 0.0, "percent_covered_display": "0", "missing_lines": 3, "excluded_lines": 0}, "missing_lines": [348, 356, 358], "excluded_lines": []}, "": {"executed_lines": [], "summary": {"covered_lines": 0, "num_statements": 25, "percent_covered": 0.0, "percent_covered_display": "0", "missing_lines": 25, "excluded_lines": 0}, "missing_lines": [12, 13, 15, 16, 17, 18, 19, 20, 21, 22, 23, 24, 27, 30, 89, 98, 109, 122, 149, 175, 206, 241, 270, 307, 335], "excluded_lines": []}}, "classes": {"ConstitutionalTracer": {"executed_lines": [], "summary": {"covered_lines": 0, "num_statements": 73, "percent_covered": 0.0, "percent_covered_display": "0", "missing_lines": 73, "excluded_lines": 0}, "missing_lines": [46, 47, 50, 61, 64, 65, 70, 73, 74, 78, 81, 84, 96, 101, 104, 107, 119, 120, 139, 142, 143, 144, 145, 147, 166, 168, 169, 170, 171, 173, 189, 191, 192, 193, 194, 195, 198, 199, 204, 220, 222, 223, 224, 225, 226, 229, 230, 239, 253, 255, 256, 257, 258, 259, 262, 263, 268, 287, 289, 290, 291, 292, 295, 296, 305, 322, 324, 325, 326, 328, 329, 330, 332], "excluded_lines": []}, "": {"executed_lines": [], "summary": {"covered_lines": 0, "num_statements": 28, "percent_covered": 0.0, "percent_covered_display": "0", "missing_lines": 28, "excluded_lines": 0}, "missing_lines": [12, 13, 15, 16, 17, 18, 19, 20, 21, 22, 23, 24, 27, 30, 89, 98, 109, 122, 149, 175, 206, 241, 270, 307, 335, 348, 356, 358], "excluded_lines": []}}}, "shared/devops_tools/__init__.py": {"executed_lines": [], "summary": {"covered_lines": 0, "num_statements": 0, "percent_covered": 100.0, "percent_covered_display": "100", "missing_lines": 0, "excluded_lines": 0}, "missing_lines": [], "excluded_lines": [], "functions": {"": {"executed_lines": [], "summary": {"covered_lines": 0, "num_statements": 0, "percent_covered": 100.0, "percent_covered_display": "100", "missing_lines": 0, "excluded_lines": 0}, "missing_lines": [], "excluded_lines": []}}, "classes": {"": {"executed_lines": [], "summary": {"covered_lines": 0, "num_statements": 0, "percent_covered": 100.0, "percent_covered_display": "100", "missing_lines": 0, "excluded_lines": 0}, "missing_lines": [], "excluded_lines": []}}}, "shared/devops_tools/container_health.py": {"executed_lines": [], "summary": {"covered_lines": 0, "num_statements": 179, "percent_covered": 0.0, "percent_covered_display": "0", "missing_lines": 179, "excluded_lines": 0}, "missing_lines": [8, 9, 10, 12, 14, 15, 18, 21, 22, 23, 24, 25, 26, 27, 28, 31, 34, 35, 36, 37, 40, 43, 44, 45, 46, 47, 48, 49, 50, 53, 56, 57, 58, 59, 60, 61, 62, 63, 64, 65, 66, 69, 72, 73, 74, 75, 76, 77, 78, 79, 80, 83, 91, 98, 100, 117, 118, 121, 122, 123, 126, 129, 130, 133, 134, 137, 140, 143, 146, 147, 148, 151, 152, 153, 154, 155, 158, 159, 161, 175, 176, 177, 178, 180, 193, 196, 197, 198, 199, 202, 203, 205, 208, 209, 210, 211, 214, 216, 222, 228, 239, 241, 242, 245, 249, 253, 255, 256, 257, 260, 261, 262, 267, 268, 271, 276, 279, 285, 292, 303, 304, 305, 307, 309, 318, 320, 322, 323, 325, 330, 332, 334, 335, 336, 337, 340, 342, 344, 346, 347, 348, 349, 350, 352, 354, 357, 359, 360, 361, 363, 365, 366, 368, 369, 370, 371, 372, 373, 374, 375, 377, 378, 379, 382, 389, 390, 391, 392, 398, 399, 400, 404, 405, 407, 408, 409, 410, 413, 415], "excluded_lines": [], "functions": {"ContainerHealthMonitor.__init__": {"executed_lines": [], "summary": {"covered_lines": 0, "num_statements": 1, "percent_covered": 0.0, "percent_covered_display": "0", "missing_lines": 1, "excluded_lines": 0}, "missing_lines": [98], "excluded_lines": []}, "ContainerHealthMonitor.get_container_info": {"executed_lines": [], "summary": {"covered_lines": 0, "num_statements": 28, "percent_covered": 0.0, "percent_covered_display": "0", "missing_lines": 28, "excluded_lines": 0}, "missing_lines": [117, 118, 121, 122, 123, 126, 129, 130, 133, 134, 137, 140, 143, 146, 147, 148, 151, 152, 153, 154, 155, 158, 159, 161, 175, 176, 177, 178], "excluded_lines": []}, "ContainerHealthMonitor.get_cluster_health": {"executed_lines": [], "summary": {"covered_lines": 0, "num_statements": 16, "percent_covered": 0.0, "percent_covered_display": "0", "missing_li
[...]
_lines": [835, 836, 838, 840, 841], "summary": {"covered_lines": 5, "num_statements": 5, "percent_covered": 100.0, "percent_covered_display": "100", "missing_lines": 0, "excluded_lines": 0}, "missing_lines": [], "excluded_lines": []}, "TestHealthCheck.test_health_check_prometheus_unhealthy": {"executed_lines": [846, 847, 849, 850, 851, 853, 857, 858, 859], "summary": {"covered_lines": 9, "num_statements": 9, "percent_covered": 100.0, "percent_covered_display": "100", "missing_lines": 0, "excluded_lines": 0}, "missing_lines": [], "excluded_lines": []}, "TestHealthCheck.test_health_check_includes_backend_urls": {"executed_lines": [864, 868, 870, 871, 872, 874, 876, 877], "summary": {"covered_lines": 8, "num_statements": 8, "percent_covered": 100.0, "percent_covered_display": "100", "missing_lines": 0, "excluded_lines": 0}, "missing_lines": [], "excluded_lines": []}, "TestHealthCheck.test_health_check_degraded_mode": {"executed_lines": [882, 883, 884, 886, 890, 891], "summary": {"covered_lines": 6, "num_statements": 6, "percent_covered": 100.0, "percent_covered_display": "100", "missing_lines": 0, "excluded_lines": 0}, "missing_lines": [], "excluded_lines": []}, "TestShutdown.test_shutdown_success": {"executed_lines": [900, 901, 903, 904, 905, 906, 907, 909, 911, 912, 913, 914], "summary": {"covered_lines": 12, "num_statements": 12, "percent_covered": 100.0, "percent_covered_display": "100", "missing_lines": 0, "excluded_lines": 0}, "missing_lines": [], "excluded_lines": []}, "TestShutdown.test_shutdown_client_already_closed": {"executed_lines": [919, 920, 922, 923, 924, 926, 930, 931], "summary": {"covered_lines": 8, "num_statements": 8, "percent_covered": 100.0, "percent_covered_display": "100", "missing_lines": 0, "excluded_lines": 0}, "missing_lines": [], "excluded_lines": []}, "TestShutdown.test_shutdown_no_client": {"executed_lines": [936, 937, 938, 941, 943, 944], "summary": {"covered_lines": 6, "num_statements": 6, "percent_covered": 100.0, "percent_covered_display": "100", "missing_lines": 0, "excluded_lines": 0}, "missing_lines": [], "excluded_lines": []}, "TestShutdown.test_shutdown_not_initialized": {"executed_lines": [949, 950, 951, 953, 955], "summary": {"covered_lines": 5, "num_statements": 5, "percent_covered": 100.0, "percent_covered_display": "100", "missing_lines": 0, "excluded_lines": 0}, "missing_lines": [], "excluded_lines": []}, "TestShutdown.test_shutdown_clears_cache": {"executed_lines": [960, 961, 962, 963, 965, 967], "summary": {"covered_lines": 6, "num_statements": 6, "percent_covered": 100.0, "percent_covered_display": "100", "missing_lines": 0, "excluded_lines": 0}, "missing_lines": [], "excluded_lines": []}, "TestEdgeCases.test_collect_metrics_empty_results": {"executed_lines": [976, 977, 978, 980, 981, 983, 985, 986, 987], "summary": {"covered_lines": 9, "num_statements": 9, "percent_covered": 100.0, "percent_covered_display": "100", "missing_lines": 0, "excluded_lines": 0}, "missing_lines": [], "excluded_lines": []}, "TestEdgeCases.test_query_prometheus_malformed_response": {"executed_lines": [992, 993, 995, 996, 997, 999, 1000, 1001, 1003, 1005], "summary": {"covered_lines": 10, "num_statements": 10, "percent_covered": 100.0, "percent_covered_display": "100", "missing_lines": 0, "excluded_lines": 0}, "missing_lines": [], "excluded_lines": []}, "TestEdgeCases.test_initialize_multiple_times": {"executed_lines": [1010, 1012, 1015, 1016, 1025, 1028, 1029, 1032, 1033, 1036], "summary": {"covered_lines": 10, "num_statements": 10, "percent_covered": 100.0, "percent_covered_display": "100", "missing_lines": 0, "excluded_lines": 0}, "missing_lines": [], "excluded_lines": []}, "TestEdgeCases.test_collect_metrics_with_zero_time_range": {"executed_lines": [1041, 1042, 1043, 1045, 1046, 1048, 1050], "summary": {"covered_lines": 7, "num_statements": 7, "percent_covered": 100.0, "percent_covered_display": "100", "missing_lines": 0, "excluded_lines": 0}, "missing_lines": [], "excluded_lines": []}, "TestEdgeCases.test_collect_metrics_with_large_time_range": {"executed_lines": [1055, 1056, 1057, 1059, 1060, 1062, 1064], "summary": {"covered_lines": 7, "num_statements": 7, "percent_covered": 100.0, "percent_covered_display": "100", "missing_lines": 0, "excluded_lines": 0}, "missing_lines": [], "excluded_lines": []}, "TestEdgeCases.test_query_and_format_metric_missing_data_field": {"executed_lines": [1069, 1070, 1071, 1073, 1078, 1080, 1082, 1083], "summary": {"covered_lines": 8, "num_statements": 8, "percent_covered": 100.0, "percent_covered_display": "100", "missing_lines": 0, "excluded_lines": 0}, "missing_lines": [], "excluded_lines": []}, "TestEdgeCases.test_check_service_health_partial_response": {"executed_lines": [1088, 1089, 1091, 1092, 1093, 1097, 1098, 1099, 1101, 1105, 1106, 1108], "summary": {"covered_lines": 12, "num_statements": 12, "percent_covered": 100.0, "percent_covered_display": "100", "missing_lines": 0, "excluded_lines": 0}, "missing_lines": [], "excluded_lines": []}, "TestEdgeCases.test_observer_preserves_configuration": {"executed_lines": [1112, 1113, 1115, 1119, 1120], "summary": {"covered_lines": 5, "num_statements": 5, "percent_covered": 100.0, "percent_covered_display": "100", "missing_lines": 0, "excluded_lines": 0}, "missing_lines": [], "excluded_lines": []}, "TestEdgeCases.test_collect_metrics_timestamp_format": {"executed_lines": [1125, 1126, 1127, 1129, 1130, 1132, 1135, 1136, 1137], "summary": {"covered_lines": 9, "num_statements": 9, "percent_covered": 100.0, "percent_covered_display": "100", "missing_lines": 0, "excluded_lines": 0}, "missing_lines": [], "excluded_lines": []}, "TestEdgeCases.test_query_prometheus_increments_metrics": {"executed_lines": [1142, 1143, 1145, 1146, 1147, 1149, 1150, 1151, 1154, 1158, 1161, 1162], "summary": {"covered_lines": 12, "num_statements": 12, "percent_covered": 100.0, "percent_covered_display": "100", "missing_lines": 0, "excluded_lines": 0}, "missing_lines": [], "excluded_lines": []}, "": {"executed_lines": [1, 10, 11, 12, 14, 15, 16, 19, 20, 27, 28, 30, 40, 51, 52, 80, 81, 101, 102, 117, 118, 120, 121, 129, 130, 139, 140, 186, 187, 201, 202, 220, 221, 235, 236, 251, 252, 254, 255, 279, 280, 296, 297, 317, 318, 331, 332, 334, 335, 360, 361, 380, 381, 399, 400, 413, 414, 427, 428, 430, 431, 453, 454, 463, 464, 483, 484, 497, 498, 511, 512, 531, 532, 534, 535, 555, 556, 577, 578, 598, 599, 612, 613, 615, 616, 639, 640, 660, 661, 679, 680, 699, 700, 711, 712, 734, 735, 751, 752, 754, 762, 769, 777, 784, 792, 799, 808, 809, 811, 812, 832, 833, 843, 844, 861, 862, 879, 880, 894, 895, 897, 898, 916, 917, 933, 934, 946, 947, 957, 958, 970, 971, 973, 974, 989, 990, 1007, 1008, 1038, 1039, 1052, 1053, 1066, 1067, 1085, 1086, 1110, 1122, 1123, 1139, 1140], "summary": {"covered_lines": 139, "num_statements": 139, "percent_covered": 100.0, "percent_covered_display": "100", "missing_lines": 0, "excluded_lines": 0}, "missing_lines": [], "excluded_lines": []}}, "classes": {"TestSystemObserverInitialization": {"executed_lines": [32, 34, 35, 36, 37, 38, 42, 47, 48, 49, 54, 56, 60, 61, 70, 72, 74, 75, 76, 77, 78, 83, 85, 88, 89, 92, 94, 97, 98, 99, 104, 106, 109, 111, 113, 114], "summary": {"covered_lines": 36, "num_statements": 36, "percent_covered": 100.0, "percent_covered_display": "100", "missing_lines": 0, "excluded_lines": 0}, "missing_lines": [], "excluded_lines": []}, "TestCollectMetrics": {"executed_lines": [123, 124, 126, 127, 132, 133, 134, 136, 137, 142, 143, 144, 147, 165, 170, 173, 175, 177, 178, 179, 180, 181, 182, 183, 184, 189, 190, 191, 193, 194, 196, 198, 199, 204, 205, 206, 208, 209, 211, 212, 216, 217, 218, 223, 224, 225, 227, 230, 232, 233, 238, 239, 240, 242, 243, 247, 248], "summary": {"covered_lines": 57, "num_statements": 57, "percent_covered": 100.0, "percent_covered_display": "100", "missing_lines": 0, "excluded_lines": 0}, "missing_lines": [], "excluded_lines": []}, "TestCollectPrometheusMetrics": {"executed_lines": [257, 258, 259, 262, 263, 265, 273, 275, 276, 277, 282, 283, 284, 286, 290, 291, 294, 299, 300, 301, 304, 312, 315, 320, 321, 322, 324, 326, 328], "summary": {"covered_lines": 29, "num_statements": 29, "percent_covered": 100.0, "percent_covered_display": "100", "missing_lines": 0, "excluded_lines": 0}, "missing_lines": [], "excluded_lines": []}, "TestQueryAndFormatMetric": {"executed_lines": [337, 338, 339, 341, 349, 351, 353, 354, 355, 356, 357, 358, 363, 364, 365, 367, 372, 374, 376, 377, 378, 383, 384, 385, 387, 392, 394, 396, 397, 402, 403, 404, 406, 408, 410, 411, 416, 417, 418, 420, 422, 424], "summary": {"covered_lines": 42, "num_statements": 42, "percent_covered": 100.0, "percent_covered_display": "100", "missing_lines": 0, "excluded_lines": 0}, "missing_lines": [], "excluded_lines": []}, "TestQueryPrometheus": {"executed_lines": [433, 434, 436, 437, 438, 443, 444, 445, 447, 449, 450, 451, 456, 457, 459, 461, 466, 467, 469, 470, 471, 475, 476, 477, 479, 481, 486, 487, 489, 490, 491, 493, 495, 500, 501, 503, 504, 505, 507, 509, 514, 515, 517, 518, 519, 521, 522, 523, 525, 527, 528], "summary": {"covered_lines": 51, "num_statements": 51, "percent_covered": 100.0, "percent_covered_display": "100", "missing_lines": 0, "excluded_lines": 0}, "missing_lines": [], "excluded_lines": []}, "TestCollectServiceHealth": {"executed_lines": [537, 538, 539, 541, 548, 550, 552, 553, 558, 559, 560, 563, 573, 575, 580, 581, 582, 584, 593, 596, 601, 602, 603, 605, 607, 609], "summary": {"covered_lines": 26, "num_statements": 26, "percent_covered": 100.0, "percent_covered_display": "100", "missing_lines": 0, "excluded_lines": 0}, "missing_lines": [], "excluded_lines": []}, "TestCheckServiceHealth": {"executed_lines": [618, 619, 621, 622, 623, 625, 626, 627, 629, 633, 634, 635, 636, 637, 642, 643, 645, 646, 648, 649, 650, 652, 656, 657, 658, 663, 664, 666, 667, 668, 670, 674, 675, 676, 677, 682, 683, 685, 686, 689, 691, 695, 696, 697, 702, 703, 705, 709, 714, 715, 717, 718, 719, 721, 722, 723, 725, 729, 730, 731, 732, 737, 738, 740, 741, 742, 744, 748], "summary": {"covered_lines": 68, "num_statements": 68, "percent_covered": 100.0, "percent_covered_display": "100", "missing_lines": 0, "excluded_lines": 0}, "missing_lines": [], "excluded_lines": []}, "TestDetermineMetricUnit": {"executed_lines": [756, 758, 759, 760, 764, 766, 767, 771, 773, 774, 775, 779, 781, 782, 786, 788, 789, 790, 794, 796, 797, 801, 803, 804, 805], "summary": {"covered_lines": 25, "num_statements": 25, "percent_covered": 100.0, "percent_covered_display": "100", "missing_lines": 0, "excluded_lines": 0}, "missing_lines": [], "excluded_lines": []}, "TestHealthCheck": {"executed_lines": [814, 815, 817, 818, 819, 821, 822, 823, 825, 827, 828, 829, 830, 835, 836, 838, 840, 841, 846, 847, 849, 850, 851, 853, 857, 858, 859, 864, 868, 870, 871, 872, 874, 876, 877, 882, 883, 884, 886, 890, 891], "summary": {"covered_lines": 41, "num_statements": 41, "percent_covered": 100.0, "percent_covered_display": "100", "missing_lines": 0, "excluded_lines": 0}, "missing_lines": [], "excluded_lines": []}, "TestShutdown": {"executed_lines": [900, 901, 903, 904, 905, 906, 907, 909, 911, 912, 913, 914, 919, 920, 922, 923, 924, 926, 930, 931, 936, 937, 938, 941, 943, 944, 949, 950, 951, 953, 955, 960, 961, 962, 963, 965, 967], "summary": {"covered_lines": 37, "num_statements": 37, "percent_covered": 100.0, "percent_covered_display": "100", "missing_lines": 0, "excluded_lines": 0}, "missing_lines": [], "excluded_lines": []}, "TestEdgeCases": {"executed_lines": [976, 977, 978, 980, 981, 983, 985, 986, 987, 992, 993, 995, 996, 997, 999, 1000, 1001, 1003, 1005, 1010, 1012, 1015, 1016, 1025, 1028, 1029, 1032, 1033, 1036, 1041, 1042, 1043, 1045, 1046, 1048, 1050, 1055, 1056, 1057, 1059, 1060, 1062, 1064, 1069, 1070, 1071, 1073, 1078, 1080, 1082, 1083, 1088, 1089, 1091, 1092, 1093, 1097, 1098, 1099, 1101, 1105, 1106, 1108, 1112, 1113, 1115, 1119, 1120, 1125, 1126, 1127, 1129, 1130, 1132, 1135, 1136, 1137, 1142, 1143, 1145, 1146, 1147, 1149, 1150, 1151, 1154, 1158, 1161, 1162], "summary": {"covered_lines": 89, "num_statements": 89, "percent_covered": 100.0, "percent_covered_display": "100", "missing_lines": 0, "excluded_lines": 0}, "missing_lines": [], "excluded_lines": []}, "": {"executed_lines": [1, 10, 11, 12, 14, 15, 16, 19, 20, 22, 23, 27, 28, 30, 40, 51, 52, 80, 81, 101, 102, 117, 118, 120, 121, 129, 130, 139, 140, 186, 187, 201, 202, 220, 221, 235, 236, 251, 252, 254, 255, 279, 280, 296, 297, 317, 318, 331, 332, 334, 335, 360, 361, 380, 381, 399, 400, 413, 414, 427, 428, 430, 431, 453, 454, 463, 464, 483, 484, 497, 498, 511, 512, 531, 532, 534, 535, 555, 556, 577, 578, 598, 599, 612, 613, 615, 616, 639, 640, 660, 661, 679, 680, 699, 700, 711, 712, 734, 735, 751, 752, 754, 762, 769, 777, 784, 792, 799, 808, 809, 811, 812, 832, 833, 843, 844, 861, 862, 879, 880, 894, 895, 897, 898, 916, 917, 933, 934, 946, 947, 957, 958, 970, 971, 973, 974, 989, 990, 1007, 1008, 1038, 1039, 1052, 1053, 1066, 1067, 1085, 1086, 1110, 1122, 1123, 1139, 1140], "summary": {"covered_lines": 141, "num_statements": 141, "percent_covered": 100.0, "percent_covered_display": "100", "missing_lines": 0, "excluded_lines": 0}, "missing_lines": [], "excluded_lines": []}}}, "websocket_routes.py": {"executed_lines": [1, 16, 17, 18, 20, 21, 23, 26, 27, 30, 31, 32, 35, 36, 37, 40, 41, 42, 43, 44, 47, 48, 51, 52, 54, 55, 56, 57, 58, 59, 62, 63, 65, 66, 67, 68, 71, 72, 79, 80, 81, 83, 105, 116, 132, 148, 158, 179, 183, 186, 187, 321, 332, 343, 352, 361], "summary": {"covered_lines": 51, "num_statements": 114, "percent_covered": 44.73684210526316, "percent_covered_display": "45", "missing_lines": 63, "excluded_lines": 0}, "missing_lines": [85, 86, 87, 89, 93, 107, 108, 109, 110, 112, 118, 119, 121, 130, 134, 135, 137, 146, 150, 151, 152, 153, 154, 155, 156, 162, 164, 166, 167, 168, 169, 170, 171, 172, 174, 175, 285, 287, 288, 289, 290, 292, 293, 298, 299, 301, 302, 305, 313, 314, 315, 316, 317, 323, 329, 334, 338, 345, 349, 354, 358, 363, 367], "excluded_lines": [], "functions": {"MVPConnectionManager.__init__": {"executed_lines": [80, 81], "summary": {"covered_lines": 2, "num_statements": 2, "percent_covered": 100.0, "percent_covered_display": "100", "missing_lines": 0, "excluded_lines": 0}, "missing_lines": [], "excluded_lines": []}, "MVPConnectionManager.connect": {"executed_lines": [], "summary": {"covered_lines": 0, "num_statements": 5, "percent_covered": 0.0, "percent_covered_display": "0", "missing_lines": 5, "excluded_lines": 0}, "missing_lines": [85, 86, 87, 89, 93], "excluded_lines": []}, "MVPConnectionManager.disconnect": {"executed_lines": [], "summary": {"covered_lines": 0, "num_statements": 5, "percent_covered": 0.0, "percent_covered_display": "0", "missing_lines": 5, "excluded_lines": 0}, "missing_lines": [107, 108, 109, 110, 112], "excluded_lines": []}, "MVPConnectionManager.subscribe": {"executed_lines": [], "summary": {"covered_lines": 0, "num_statements": 4, "percent_covered": 0.0, "percent_covered_display": "0", "missing_lines": 4, "excluded_lines": 0}, "missing_lines": [118, 119, 121, 130], "excluded_lines": []}, "MVPConnectionManager.unsubscribe": {"executed_lines": [], "summary": {"covered_lines": 0, "num_statements": 4, "percent_covered": 0.0, "percent_covered_display": "0", "missing_lines": 4, "excluded_lines": 0}, "missing_lines": [134, 135, 137, 146], "excluded_lines": []}, "MVPConnectionManager.send_personal_message": {"executed_lines": [], "summary": {"covered_lines": 0, "num_statements": 7, "percent_covered": 0.0, "percent_covered_display": "0", "missing_lines": 7, "excluded_lines": 0}, "missing_lines": [150, 151, 152, 153, 154, 155, 156], "excluded_lines": []}, "MVPConnectionManager.broadcast_to_channel": {"executed_lines": [], "summary": {"covered_lines": 0, "num_statements": 11, "percent_covered": 0.0, "percent_covered_display": "0", "missing_lines": 11, "excluded_lines": 0}, "missing_lines": [162, 164, 166, 167, 168, 169, 170, 171, 172, 174, 175], "excluded_lines": []}, "mvp_websocket_endpoint": {"executed_lines": [], "summary": {"covered_lines": 0, "num_statements": 17, "percent_covered": 0.0, "percent_covered_display": "0", "missing_lines": 17, "excluded_lines": 0}, "missing_lines": [285, 287, 288, 289, 290, 292, 293, 298, 299, 301, 302, 305, 313, 314, 315, 316, 317], "excluded_lines": []}, "publish_narrative_generated": {"executed_lines": [], "summary": {"covered_lines": 0, "num_statements": 2, "percent_covered": 0.0, "percent_covered_display": "0", "missing_lines": 2, "excluded_lines": 0}, "missing_lines": [323, 329], "excluded_lines": []}, "publish_anomaly_detected": {"executed_lines": [], "summary": {"covered_lines": 0, "num_statements": 2, "percent_covered": 0.0, "percent_covered_display": "0", "missing_lines": 2, "excluded_lines": 0}, "missing_lines": [334, 338], "excluded_lines": []}, "publish_metrics_update": {"executed_lines": [], "summary": {"covered_lines": 0, "num_statements": 2, "percent_covered": 0.0, "percent_covered_display": "0", "missing_lines": 2, "excluded_lines": 0}, "missing_lines": [345, 349], "excluded_lines": []}, "publish_pulse_update": {"executed_lines": [], "summary": {"covered_lines": 0, "num_statements": 2, "percent_covered": 0.0, "percent_covered_display": "0", "missing_lines": 2, "excluded_lines": 0}, "missing_lines": [354, 358], "excluded_lines": []}, "publish_nqs_update": {"executed_lines": [], "summary": {"covered_lines": 0, "num_statements": 2, "percent_covered": 0.0, "percent_covered_display": "0", "missing_lines": 2, "excluded_lines": 0}, "missing_lines": [363, 367], "excluded_lines": []}, "": {"executed_lines": [1, 16, 17, 18, 20, 21, 23, 26, 27, 30, 31, 32, 35, 36, 37, 40, 41, 42, 43, 44, 47, 48, 51, 52, 54, 55, 56, 57, 58, 59, 62, 63, 65, 66, 67, 68, 71, 72, 79, 83, 105, 116, 132, 148, 158, 179, 183, 186, 187, 321, 332, 343, 352, 361], "summary": {"covered_lines": 49, "num_statements": 49, "percent_covered": 100.0, "percent_covered_display": "100", "missing_lines": 0, "excluded_lines": 0}, "missing_lines": [], "excluded_lines": []}}, "classes": {"MVPMessageType": {"executed_lines": [], "summary": {"covered_lines": 0, "num_statements": 0, "percent_covered": 100.0, "percent_covered_display": "100", "missing_lines": 0, "excluded_lines": 0}, "missing_lines": [], "excluded_lines": []}, "MVPChannel": {"executed_lines": [], "summary": {"covered_lines": 0, "num_statements": 0, "percent_covered": 100.0, "percent_covered_display": "100", "missing_lines": 0, "excluded_lines": 0}, "missing_lines": [], "excluded_lines": []}, "MVPWebSocketMessage": {"executed_lines": [], "summary": {"covered_lines": 0, "num_statements": 0, "percent_covered": 100.0, "percent_covered_display": "100", "missing_lines": 0, "excluded_lines": 0}, "missing_lines": [], "excluded_lines": []}, "MVPConnectionManager": {"executed_lines": [80, 81], "summary": {"covered_lines": 2, "num_statements": 38, "percent_covered": 5.2631578947368425, "percent_covered_display": "5", "missing_lines": 36, "excluded_lines": 0}, "missing_lines": [85, 86, 87, 89, 93, 107, 108, 109, 110, 112, 118, 119, 121, 130, 134, 135, 137, 146, 150, 151, 152, 153, 154, 155, 156, 162, 164, 166, 167, 168, 169, 170, 171, 172, 174, 175], "excluded_lines": []}, "": {"executed_lines": [1, 16, 17, 18, 20, 21, 23, 26, 27, 30, 31, 32, 35, 36, 37, 40, 41, 42, 43, 44, 47, 48, 51, 52, 54, 55, 56, 57, 58, 59, 62, 63, 65, 66, 67, 68, 71, 72, 79, 83, 105, 116, 132, 148, 158, 179, 183, 186, 187, 321, 332, 343, 352, 361], "summary": {"covered_lines": 49, "num_statements": 76, "percent_covered": 64.47368421052632, "percent_covered_display": "64", "missing_lines": 27, "excluded_lines": 0}, "missing_lines": [285, 287, 288, 289, 290, 292, 293, 298, 299, 301, 302, 305, 313, 314, 315, 316, 317, 323, 329, 334, 338, 345, 349, 354, 358, 363, 367], "excluded_lines": []}}}}, "totals": {"covered_lines": 3396, "num_statements": 9878, "percent_covered": 34.37942903421745, "percent_covered_display": "34", "missing_lines": 6482, "excluded_lines": 8}}