{"meta": {"format": 3, "version": "7.10.7", "timestamp": "2025-10-31T19:35:14.115289", "branch_coverage": false, "show_contexts": false}, "files": {"__init__.py": {"executed_lines": [1], "summary": {"covered_lines": 0, "num_statements": 0, "percent_covered": 100.0, "percent_covered_display": "100", "missing_lines": 0, "excluded_lines": 0}, "missing_lines": [], "excluded_lines": [], "functions": {"": {"executed_lines": [1], "summary": {"covered_lines": 0, "num_statements": 0, "percent_covered": 100.0, "percent_covered_display": "100", "missing_lines": 0, "excluded_lines": 0}, "missing_lines": [], "excluded_lines": []}}, "classes": {"": {"executed_lines": [1], "summary": {"covered_lines": 0, "num_statements": 0, "percent_covered": 100.0, "percent_covered_display": "100", "missing_lines": 0, "excluded_lines": 0}, "missing_lines": [], "excluded_lines": []}}}, "api.py": {"executed_lines": [], "summary": {"covered_lines": 0, "num_statements": 95, "percent_covered": 0.0, "percent_covered_display": "0", "missing_lines": 95, "excluded_lines": 0}, "missing_lines": [18, 19, 20, 22, 23, 24, 26, 27, 28, 29, 30, 33, 34, 35, 36, 37, 38, 39, 41, 44, 45, 46, 49, 50, 51, 52, 55, 58, 67, 68, 69, 72, 81, 82, 83, 86, 95, 96, 97, 100, 101, 105, 108, 109, 110, 111, 115, 116, 117, 118, 119, 120, 121, 122, 124, 125, 128, 129, 130, 131, 132, 135, 136, 140, 143, 144, 146, 149, 150, 159, 162, 163, 165, 168, 169, 175, 185, 186, 195, 196, 199, 200, 201, 208, 209, 218, 219, 220, 227, 228, 239, 240, 243, 250, 251], "excluded_lines": [], "functions": {"startup_event": {"executed_lines": [], "summary": {"covered_lines": 0, "num_statements": 20, "percent_covered": 0.0, "percent_covered_display": "0", "missing_lines": 20, "excluded_lines": 0}, "missing_lines": [105, 108, 109, 110, 111, 115, 116, 117, 118, 119, 120, 121, 122, 124, 125, 128, 129, 130, 131, 132], "excluded_lines": []}, "shutdown_event": {"executed_lines": [], "summary": {"covered_lines": 0, "num_statements": 4, "percent_covered": 0.0, "percent_covered_display": "0", "missing_lines": 4, "excluded_lines": 0}, "missing_lines": [140, 143, 144, 146], "excluded_lines": []}, "health_check": {"executed_lines": [], "summary": {"covered_lines": 0, "num_statements": 4, "percent_covered": 0.0, "percent_covered_display": "0", "missing_lines": 4, "excluded_lines": 0}, "missing_lines": [159, 162, 163, 165], "excluded_lines": []}, "get_capabilities": {"executed_lines": [], "summary": {"covered_lines": 0, "num_statements": 1, "percent_covered": 0.0, "percent_covered_display": "0", "missing_lines": 1, "excluded_lines": 0}, "missing_lines": [175], "excluded_lines": []}, "get_prediction": {"executed_lines": [], "summary": {"covered_lines": 0, "num_statements": 5, "percent_covered": 0.0, "percent_covered_display": "0", "missing_lines": 5, "excluded_lines": 0}, "missing_lines": [195, 196, 199, 200, 201], "excluded_lines": []}, "analyze_code_endpoint": {"executed_lines": [], "summary": {"covered_lines": 0, "num_statements": 3, "percent_covered": 0.0, "percent_covered_display": "0", "missing_lines": 3, "excluded_lines": 0}, "missing_lines": [218, 219, 220], "excluded_lines": []}, "auto_implement_code_endpoint": {"executed_lines": [], "summary": {"covered_lines": 0, "num_statements": 3, "percent_covered": 0.0, "percent_covered_display": "0", "missing_lines": 3, "excluded_lines": 0}, "missing_lines": [239, 240, 243], "excluded_lines": []}, "": {"executed_lines": [], "summary": {"covered_lines": 0, "num_statements": 55, "percent_covered": 0.0, "percent_covered_display": "0", "missing_lines": 55, "excluded_lines": 0}, "missing_lines": [18, 19, 20, 22, 23, 24, 26, 27, 28, 29, 30, 33, 34, 35, 36, 37, 38, 39, 41, 44, 45, 46, 49, 50, 51, 52, 55, 58, 67, 68, 69, 72, 81, 82, 83, 86, 95, 96, 97, 100, 101, 135, 136, 149, 150, 168, 169, 185, 186, 208, 209, 227, 228, 250, 251], "excluded_lines": []}}, "classes": {"PredictionRequest": {"executed_lines": [], "summary": {"covered_lines": 0, "num_statements": 0, "percent_covered": 100.0, "percent_covered_display": "100", "missing_lines": 0, "excluded_lines": 0}, "missing_lines": [], "excluded_lines": []}, "CodeAnalysisRequest": {"executed_lines": [], "summary": {"covered_lines": 0, "num_statements": 0, "percent_covered": 100.0, "percent_covered_display": "100", "missing_lines": 0, "excluded_lines": 0}, "missing_lines": [], "excluded_lines": []}, "ImplementationRequest": {"executed_lines": [], "summary": {"covered_lines": 0, "num_statements": 0, "percent_covered": 100.0, "percent_covered_display": "100", "missing_lines": 0, "excluded_lines": 0}, "missing_lines": [], "excluded_lines": []}, "": {"executed_lines": [], "summary": {"covered_lines": 0, "num_statements": 95, "percent_covered": 0.0, "percent_covered_display": "0", "missing_lines": 95, "excluded_lines": 0}, "missing_lines": [18, 19, 20, 22, 23, 24, 26, 27, 28, 29, 30, 33, 34, 35, 36, 37, 38, 39, 41, 44, 45, 46, 49, 50, 51, 52, 55, 58, 67, 68, 69, 72, 81, 82, 83, 86, 95, 96, 97, 100, 101, 105, 108, 109, 110, 111, 115, 116, 117, 118, 119, 120, 121, 122, 124, 125, 128, 129, 130, 131, 132, 135, 136, 140, 143, 144, 146, 149, 150, 159, 162, 163, 165, 168, 169, 175, 185, 186, 195, 196, 199, 200, 201, 208, 209, 218, 219, 220, 227, 228, 239, 240, 243, 250, 251], "excluded_lines": []}}}, "api_endpoints/__init__.py": {"executed_lines": [], "summary": {"covered_lines": 0, "num_statements": 2, "percent_covered": 0.0, "percent_covered_display": "0", "missing_lines": 2, "excluded_lines": 0}, "missing_lines": [3, 5], "excluded_lines": [], "functions": {"": {"executed_lines": [], "summary": {"covered_lines": 0, "num_statements": 2, "percent_covered": 0.0, "percent_covered_display": "0", "missing_lines": 2, "excluded_lines": 0}, "missing_lines": [3, 5], "excluded_lines": []}}, "classes": {"": {"executed_lines": [], "summary": {"covered_lines": 0, "num_statements": 2, "percent_covered": 0.0, "percent_covered_display": "0", "missing_lines": 2, "excluded_lines": 0}, "missing_lines": [3, 5], "excluded_lines": []}}}, "api_endpoints/websocket_endpoints.py": {"executed_lines": [], "summary": {"covered_lines": 0, "num_statements": 44, "percent_covered": 0.0, "percent_covered_display": "0", "missing_lines": 44, "excluded_lines": 0}, "missing_lines": [18, 19, 21, 23, 26, 28, 31, 34, 44, 45, 48, 49, 75, 76, 77, 78, 81, 82, 85, 87, 90, 92, 93, 96, 97, 98, 99, 100, 101, 102, 103, 104, 105, 107, 109, 110, 112, 113, 117, 120, 121, 128, 129, 134], "excluded_lines": [], "functions": {"initialize_stream_manager": {"executed_lines": [], "summary": {"covered_lines": 0, "num_statements": 2, "percent_covered": 0.0, "percent_covered_display": "0", "missing_lines": 2, "excluded_lines": 0}, "missing_lines": [44, 45], "excluded_lines": []}, "websocket_adaptive_immunity": {"executed_lines": [], "summary": {"covered_lines": 0, "num_statements": 27, "percent_covered": 0.0, "percent_covered_display": "0", "missing_lines": 27, "excluded_lines": 0}, "missing_lines": [75, 76, 77, 78, 81, 82, 85, 87, 90, 92, 93, 96, 97, 98, 99, 100, 101, 102, 103, 104, 105, 107, 109, 110, 112, 113, 117], "excluded_lines": []}, "websocket_status": {"executed_lines": [], "summary": {"covered_lines": 0, "num_statements": 3, "percent_covered": 0.0, "percent_covered_display": "0", "missing_lines": 3, "excluded_lines": 0}, "missing_lines": [128, 129, 134], "excluded_lines": []}, "": {"executed_lines": [], "summary": {"covered_lines": 0, "num_statements": 12, "percent_covered": 0.0, "percent_covered_display": "0", "missing_lines": 12, "excluded_lines": 0}, "missing_lines": [18, 19, 21, 23, 26, 28, 31, 34, 48, 49, 120, 121], "excluded_lines": []}}, "classes": {"": {"executed_lines": [], "summary": {"covered_lines": 0, "num_statements": 44, "percent_covered": 0.0, "percent_covered_display": "0", "missing_lines": 44, "excluded_lines": 0}, "missing_lines": [18, 19, 21, 23, 26, 28, 31, 34, 44, 45, 48, 49, 75, 76, 77, 78, 81, 82, 85, 87, 90, 92, 93, 96, 97, 98, 99, 100, 101, 102, 103, 104, 105, 107, 109, 110, 112, 113, 117, 120, 121, 128, 129, 134], "excluded_lines": []}}}, "auto_implementer.py": {"executed_lines": [], "summary": {"covered_lines": 0, "num_statements": 54, "percent_covered": 0.0, "percent_covered_display": "0", "missing_lines": 54, "excluded_lines": 0}, "missing_lines": [14, 15, 16, 17, 19, 22, 30, 32, 33, 34, 37, 38, 40, 41, 42, 43, 44, 45, 46, 51, 53, 54, 55, 56, 57, 59, 61, 77, 83, 84, 85, 91, 92, 93, 103, 105, 106, 107, 110, 113, 114, 119, 127, 129, 131, 138, 139, 152, 153, 170, 177, 185, 187, 193], "excluded_lines": [], "functions": {"AutoImplementer.__init__": {"executed_lines": [], "summary": {"covered_lines": 0, "num_statements": 19, "percent_covered": 0.0, "percent_covered_display": "0", "missing_lines": 19, "excluded_lines": 0}, "missing_lines": [32, 33, 34, 37, 38, 40, 41, 42, 43, 44, 45, 46, 51, 53, 54, 55, 56, 57, 59], "excluded_lines": []}, "AutoImplementer.implement_code": {"executed_lines": [], "summary": {"covered_lines": 0, "num_statements": 17, "percent_covered": 0.0, "percent_covered_display": "0", "missing_lines": 17, "excluded_lines": 0}, "missing_lines": [77, 83, 84, 85, 91, 92, 93, 103, 105, 106, 107, 110, 113, 114, 119, 127, 129], "excluded_lines": []}, "AutoImplementer._generate_template_code": {"executed_lines": [], "summary": {"covered_lines": 0, "num_statements": 7, "percent_covered": 0.0, "percent_covered_display": "0", "missing_lines": 7, "excluded_lines": 0}, "missing_lines": [138, 139, 152, 153, 170, 177, 185], "excluded_lines": []}, "AutoImplementer.get_status": {"executed_lines": [], "summary": {"covered_lines": 0, "num_statements": 1, "percent_covered": 0.0, "percent_covered_display": "0", "missing_lines": 1, "excluded_lines": 0}, "missing_lines": [193], "excluded_lines": []}, "": {"executed_lines": [], "summary": {"covered_lines": 0, "num_statements": 10, "percent_covered": 0.0, "percent_covered_display": "0", "missing_lines": 10, "excluded_lines": 0}, "missing_lines": [14, 15, 16, 17, 19, 22, 30, 61, 131, 187], "excluded_lines": []}}, "classes": {"AutoImplementer": {"executed_lines": [], "summary": {"covered_lines": 0, "num_statements": 44, "percent_covered": 0.0, "percent_covered_display": "0", "missing_lines": 44, "excluded_lines": 0}, "missing_lines": [32, 33, 34, 37, 38, 40, 41, 42, 43, 44, 45, 46, 51, 53, 54, 55, 56, 57, 59, 77, 83, 84, 85, 91, 92, 93, 103, 105, 106, 107, 110, 113, 114, 119, 127, 129, 138, 139, 152, 153, 170, 177, 185, 193], "excluded_lines": []}, "": {"executed_lines": [], "summary": {"covered_lines": 0, "num_statements": 10, "percent_covered": 0.0, "percent_covered_display": "0", "missing_lines": 10, "excluded_lines": 0}, "missing_lines": [14, 15, 16, 17, 19, 22, 30, 61, 131, 187], "excluded_lines": []}}}, "code_scanner.py": {"executed_lines": [], "summary": {"covered_lines": 0, "num_statements": 29, "percent_covered": 0.0, "percent_covered_display": "0", "missing_lines": 29, "excluded_lines": 0}, "missing_lines": [15, 16, 17, 20, 28, 30, 31, 32, 34, 48, 49, 51, 58, 59, 60, 68, 69, 77, 78, 79, 87, 88, 89, 98, 100, 101, 103, 105, 111], "excluded_lines": [], "functions": {"CodeScanner.__init__": {"executed_lines": [], "summary": {"covered_lines": 0, "num_statements": 3, "percent_covered": 0.0, "percent_covered_display": "0", "missing_lines": 3, "excluded_lines": 0}, "missing_lines": [30, 31, 32], "excluded_lines": []}, "CodeScanner.scan_code": {"executed_lines": [], "summary": {"covered_lines": 0, "num_statements": 18, "percent_covered": 0.0, "percent_covered_display": "0", "missing_lines": 18, "excluded_lines": 0}, "missing_lines": [48, 49, 51, 58, 59, 60, 68, 69, 77, 78, 79, 87, 88, 89, 98, 100, 101, 103], "excluded_lines": []}, "CodeScanner.get_status": {"executed_lines": [], "summary": {"covered_lines": 0, "num_statements": 1, "percent_covered": 0.0, "percent_covered_display": "0", "missing_lines": 1, "excluded_lines": 0}, "missing_lines": [111], "excluded_lines": []}, "": {"executed_lines": [], "summary": {"covered_lines": 0, "num_statements": 7, "percent_covered": 0.0, "percent_covered_display": "0", "missing_lines": 7, "excluded_lines": 0}, "missing_lines": [15, 16, 17, 20, 28, 34, 105], "excluded_lines": []}}, "classes": {"CodeScanner": {"executed_lines": [], "summary": {"covered_lines": 0, "num_statements": 22, "percent_covered": 0.0, "percent_covered_display": "0", "missing_lines": 22, "excluded_lines": 0}, "missing_lines": [30, 31, 32, 48, 49, 51, 58, 59, 60, 68, 69, 77, 78, 79, 87, 88, 89, 98, 100, 101, 103, 111], "excluded_lines": []}, "": {"executed_lines": [], "summary": {"covered_lines": 0, "num_statements": 7, "percent_covered": 0.0, "percent_covered_display": "0", "missing_lines": 7, "excluded_lines": 0}, "missing_lines": [15, 16, 17, 20, 28, 34, 105], "excluded_lines": []}}}, "config.py": {"executed_lines": [], "summary": {"covered_lines": 0, "num_statements": 29, "percent_covered": 0.0, "percent_covered_display": "0", "missing_lines": 29, "excluded_lines": 0}, "missing_lines": [6, 7, 10, 13, 16, 17, 18, 21, 22, 25, 26, 27, 30, 31, 34, 36, 38, 40, 42, 44, 46, 53, 55, 56, 58, 60, 61, 63, 73], "excluded_lines": [], "functions": {"OraculoConfig.__init__": {"executed_lines": [], "summary": {"covered_lines": 0, "num_statements": 11, "percent_covered": 0.0, "percent_covered_display": "0", "missing_lines": 11, "excluded_lines": 0}, "missing_lines": [16, 17, 18, 21, 22, 25, 26, 27, 30, 31, 34], "excluded_lines": []}, "OraculoConfig.check_kafka_availability": {"executed_lines": [], "summary": {"covered_lines": 0, "num_statements": 1, "percent_covered": 0.0, "percent_covered_display": "0", "missing_lines": 1, "excluded_lines": 0}, "missing_lines": [38], "excluded_lines": []}, "OraculoConfig.check_llm_availability": {"executed_lines": [], "summary": {"covered_lines": 0, "num_statements": 1, "percent_covered": 0.0, "percent_covered_display": "0", "missing_lines": 1, "excluded_lines": 0}, "missing_lines": [42], "excluded_lines": []}, "OraculoConfig.get_capabilities": {"executed_lines": [], "summary": {"covered_lines": 0, "num_statements": 1, "percent_covered": 0.0, "percent_covered_display": "0", "missing_lines": 1, "excluded_lines": 0}, "missing_lines": [46], "excluded_lines": []}, "OraculoConfig.add_degradation": {"executed_lines": [], "summary": {"covered_lines": 0, "num_statements": 2, "percent_covered": 0.0, "percent_covered_display": "0", "missing_lines": 2, "excluded_lines": 0}, "missing_lines": [55, 56], "excluded_lines": []}, "OraculoConfig.get_health_status": {"executed_lines": [], "summary": {"covered_lines": 0, "num_statements": 3, "percent_covered": 0.0, "percent_covered_display": "0", "missing_lines": 3, "excluded_lines": 0}, "missing_lines": [60, 61, 63], "excluded_lines": []}, "": {"executed_lines": [], "summary": {"covered_lines": 0, "num_statements": 10, "percent_covered": 0.0, "percent_covered_display": "0", "missing_lines": 10, "excluded_lines": 0}, "missing_lines": [6, 7, 10, 13, 36, 40, 44, 53, 58, 73], "excluded_lines": []}}, "classes": {"OraculoConfig": {"executed_lines": [], "summary": {"covered_lines": 0, "num_statements": 19, "percent_covered": 0.0, "percent_covered_display": "0", "missing_lines": 19, "excluded_lines": 0}, "missing_lines": [16, 17, 18, 21, 22, 25, 26, 27, 30, 31, 34, 38, 42, 46, 55, 56, 60, 61, 63], "excluded_lines": []}, "": {"executed_lines": [], "summary": {"covered_lines": 0, "num_statements": 10, "percent_covered": 0.0, "percent_covered_display": "0", "missing_lines": 10, "excluded_lines": 0}, "missing_lines": [6, 7, 10, 13, 36, 40, 44, 53, 58, 73], "excluded_lines": []}}}, "enrichment/__init__.py": {"executed_lines": [], "summary": {"covered_lines": 0, "num_statements": 0, "percent_covered": 100.0, "percent_covered_display": "100", "missing_lines": 0, "excluded_lines": 0}, "missing_lines": [], "excluded_lines": [], "functions": {"": {"executed_lines": [], "summary": {"covered_lines": 0, "num_statements": 0, "percent_covered": 100.0, "percent_covered_display": "100", "missing_lines": 0, "excluded_lines": 0}, "missing_lines": [], "excluded_lines": []}}, "classes": {"": {"executed_lines": [], "summary": {"covered_lines": 0, "num_statements": 0, "percent_covered": 100.0, "percent_covered_display": "100", "missing_lines": 0, "excluded_lines": 0}, "missing_lines": [], "excluded_lines": []}}}, "filtering/__init__.py": {"executed_lines": [], "summary": {"covered_lines": 0, "num_statements": 0, "percent_covered": 100.0, "percent_covered_display": "100", "missing_lines": 0, "excluded_lines": 0}, "missing_lines": [], "excluded_lines": [], "functions": {"": {"executed_lines": [], "summary": {"covered_lines": 0, "num_statements": 0, "percent_covered": 100.0, "percent_covered_display": "100", "missing_lines": 0, "excluded_lines": 0}, "missing_lines": [], "excluded_lines": []}}, "classes": {"": {"executed_lines": [], "summary": {"covered_lines": 0, "num_statements": 0, "percent_covered": 100.0, "percent_covered_display": "100", "missing_lines": 0, "excluded_lines": 0}, "missing_lines": [], "excluded_lines": []}}}, "filtering/dependency_graph.py": {"executed_lines": [], "summary": {"covered_lines": 0, "num_statements": 133, "percent_covered": 0.0, "percent_covered_display": "0", "missing_lines": 133, "excluded_lines": 0}, "missing_lines": [14, 15, 16, 17, 18, 19, 21, 24, 25, 32, 33, 34, 35, 37, 57, 58, 61, 62, 63, 65, 66, 67, 69, 72, 73, 83, 84, 85, 86, 88, 89, 91, 93, 95, 100, 102, 103, 104, 105, 108, 124, 131, 132, 133, 135, 137, 144, 147, 148, 150, 151, 152, 153, 154, 155, 156, 157, 159, 164, 174, 175, 176, 179, 180, 183, 184, 185, 187, 194, 195, 196, 199, 200, 201, 204, 205, 207, 209, 219, 220, 221, 223, 224, 226, 228, 238, 239, 240, 243, 244, 245, 246, 248, 249, 250, 251, 253, 259, 261, 262, 263, 265, 286, 287, 290, 291, 294, 295, 296, 297, 299, 300, 302, 309, 316, 317, 318, 319, 320, 322, 332, 333, 335, 341, 343, 345, 347, 349, 356, 361, 362, 363, 365], "excluded_lines": [], "functions": {"PackageDependency.matches_version": {"executed_lines": [], "summary": {"covered_lines": 0, "num_statements": 9, "percent_covered": 0.0, "percent_covered_display": "0", "missing_lines": 9, "excluded_lines": 0}, "missing_lines": [57, 58, 61, 62, 63, 65, 66, 67, 69], "excluded_lines": []}, "ServiceDependencies.all_dependencies": {"executed_lines": [], "summary": {"covered_lines": 0, "num_statements": 1, "percent_covered": 0.0, "percent_covered_display": "0", "missing_lines": 1, "excluded_lines": 0}, "missing_lines": [91], "excluded_lines": []}, "ServiceDependencies.has_package": {"executed_lines": [], "summary": {"covered_lines": 0, "num_statements": 1, "percent_covered": 0.0, "percent_covered_display": "0", "missing_lines": 1, "excluded_lines": 0}, "missing_lines": [95], "excluded_lines": []}, "ServiceDependencies.get_package_version": {"executed_lines": [], "summary": {"covered_lines": 0, "num_statements": 4, "percent_covered": 0.0, "percent_covered_display": "0", "missing_lines": 4, "excluded_lines": 0}, "missing_lines": [102, 103, 104, 105], "excluded_lines": []}, "DependencyGraphBuilder.__init__": {"executed_lines": [], "summary": {"covered_lines": 0, "num_statements": 4, "percent_covered": 0.0, "percent_covered_display": "0", "missing_lines": 4, "excluded_lines": 0}, "missing_lines": [131, 132, 133, 135], "excluded_lines": []}, "DependencyGraphBuilder.build_graph": {"executed_lines": [], "summary": {"covered_lines": 0, "num_statements": 12, "percent_covered": 0.0, "percent_covered_display": "0", "missing_lines": 12, "excluded_lines": 0}, "missing_lines": [144, 147, 148, 150, 151, 152, 153, 154, 155, 156, 157, 159], "excluded_lines": []}, "DependencyGraphBuilder._parse_pyproject": {"executed_lines": [], "summary": {"covered_lines": 0, "num_statements": 42, "percent_covered": 0.0, "percent_covered_display": "0", "missing_lines": 42, "excluded_lines": 0}, "missing_lines": [174, 175, 176, 179, 180, 183, 184, 185, 187, 194, 195, 196, 199, 200, 201, 204, 205, 207, 209, 219, 220, 221, 223, 224, 226, 228, 238, 239, 240, 243, 244, 245, 246, 248, 249, 250, 251, 253, 259, 261, 262, 263], "excluded_lines": []}, "DependencyGraphBuilder._parse_pep508_dependency": {"executed_lines": [], "summary": {"covered_lines": 0, "num_statements": 11, "percent_covered": 0.0, "percent_covered_display": "0", "missing_lines": 11, "excluded_lines": 0}, "missing_lines": [286, 287, 290, 291, 294, 295, 296, 297, 299, 300, 302], "excluded_lines": []}, "DependencyGraphBuilder._index_dependencies": {"executed_lines": [], "summary": {"covered_lines": 0, "num_statements": 5, "percent_covered": 0.0, "percent_covered_display": "0", "missing_lines": 5, "excluded_lines": 0}, "missing_lines": [316, 317, 318, 319, 320], "excluded_lines": []}, "DependencyGraphBuilder.get_services_using_package": {"executed_lines": [], "summary": {"covered_lines": 0, "num_statements": 3, "percent_covered": 0.0, "percent_covered_display": "0", "missing_lines": 3, "excluded_lines": 0}, "missing_lines": [332, 333, 335], "excluded_lines": []}, "DependencyGraphBuilder.get_all_services": {"executed_lines": [], "summary": {"covered_lines": 0, "num_statements": 1, "percent_covered": 0.0, "percent_covered_display": "0", "missing_lines": 1, "excluded_lines": 0}, "missing_lines": [343], "excluded_lines": []}, "DependencyGraphBuilder.get_all_packages": {"executed_lines": [], "summary": {"covered_lines": 0, "num_statements": 1, "percent_covered": 0.0, "percent_covered_display": "0", "missing_lines": 1, "excluded_lines": 0}, "missing_lines": [347], "excluded_lines": []}, "DependencyGraphBuilder.get_stats": {"executed_lines": [], "summary": {"covered_lines": 0, "num_statements": 5, "percent_covered": 0.0, "percent_covered_display": "0", "missing_lines": 5, "excluded_lines": 0}, "missing_lines": [356, 361, 362, 363, 365], "excluded_lines": []}, "": {"executed_lines": [], "summary": {"covered_lines": 0, "num_statements": 34, "percent_covered": 0.0, "percent_covered_display": "0", "missing_lines": 34, "excluded_lines": 0}, "missing_lines": [14, 15, 16, 17, 18, 19, 21, 24, 25, 32, 33, 34, 35, 37, 72, 73, 83, 84, 85, 86, 88, 89, 93, 100, 108, 124, 137, 164, 265, 309, 322, 341, 345, 349], "excluded_lines": []}}, "classes": {"PackageDependency": {"executed_lines": [], "summary": {"covered_lines": 0, "num_statements": 9, "percent_covered": 0.0, "percent_covered_display": "0", "missing_lines": 9, "excluded_lines": 0}, "missing_lines": [57, 58, 61, 62, 63, 65, 66, 67, 69], "excluded_lines": []}, "ServiceDependencies": {"executed_lines": [], "summary": {"covered_lines": 0, "num_statements": 6, "percent_covered": 0.0, "percent_covered_display": "0", "missing_lines": 6, "excluded_lines": 0}, "missing_lines": [91, 95, 102, 103, 104, 105], "excluded_lines": []}, "DependencyGraphBuilder": {"executed_lines": [], "summary": {"covered_lines": 0, "num_statements": 84, "percent_covered": 0.0, "percent_covered_display": "0", "missing_lines": 84, "excluded_lines": 0}, "missing_lines": [131, 132, 133, 135, 144, 147, 148, 150, 151, 152, 153, 154, 155, 156, 157, 159, 174, 175, 176, 179, 180, 183, 184, 185, 187, 194, 195, 196, 199, 200, 201, 204, 205, 207, 209, 219, 220, 221, 223, 224, 226, 228, 238, 239, 240, 243, 244, 245, 246, 248, 249, 250, 251, 253, 259, 261, 262, 263, 286, 287, 290, 291, 294, 295, 296, 297, 299, 300, 302, 316, 317, 318, 319, 320, 332, 333, 335, 343, 347, 356, 361, 362, 363, 365], "excluded_lines": []}, "": {"executed_lines": [], "summary": {"covered_lines": 0, "num_statements": 34, "percent_covered": 0.0, "percent_covered_display": "0", "missing_lines": 34, "excluded_lines": 0}, "missing_lines": [14, 15, 16, 17, 18, 19, 21, 24, 25, 32, 33, 34, 35, 37, 72, 73, 83, 84, 85, 86, 88, 89, 93, 100, 108, 124, 137, 164, 265, 309, 322, 341, 345, 349], "excluded_lines": []}}}, "filtering/relevance_filter.py": {"executed_lines": [], "summary": {"covered_lines": 0, "num_statements": 123, "percent_covered": 0.0, "percent_covered_display": "0", "missing_lines": 123, "excluded_lines": 0}, "missing_lines": [18, 19, 20, 22, 23, 25, 27, 30, 31, 43, 44, 45, 46, 47, 48, 51, 73, 80, 81, 90, 92, 112, 114, 116, 117, 120, 121, 126, 128, 130, 132, 145, 148, 151, 154, 156, 157, 158, 159, 161, 162, 165, 167, 168, 171, 172, 175, 176, 183, 192, 194, 204, 206, 207, 208, 210, 213, 216, 217, 218, 219, 220, 221, 223, 225, 248, 250, 252, 255, 256, 259, 261, 262, 263, 266, 267, 269, 270, 274, 275, 277, 278, 279, 280, 281, 282, 284, 285, 286, 289, 291, 292, 293, 294, 295, 297, 298, 304, 306, 307, 309, 312, 314, 324, 325, 327, 328, 329, 330, 333, 334, 335, 337, 356, 365, 367, 377, 378, 386, 387, 388, 389, 391], "excluded_lines": [], "functions": {"RelevanceFilter.__init__": {"executed_lines": [], "summary": {"covered_lines": 0, "num_statements": 3, "percent_covered": 0.0, "percent_covered_display": "0", "missing_lines": 3, "excluded_lines": 0}, "missing_lines": [80, 81, 90], "excluded_lines": []}, "RelevanceFilter.filter_vulnerabilities": {"executed_lines": [], "summary": {"covered_lines": 0, "num_statements": 9, "percent_covered": 0.0, "percent_covered_display": "0", "missing_lines": 9, "excluded_lines": 0}, "missing_lines": [112, 114, 116, 117, 120, 121, 126, 128, 130], "excluded_lines": []}, "RelevanceFilter._check_vulnerability_relevance": {"executed_lines": [], "summary": {"covered_lines": 0, "num_statements": 19, "percent_covered": 0.0, "percent_covered_display": "0", "missing_lines": 19, "excluded_lines": 0}, "missing_lines": [145, 148, 151, 154, 156, 157, 158, 159, 161, 162, 165, 167, 168, 171, 172, 175, 176, 183, 192], "excluded_lines": []}, "RelevanceFilter._extract_cvss_score": {"executed_lines": [], "summary": {"covered_lines": 0, "num_statements": 13, "percent_covered": 0.0, "percent_covered_display": "0", "missing_lines": 13, "excluded_lines": 0}, "missing_lines": [204, 206, 207, 208, 210, 213, 216, 217, 218, 219, 220, 221, 223], "excluded_lines": []}, "RelevanceFilter._check_version_match": {"executed_lines": [], "summary": {"covered_lines": 0, "num_statements": 37, "percent_covered": 0.0, "percent_covered_display": "0", "missing_lines": 37, "excluded_lines": 0}, "missing_lines": [248, 250, 252, 255, 256, 259, 261, 262, 263, 266, 267, 269, 270, 274, 275, 277, 278, 279, 280, 281, 282, 284, 285, 286, 289, 291, 292, 293, 294, 295, 297, 298, 304, 306, 307, 309, 312], "excluded_lines": []}, "RelevanceFilter._increment_version": {"executed_lines": [], "summary": {"covered_lines": 0, "num_statements": 9, "percent_covered": 0.0, "percent_covered_display": "0", "missing_lines": 9, "excluded_lines": 0}, "missing_lines": [324, 325, 327, 328, 329, 330, 333, 334, 335], "excluded_lines": []}, "RelevanceFilter.get_most_critical": {"executed_lines": [], "summary": {"covered_lines": 0, "num_statements": 2, "percent_covered": 0.0, "percent_covered_display": "0", "missing_lines": 2, "excluded_lines": 0}, "missing_lines": [356, 365], "excluded_lines": []}, "RelevanceFilter.get_stats": {"executed_lines": [], "summary": {"covered_lines": 0, "num_statements": 7, "percent_covered": 0.0, "percent_covered_display": "0", "missing_lines": 7, "excluded_lines": 0}, "missing_lines": [377, 378, 386, 387, 388, 389, 391], "excluded_lines": []}, "": {"executed_lines": [], "summary": {"covered_lines": 0, "num_statements": 24, "percent_covered": 0.0, "percent_covered_display": "0", "missing_lines": 24, "excluded_lines": 0}, "missing_lines": [18, 19, 20, 22, 23, 25, 27, 30, 31, 43, 44, 45, 46, 47, 48, 51, 73, 92, 132, 194, 225, 314, 337, 367], "excluded_lines": []}}, "classes": {"RelevanceMatch": {"executed_lines": [], "summary": {"covered_lines": 0, "num_statements": 0, "percent_covered": 100.0, "percent_covered_display": "100", "missing_lines": 0, "excluded_lines": 0}, "missing_lines": [], "excluded_lines": []}, "RelevanceFilter": {"executed_lines": [], "summary": {"covered_lines": 0, "num_statements": 99, "percent_covered": 0.0, "percent_covered_display": "0", "missing_lines": 99, "excluded_lines": 0}, "missing_lines": [80, 81, 90, 112, 114, 116, 117, 120, 121, 126, 128, 130, 145, 148, 151, 154, 156, 157, 158, 159, 161, 162, 165, 167, 168, 171, 172, 175, 176, 183, 192, 204, 206, 207, 208, 210, 213, 216, 217, 218, 219, 220, 221, 223, 248, 250, 252, 255, 256, 259, 261, 262, 263, 266, 267, 269, 270, 274, 275, 277, 278, 279, 280, 281, 282, 284, 285, 286, 289, 291, 292, 293, 294, 295, 297, 298, 304, 306, 307, 309, 312, 324, 325, 327, 328, 329, 330, 333, 334, 335, 356, 365, 377, 378, 386, 387, 388, 389, 391], "excluded_lines": []}, "": {"executed_lines": [], "summary": {"covered_lines": 0, "num_statements": 24, "percent_covered": 0.0, "percent_covered_display": "0", "missing_lines": 24, "excluded_lines": 0}, "missing_lines": [18, 19, 20, 22, 23, 25, 27, 30, 31, 43, 44, 45, 46, 47, 48, 51, 73, 92, 132, 194, 225, 314, 337, 367], "excluded_lines": []}}}, "kafka_integration/__init__.py": {"executed_lines": [], "summary": {"covered_lines": 0, "num_statements": 0, "percent_covered": 100.0, "percent_covered_display": "100", "missing_lines": 0, "excluded_lines": 0}, "missing_lines": [], "excluded_lines": [], "functions": {"": {"executed_lines": [], "summary": {"covered_lines": 0, "num_statements": 0, "percent_covered": 100.0, "percent_covered_display": "100", "missing_lines": 0, "excluded_lines": 0}, "missing_lines": [], "excluded_lines": []}}, "classes": {"": {"executed_lines": [], "summary": {"covered_lines": 0, "num_statements": 0, "percent_covered": 100.0, "percent_covered_display": "100", "missing_lines": 0, "excluded_lines": 0}, "missing_lines": [], "excluded_lines": []}}}, "kafka_integration/apv_publisher.py": {"executed_lines": [], "summary": {"covered_lines": 0, "num_statements": 85, "percent_covered": 0.0, "percent_covered_display": "0", "missing_lines": 85, "excluded_lines": 0}, "missing_lines": [11, 12, 13, 14, 16, 17, 19, 22, 43, 57, 58, 59, 61, 62, 63, 65, 70, 72, 73, 75, 77, 79, 81, 82, 83, 85, 86, 96, 97, 99, 100, 101, 103, 105, 106, 107, 108, 109, 110, 112, 114, 129, 130, 133, 134, 136, 138, 141, 142, 145, 151, 152, 154, 156, 157, 158, 159, 160, 162, 163, 164, 165, 166, 168, 181, 187, 189, 190, 191, 192, 194, 196, 201, 203, 211, 212, 213, 215, 216, 224, 230, 232, 233, 235, 242], "excluded_lines": [], "functions": {"APVPublisher.__init__": {"executed_lines": [], "summary": {"covered_lines": 0, "num_statements": 7, "percent_covered": 0.0, "percent_covered_display": "0", "missing_lines": 7, "excluded_lines": 0}, "missing_lines": [57, 58, 59, 61, 62, 63, 65], "excluded_lines": []}, "APVPublisher.__aenter__": {"executed_lines": [], "summary": {"covered_lines": 0, "num_statements": 2, "percent_covered": 0.0, "percent_covered_display": "0", "missing_lines": 2, "excluded_lines": 0}, "missing_lines": [72, 73], "excluded_lines": []}, "APVPublisher.__aexit__": {"executed_lines": [], "summary": {"covered_lines": 0, "num_statements": 1, "percent_covered": 0.0, "percent_covered_display": "0", "missing_lines": 1, "excluded_lines": 0}, "missing_lines": [77], "excluded_lines": []}, "APVPublisher.start": {"executed_lines": [], "summary": {"covered_lines": 0, "num_statements": 10, "percent_covered": 0.0, "percent_covered_display": "0", "missing_lines": 10, "excluded_lines": 0}, "missing_lines": [81, 82, 83, 85, 86, 96, 97, 99, 100, 101], "excluded_lines": []}, "APVPublisher.stop": {"executed_lines": [], "summary": {"covered_lines": 0, "num_statements": 7, "percent_covered": 0.0, "percent_covered_display": "0", "missing_lines": 7, "excluded_lines": 0}, "missing_lines": [105, 106, 107, 108, 109, 110, 112], "excluded_lines": []}, "APVPublisher.publish_apv": {"executed_lines": [], "summary": {"covered_lines": 0, "num_statements": 22, "percent_covered": 0.0, "percent_covered_display": "0", "missing_lines": 22, "excluded_lines": 0}, "missing_lines": [129, 130, 133, 134, 136, 138, 141, 142, 145, 151, 152, 154, 156, 157, 158, 159, 160, 162, 163, 164, 165, 166], "excluded_lines": []}, "APVPublisher.publish_batch": {"executed_lines": [], "summary": {"covered_lines": 0, "num_statements": 9, "percent_covered": 0.0, "percent_covered_display": "0", "missing_lines": 9, "excluded_lines": 0}, "missing_lines": [181, 187, 189, 190, 191, 192, 194, 196, 201], "excluded_lines": []}, "APVPublisher._send_to_dlq": {"executed_lines": [], "summary": {"covered_lines": 0, "num_statements": 9, "percent_covered": 0.0, "percent_covered_display": "0", "missing_lines": 9, "excluded_lines": 0}, "missing_lines": [211, 212, 213, 215, 216, 224, 230, 232, 233], "excluded_lines": []}, "APVPublisher.get_stats": {"executed_lines": [], "summary": {"covered_lines": 0, "num_statements": 1, "percent_covered": 0.0, "percent_covered_display": "0", "missing_lines": 1, "excluded_lines": 0}, "missing_lines": [242], "excluded_lines": []}, "": {"executed_lines": [], "summary": {"covered_lines": 0, "num_statements": 17, "percent_covered": 0.0, "percent_covered_display": "0", "missing_lines": 17, "excluded_lines": 0}, "missing_lines": [11, 12, 13, 14, 16, 17, 19, 22, 43, 70, 75, 79, 103, 114, 168, 203, 235], "excluded_lines": []}}, "classes": {"APVPublisher": {"executed_lines": [], "summary": {"covered_lines": 0, "num_statements": 68, "percent_covered": 0.0, "percent_covered_display": "0", "missing_lines": 68, "excluded_lines": 0}, "missing_lines": [57, 58, 59, 61, 62, 63, 65, 72, 73, 77, 81, 82, 83, 85, 86, 96, 97, 99, 100, 101, 105, 106, 107, 108, 109, 110, 112, 129, 130, 133, 134, 136, 138, 141, 142, 145, 151, 152, 154, 156, 157, 158, 159, 160, 162, 163, 164, 165, 166, 181, 187, 189, 190, 191, 192, 194, 196, 201, 211, 212, 213, 215, 216, 224, 230, 232, 233, 242], "excluded_lines": []}, "": {"executed_lines": [], "summary": {"covered_lines": 0, "num_statements": 17, "percent_covered": 0.0, "percent_covered_display": "0", "missing_lines": 17, "excluded_lines": 0}, "missing_lines": [11, 12, 13, 14, 16, 17, 19, 22, 43, 70, 75, 79, 103, 114, 168, 203, 235], "excluded_lines": []}}}, "llm/__init__.py": {"executed_lines": [], "summary": {"covered_lines": 0, "num_statements": 0, "percent_covered": 100.0, "percent_covered_display": "100", "missing_lines": 0, "excluded_lines": 0}, "missing_lines": [], "excluded_lines": [], "functions": {"": {"executed_lines": [], "summary": {"covered_lines": 0, "num_statements": 0, "percent_covered": 100.0, "percent_covered_display": "100", "missing_lines": 0, "excluded_lines": 0}, "missing_lines": [], "excluded_lines": []}}, "classes": {"": {"executed_lines": [], "summary": {"covered_lines": 0, "num_statements": 0, "percent_covered": 100.0, "percent_covered_display": "100", "missing_lines": 0, "excluded_lines": 0}, "missing_lines": [], "excluded_lines": []}}}, "llm/openai_client.py": {"executed_lines": [], "summary": {"covered_lines": 0, "num_statements": 90, "percent_covered": 0.0, "percent_covered_display": "0", "missing_lines": 90, "excluded_lines": 0}, "missing_lines": [11, 12, 13, 14, 15, 17, 18, 19, 20, 21, 24, 25, 28, 29, 30, 31, 32, 33, 34, 37, 41, 47, 64, 65, 70, 71, 72, 77, 78, 79, 80, 81, 84, 85, 86, 87, 89, 105, 108, 111, 112, 113, 128, 131, 132, 136, 139, 140, 141, 143, 152, 153, 156, 157, 158, 169, 170, 171, 172, 175, 185, 187, 188, 202, 203, 218, 223, 230, 233, 234, 237, 238, 239, 240, 243, 244, 247, 248, 249, 250, 251, 253, 255, 257, 259, 261, 262, 264, 266, 268], "excluded_lines": [], "functions": {"OpenAICodeGenerator.__init__": {"executed_lines": [], "summary": {"covered_lines": 0, "num_statements": 14, "percent_covered": 0.0, "percent_covered_display": "0", "missing_lines": 14, "excluded_lines": 0}, "missing_lines": [64, 65, 70, 71, 72, 77, 78, 79, 80, 81, 84, 85, 86, 87], "excluded_lines": []}, "OpenAICodeGenerator.generate_code": {"executed_lines": [], "summary": {"covered_lines": 0, "num_statements": 23, "percent_covered": 0.0, "percent_covered_display": "0", "missing_lines": 23, "excluded_lines": 0}, "missing_lines": [105, 108, 111, 112, 113, 128, 131, 132, 136, 139, 140, 141, 143, 152, 153, 156, 157, 158, 169, 170, 171, 172, 175], "excluded_lines": []}, "OpenAICodeGenerator._get_system_prompt": {"executed_lines": [], "summary": {"covered_lines": 0, "num_statements": 5, "percent_covered": 0.0, "percent_covered_display": "0", "missing_lines": 5, "excluded_lines": 0}, "missing_lines": [187, 188, 202, 203, 218], "excluded_lines": []}, "OpenAICodeGenerator._build_prompt": {"executed_lines": [], "summary": {"covered_lines": 0, "num_statements": 16, "percent_covered": 0.0, "percent_covered_display": "0", "missing_lines": 16, "excluded_lines": 0}, "missing_lines": [230, 233, 234, 237, 238, 239, 240, 243, 244, 247, 248, 249, 250, 251, 253, 255], "excluded_lines": []}, "OpenAICodeGenerator._calculate_cost": {"executed_lines": [], "summary": {"covered_lines": 0, "num_statements": 4, "percent_covered": 0.0, "percent_covered_display": "0", "missing_lines": 4, "excluded_lines": 0}, "missing_lines": [259, 261, 262, 264], "excluded_lines": []}, "OpenAICodeGenerator.get_metrics": {"executed_lines": [], "summary": {"covered_lines": 0, "num_statements": 1, "percent_covered": 0.0, "percent_covered_display": "0", "missing_lines": 1, "excluded_lines": 0}, "missing_lines": [268], "excluded_lines": []}, "": {"executed_lines": [], "summary": {"covered_lines": 0, "num_statements": 27, "percent_covered": 0.0, "percent_covered_display": "0", "missing_lines": 27, "excluded_lines": 0}, "missing_lines": [11, 12, 13, 14, 15, 17, 18, 19, 20, 21, 24, 25, 28, 29, 30, 31, 32, 33, 34, 37, 41, 47, 89, 185, 223, 257, 266], "excluded_lines": []}}, "classes": {"CodeGenerationResult": {"executed_lines": [], "summary": {"covered_lines": 0, "num_statements": 0, "percent_covered": 100.0, "percent_covered_display": "100", "missing_lines": 0, "excluded_lines": 0}, "missing_lines": [], "excluded_lines": []}, "OpenAICodeGenerator": {"executed_lines": [], "summary": {"covered_lines": 0, "num_statements": 63, "percent_covered": 0.0, "percent_covered_display": "0", "missing_lines": 63, "excluded_lines": 0}, "missing_lines": [64, 65, 70, 71, 72, 77, 78, 79, 80, 81, 84, 85, 86, 87, 105, 108, 111, 112, 113, 128, 131, 132, 136, 139, 140, 141, 143, 152, 153, 156, 157, 158, 169, 170, 171, 172, 175, 187, 188, 202, 203, 218, 230, 233, 234, 237, 238, 239, 240, 243, 244, 247, 248, 249, 250, 251, 253, 255, 259, 261, 262, 264, 268], "excluded_lines": []}, "": {"executed_lines": [], "summary": {"covered_lines": 0, "num_statements": 27, "percent_covered": 0.0, "percent_covered_display": "0", "missing_lines": 27, "excluded_lines": 0}, "missing_lines": [11, 12, 13, 14, 15, 17, 18, 19, 20, 21, 24, 25, 28, 29, 30, 31, 32, 33, 34, 37, 41, 47, 89, 185, 223, 257, 266], "excluded_lines": []}}}, "main.py": {"executed_lines": [], "summary": {"covered_lines": 0, "num_statements": 6, "percent_covered": 0.0, "percent_covered_display": "0", "missing_lines": 6, "excluded_lines": 0}, "missing_lines": [2, 5, 6, 7, 8, 11], "excluded_lines": [], "functions": {"": {"executed_lines": [], "summary": {"covered_lines": 0, "num_statements": 6, "percent_covered": 0.0, "percent_covered_display": "0", "missing_lines": 6, "excluded_lines": 0}, "missing_lines": [2, 5, 6, 7, 8, 11], "excluded_lines": []}}, "classes": {"": {"executed_lines": [], "summary": {"covered_lines": 0, "num_statements": 6, "percent_covered": 0.0, "percent_covered_display": "0", "missing_lines": 6, "excluded_lines": 0}, "missing_lines": [2, 5, 6, 7, 8, 11], "excluded_lines": []}}}, "models/__init__.py": {"executed_lines": [], "summary": {"covered_lines": 0, "num_statements": 0, "percent_covered": 100.0, "percent_covered_display": "100", "missing_lines": 0, "excluded_lines": 0}, "missing_lines": [], "excluded_lines": [], "functions": {"": {"executed_lines": [], "summary": {"covered_lines": 0, "num_statements": 0, "percent_covered": 100.0, "percent_covered_display": "100", "missing_lines": 0, "excluded_lines": 0}, "missing_lines": [], "excluded_lines": []}}, "classes": {"": {"executed_lines": [], "summary": {"covered_lines": 0, "num_statements": 0, "percent_covered": 100.0, "percent_covered_display": "100", "missing_lines": 0, "excluded_lines": 0}, "missing_lines": [], "excluded_lines": []}}}, "models/apv.py": {"executed_lines": [], "summary": {"covered_lines": 0, "num_statements": 153, "percent_covered": 0.0, "percent_covered_display": "0", "missing_lines": 153, "excluded_lines": 0}, "missing_lines": [17, 18, 19, 21, 24, 30, 31, 32, 33, 36, 46, 47, 48, 49, 52, 54, 55, 56, 57, 60, 66, 67, 68, 69, 72, 73, 75, 76, 77, 79, 80, 81, 82, 84, 85, 97, 103, 104, 105, 106, 108, 109, 110, 112, 113, 114, 115, 117, 118, 128, 134, 135, 136, 137, 140, 141, 142, 144, 145, 146, 148, 149, 150, 151, 153, 154, 155, 157, 159, 160, 171, 194, 195, 202, 203, 204, 211, 212, 216, 217, 221, 229, 236, 240, 244, 251, 258, 259, 263, 264, 280, 281, 282, 283, 284, 286, 287, 288, 289, 290, 291, 292, 293, 295, 298, 300, 301, 304, 306, 307, 308, 309, 311, 314, 315, 316, 317, 318, 320, 321, 322, 323, 324, 325, 326, 327, 329, 332, 334, 338, 339, 340, 342, 344, 345, 346, 348, 350, 351, 352, 354, 359, 360, 361, 363, 364, 368, 375, 377, 384, 398, 399, 440], "excluded_lines": [], "functions": {"CVSSScore.validate_severity": {"executed_lines": [], "summary": {"covered_lines": 0, "num_statements": 4, "percent_covered": 0.0, "percent_covered_display": "0", "missing_lines": 4, "excluded_lines": 0}, "missing_lines": [79, 80, 81, 82], "excluded_lines": []}, "ASTGrepPattern.validate_language": {"executed_lines": [], "summary": {"covered_lines": 0, "num_statements": 4, "percent_covered": 0.0, "percent_covered_display": "0", "missing_lines": 4, "excluded_lines": 0}, "missing_lines": [112, 113, 114, 115], "excluded_lines": []}, "AffectedPackage.validate_ecosystem": {"executed_lines": [], "summary": {"covered_lines": 0, "num_statements": 4, "percent_covered": 0.0, "percent_covered_display": "0", "missing_lines": 4, "excluded_lines": 0}, "missing_lines": [148, 149, 150, 151], "excluded_lines": []}, "AffectedPackage.has_fix": {"executed_lines": [], "summary": {"covered_lines": 0, "num_statements": 1, "percent_covered": 0.0, "percent_covered_display": "0", "missing_lines": 1, "excluded_lines": 0}, "missing_lines": [157], "excluded_lines": []}, "APV.calculate_smart_defaults": {"executed_lines": [], "summary": {"covered_lines": 0, "num_statements": 39, "percent_covered": 0.0, "percent_covered_display": "0", "missing_lines": 39, "excluded_lines": 0}, "missing_lines": [280, 281, 282, 283, 284, 286, 287, 288, 289, 290, 291, 292, 293, 295, 298, 300, 301, 304, 306, 307, 308, 309, 311, 314, 315, 316, 317, 318, 320, 321, 322, 323, 324, 325, 326, 327, 329, 332, 334], "excluded_lines": []}, "APV.is_critical": {"executed_lines": [], "summary": {"covered_lines": 0, "num_statements": 1, "percent_covered": 0.0, "percent_covered_display": "0", "missing_lines": 1, "excluded_lines": 0}, "missing_lines": [342], "excluded_lines": []}, "APV.requires_immediate_action": {"executed_lines": [], "summary": {"covered_lines": 0, "num_statements": 1, "percent_covered": 0.0, "percent_covered_display": "0", "missing_lines": 1, "excluded_lines": 0}, "missing_lines": [348], "excluded_lines": []}, "APV.has_automated_fix": {"executed_lines": [], "summary": {"covered_lines": 0, "num_statements": 1, "percent_covered": 0.0, "percent_covered_display": "0", "missing_lines": 1, "excluded_lines": 0}, "missing_lines": [354], "excluded_lines": []}, "APV.affected_services": {"executed_lines": [], "summary": {"covered_lines": 0, "num_statements": 2, "percent_covered": 0.0, "percent_covered_display": "0", "missing_lines": 2, "excluded_lines": 0}, "missing_lines": [363, 364], "excluded_lines": []}, "APV.to_kafka_message": {"executed_lines": [], "summary": {"covered_lines": 0, "num_statements": 1, "percent_covered": 0.0, "percent_covered_display": "0", "missing_lines": 1, "excluded_lines": 0}, "missing_lines": [375], "excluded_lines": []}, "APV.to_database_record": {"executed_lines": [], "summary": {"covered_lines": 0, "num_statements": 1, "percent_covered": 0.0, "percent_covered_display": "0", "missing_lines": 1, "excluded_lines": 0}, "missing_lines": [384], "excluded_lines": []}, "": {"executed_lines": [], "summary": {"covered_lines": 0, "num_statements": 94, "percent_covered": 0.0, "percent_covered_display": "0", "missing_lines": 94, "excluded_lines": 0}, "missing_lines": [17, 18, 19, 21, 24, 30, 31, 32, 33, 36, 46, 47, 48, 49, 52, 54, 55, 56, 57, 60, 66, 67, 68, 69, 72, 73, 75, 76, 77, 84, 85, 97, 103, 104, 105, 106, 108, 109, 110, 117, 118, 128, 134, 135, 136, 137, 140, 141, 142, 144, 145, 146, 153, 154, 155, 159, 160, 171, 194, 195, 202, 203, 204, 211, 212, 216, 217, 221, 229, 236, 240, 244, 251, 258, 259, 263, 264, 338, 339, 340, 344, 345, 346, 350, 351, 352, 359, 360, 361, 368, 377, 398, 399, 440], "excluded_lines": []}}, "classes": {"PriorityLevel": {"executed_lines": [], "summary": {"covered_lines": 0, "num_statements": 0, "percent_covered": 100.0, "percent_covered_display": "100", "missing_lines": 0, "excluded_lines": 0}, "missing_lines": [], "excluded_lines": []}, "RemediationStrategy": {"executed_lines": [], "summary": {"covered_lines": 0, "num_statements": 0, "percent_covered": 100.0, "percent_covered_display": "100", "missing_lines": 0, "excluded_lines": 0}, "missing_lines": [], "excluded_lines": []}, "RemediationComplexity": {"executed_lines": [], "summary": {"covered_lines": 0, "num_statements": 0, "percent_covered": 100.0, "percent_covered_display": "100", "missing_lines": 0, "excluded_lines": 0}, "missing_lines": [], "excluded_lines": []}, "CVSSScore": {"executed_lines": [], "summary": {"covered_lines": 0, "num_statements": 4, "percent_covered": 0.0, "percent_covered_display": "0", "missing_lines": 4, "excluded_lines": 0}, "missing_lines": [79, 80, 81, 82], "excluded_lines": []}, "CVSSScore.Config": {"executed_lines": [], "summary": {"covered_lines": 0, "num_statements": 0, "percent_covered": 100.0, "percent_covered_display": "100", "missing_lines": 0, "excluded_lines": 0}, "missing_lines": [], "excluded_lines": []}, "ASTGrepPattern": {"executed_lines": [], "summary": {"covered_lines": 0, "num_statements": 4, "percent_covered": 0.0, "percent_covered_display": "0", "missing_lines": 4, "excluded_lines": 0}, "missing_lines": [112, 113, 114, 115], "excluded_lines": []}, "ASTGrepPattern.Config": {"executed_lines": [], "summary": {"covered_lines": 0, "num_statements": 0, "percent_covered": 100.0, "percent_covered_display": "100", "missing_lines": 0, "excluded_lines": 0}, "missing_lines": [], "excluded_lines": []}, "AffectedPackage": {"executed_lines": [], "summary": {"covered_lines": 0, "num_statements": 5, "percent_covered": 0.0, "percent_covered_display": "0", "missing_lines": 5, "excluded_lines": 0}, "missing_lines": [148, 149, 150, 151, 157], "excluded_lines": []}, "AffectedPackage.Config": {"executed_lines": [], "summary": {"covered_lines": 0, "num_statements": 0, "percent_covered": 100.0, "percent_covered_display": "100", "missing_lines": 0, "excluded_lines": 0}, "missing_lines": [], "excluded_lines": []}, "APV": {"executed_lines": [], "summary": {"covered_lines": 0, "num_statements": 46, "percent_covered": 0.0, "percent_covered_display": "0", "missing_lines": 46, "excluded_lines": 0}, "missing_lines": [280, 281, 282, 283, 284, 286, 287, 288, 289, 290, 291, 292, 293, 295, 298, 300, 301, 304, 306, 307, 308, 309, 311, 314, 315, 316, 317, 318, 320, 321, 322, 323, 324, 325, 326, 327, 329, 332, 334, 342, 348, 354, 363, 364, 375, 384], "excluded_lines": []}, "APV.Config": {"executed_lines": [], "summary": {"covered_lines": 0, "num_statements": 0, "percent_covered": 100.0, "percent_covered_display": "100", "missing_lines": 0, "excluded_lines": 0}, "missing_lines": [], "excluded_lines": []}, "": {"executed_lines": [], "summary": {"covered_lines": 0, "num_statements": 94, "percent_covered": 0.0, "percent_covered_display": "0", "missing_lines": 94, "excluded_lines": 0}, "missing_lines": [17, 18, 19, 21, 24, 30, 31, 32, 33, 36, 46, 47, 48, 49, 52, 54, 55, 56, 57, 60, 66, 67, 68, 69, 72, 73, 75, 76, 77, 84, 85, 97, 103, 104, 105, 106, 108, 109, 110, 117, 118, 128, 134, 135, 136, 137, 140, 141, 142, 144, 145, 146, 153, 154, 155, 159, 160, 171, 194, 195, 202, 203, 204, 211, 212, 216, 217, 221, 229, 236, 240, 244, 251, 258, 259, 263, 264, 338, 339, 340, 344, 345, 346, 350, 351, 352, 359, 360, 361, 368, 377, 398, 399, 440], "excluded_lines": []}}}, "oraculo.py": {"executed_lines": [], "summary": {"covered_lines": 0, "num_statements": 36, "percent_covered": 0.0, "percent_covered_display": "0", "missing_lines": 36, "excluded_lines": 0}, "missing_lines": [18, 19, 20, 23, 30, 32, 33, 34, 36, 49, 50, 52, 53, 54, 57, 58, 59, 60, 61, 63, 64, 65, 66, 67, 68, 69, 70, 72, 73, 74, 76, 85, 86, 88, 90, 96], "excluded_lines": [], "functions": {"OraculoEngine.__init__": {"executed_lines": [], "summary": {"covered_lines": 0, "num_statements": 3, "percent_covered": 0.0, "percent_covered_display": "0", "missing_lines": 3, "excluded_lines": 0}, "missing_lines": [32, 33, 34], "excluded_lines": []}, "OraculoEngine.generate_prediction": {"executed_lines": [], "summary": {"covered_lines": 0, "num_statements": 25, "percent_covered": 0.0, "percent_covered_display": "0", "missing_lines": 25, "excluded_lines": 0}, "missing_lines": [49, 50, 52, 53, 54, 57, 58, 59, 60, 61, 63, 64, 65, 66, 67, 68, 69, 70, 72, 73, 74, 76, 85, 86, 88], "excluded_lines": []}, "OraculoEngine.get_status": {"executed_lines": [], "summary": {"covered_lines": 0, "num_statements": 1, "percent_covered": 0.0, "percent_covered_display": "0", "missing_lines": 1, "excluded_lines": 0}, "missing_lines": [96], "excluded_lines": []}, "": {"executed_lines": [], "summary": {"covered_lines": 0, "num_statements": 7, "percent_covered": 0.0, "percent_covered_display": "0", "missing_lines": 7, "excluded_lines": 0}, "missing_lines": [18, 19, 20, 23, 30, 36, 90], "excluded_lines": []}}, "classes": {"OraculoEngine": {"executed_lines": [], "summary": {"covered_lines": 0, "num_statements": 29, "percent_covered": 0.0, "percent_covered_display": "0", "missing_lines": 29, "excluded_lines": 0}, "missing_lines": [32, 33, 34, 49, 50, 52, 53, 54, 57, 58, 59, 60, 61, 63, 64, 65, 66, 67, 68, 69, 70, 72, 73, 74, 76, 85, 86, 88, 96], "excluded_lines": []}, "": {"executed_lines": [], "summary": {"covered_lines": 0, "num_statements": 7, "percent_covered": 0.0, "percent_covered_display": "0", "missing_lines": 7, "excluded_lines": 0}, "missing_lines": [18, 19, 20, 23, 30, 36, 90], "excluded_lines": []}}}, "oraculo_engine.py": {"executed_lines": [], "summary": {"covered_lines": 0, "num_statements": 140, "percent_covered": 0.0, "percent_covered_display": "0", "missing_lines": 140, "excluded_lines": 0}, "missing_lines": [15, 16, 17, 18, 20, 21, 22, 23, 24, 26, 29, 54, 68, 69, 72, 73, 74, 75, 78, 87, 89, 95, 98, 99, 100, 102, 103, 110, 113, 114, 117, 118, 120, 122, 124, 126, 127, 129, 130, 132, 134, 155, 156, 158, 159, 162, 163, 165, 167, 170, 171, 174, 178, 181, 182, 185, 186, 187, 189, 199, 204, 206, 219, 220, 222, 225, 226, 227, 230, 235, 236, 238, 239, 241, 242, 244, 246, 248, 250, 265, 268, 270, 271, 272, 273, 274, 276, 277, 278, 279, 280, 281, 283, 285, 301, 304, 305, 307, 308, 311, 312, 315, 316, 319, 320, 322, 323, 326, 327, 328, 329, 330, 331, 334, 340, 343, 344, 345, 346, 347, 349, 351, 352, 355, 356, 358, 359, 360, 361, 362, 363, 364, 365, 367, 377, 378, 388, 407, 409, 411], "excluded_lines": [], "functions": {"OraculoEngine.__init__": {"executed_lines": [], "summary": {"covered_lines": 0, "num_statements": 8, "percent_covered": 0.0, "percent_covered_display": "0", "missing_lines": 8, "excluded_lines": 0}, "missing_lines": [68, 69, 72, 73, 74, 75, 78, 87], "excluded_lines": []}, "OraculoEngine.initialize": {"executed_lines": [], "summary": {"covered_lines": 0, "num_statements": 12, "percent_covered": 0.0, "percent_covered_display": "0", "missing_lines": 12, "excluded_lines": 0}, "missing_lines": [95, 98, 99, 100, 102, 103, 110, 113, 114, 117, 118, 120], "excluded_lines": []}, "OraculoEngine.shutdown": {"executed_lines": [], "summary": {"covered_lines": 0, "num_statements": 6, "percent_covered": 0.0, "percent_covered_display": "0", "missing_lines": 6, "excluded_lines": 0}, "missing_lines": [124, 126, 127, 129, 130, 132], "excluded_lines": []}, "OraculoEngine.scan_vulnerabilities": {"executed_lines": [], "summary": {"covered_lines": 0, "num_statements": 20, "percent_covered": 0.0, "percent_covered_display": "0", "missing_lines": 20, "excluded_lines": 0}, "missing_lines": [155, 156, 158, 159, 162, 163, 165, 167, 170, 171, 174, 178, 181, 182, 185, 186, 187, 189, 199, 204], "excluded_lines": []}, "OraculoEngine._fetch_vulnerabilities": {"executed_lines": [], "summary": {"covered_lines": 0, "num_statements": 16, "percent_covered": 0.0, "percent_covered_display": "0", "missing_lines": 16, "excluded_lines": 0}, "missing_lines": [219, 220, 222, 225, 226, 227, 230, 235, 236, 238, 239, 241, 242, 244, 246, 248], "excluded_lines": []}, "OraculoEngine._generate_apvs": {"executed_lines": [], "summary": {"covered_lines": 0, "num_statements": 14, "percent_covered": 0.0, "percent_covered_display": "0", "missing_lines": 14, "excluded_lines": 0}, "missing_lines": [265, 268, 270, 271, 272, 273, 274, 276, 277, 278, 279, 280, 281, 283], "excluded_lines": []}, "OraculoEngine._create_apv_from_match": {"executed_lines": [], "summary": {"covered_lines": 0, "num_statements": 44, "percent_covered": 0.0, "percent_covered_display": "0", "missing_lines": 44, "excluded_lines": 0}, "missing_lines": [301, 304, 305, 307, 308, 311, 312, 315, 316, 319, 320, 322, 323, 326, 327, 328, 329, 330, 331, 334, 340, 343, 344, 345, 346, 347, 349, 351, 352, 355, 356, 358, 359, 360, 361, 362, 363, 364, 365, 367, 377, 378, 388, 407], "excluded_lines": []}, "OraculoEngine.get_metrics": {"executed_lines": [], "summary": {"covered_lines": 0, "num_statements": 1, "percent_covered": 0.0, "percent_covered_display": "0", "missing_lines": 1, "excluded_lines": 0}, "missing_lines": [411], "excluded_lines": []}, "": {"executed_lines": [], "summary": {"covered_lines": 0, "num_statements": 19, "percent_covered": 0.0, "percent_covered_display": "0", "missing_lines": 19, "excluded_lines": 0}, "missing_lines": [15, 16, 17, 18, 20, 21, 22, 23, 24, 26, 29, 54, 89, 122, 134, 206, 250, 285, 409], "excluded_lines": []}}, "classes": {"OraculoEngine": {"executed_lines": [], "summary": {"covered_lines": 0, "num_statements": 121, "percent_covered": 0.0, "percent_covered_display": "0", "missing_lines": 121, "excluded_lines": 0}, "missing_lines": [68, 69, 72, 73, 74, 75, 78, 87, 95, 98, 99, 100, 102, 103, 110, 113, 114, 117, 118, 120, 124, 126, 127, 129, 130, 132, 155, 156, 158, 159, 162, 163, 165, 167, 170, 171, 174, 178, 181, 182, 185, 186, 187, 189, 199, 204, 219, 220, 222, 225, 226, 227, 230, 235, 236, 238, 239, 241, 242, 244, 246, 248, 265, 268, 270, 271, 272, 273, 274, 276, 277, 278, 279, 280, 281, 283, 301, 304, 305, 307, 308, 311, 312, 315, 316, 319, 320, 322, 323, 326, 327, 328, 329, 330, 331, 334, 340, 343, 344, 345, 346, 347, 349, 351, 352, 355, 356, 358, 359, 360, 361, 362, 363, 364, 365, 367, 377, 378, 388, 407, 411], "excluded_lines": []}, "": {"executed_lines": [], "summary": {"covered_lines": 0, "num_statements": 19, "percent_covered": 0.0, "percent_covered_display": "0", "missing_lines": 19, "excluded_lines": 0}, "missing_lines": [15, 16, 17, 18, 20, 21, 22, 23, 24, 26, 29, 54, 89, 122, 134, 206, 250, 285, 409], "excluded_lines": []}}}, "queue/__init__.py": {"executed_lines": [], "summary": {"covered_lines": 0, "num_statements": 0, "percent_covered": 100.0, "percent_covered_display": "100", "missing_lines": 0, "excluded_lines": 0}, "missing_lines": [], "excluded_lines": [], "functions": {"": {"executed_lines": [], "summary": {"covered_lines": 0, "num_statements": 0, "percent_covered": 100.0, "percent_covered_display": "100", "missing_lines": 0, "excluded_lines": 0}, "missing_lines": [], "excluded_lines": []}}, "classes": {"": {"executed_lines": [], "summary": {"covered_lines": 0, "num_statements": 0, "percent_covered": 100.0, "percent_covered_display": "100", "missing_lines": 0, "excluded_lines": 0}, "missing_lines": [], "excluded_lines": []}}}, "queue/memory_queue.py": {"executed_lines": [], "summary": {"covered_lines": 0, "num_statements": 40, "percent_covered": 0.0, "percent_covered_display": "0", "missing_lines": 40, "excluded_lines": 0}, "missing_lines": [10, 11, 12, 13, 15, 18, 44, 51, 52, 53, 54, 55, 57, 64, 74, 76, 78, 79, 81, 82, 83, 88, 89, 94, 96, 97, 98, 100, 107, 109, 111, 112, 113, 115, 122, 124, 135, 137, 139, 141], "excluded_lines": [], "functions": {"InMemoryAPVQueue.__init__": {"executed_lines": [], "summary": {"covered_lines": 0, "num_statements": 6, "percent_covered": 0.0, "percent_covered_display": "0", "missing_lines": 6, "excluded_lines": 0}, "missing_lines": [51, 52, 53, 54, 55, 57], "excluded_lines": []}, "InMemoryAPVQueue.send": {"executed_lines": [], "summary": {"covered_lines": 0, "num_statements": 13, "percent_covered": 0.0, "percent_covered_display": "0", "missing_lines": 13, "excluded_lines": 0}, "missing_lines": [74, 76, 78, 79, 81, 82, 83, 88, 89, 94, 96, 97, 98], "excluded_lines": []}, "InMemoryAPVQueue.get_all": {"executed_lines": [], "summary": {"covered_lines": 0, "num_statements": 1, "percent_covered": 0.0, "percent_covered_display": "0", "missing_lines": 1, "excluded_lines": 0}, "missing_lines": [107], "excluded_lines": []}, "InMemoryAPVQueue.clear": {"executed_lines": [], "summary": {"covered_lines": 0, "num_statements": 3, "percent_covered": 0.0, "percent_covered_display": "0", "missing_lines": 3, "excluded_lines": 0}, "missing_lines": [111, 112, 113], "excluded_lines": []}, "InMemoryAPVQueue.get_stats": {"executed_lines": [], "summary": {"covered_lines": 0, "num_statements": 2, "percent_covered": 0.0, "percent_covered_display": "0", "missing_lines": 2, "excluded_lines": 0}, "missing_lines": [122, 124], "excluded_lines": []}, "InMemoryAPVQueue.is_full": {"executed_lines": [], "summary": {"covered_lines": 0, "num_statements": 1, "percent_covered": 0.0, "percent_covered_display": "0", "missing_lines": 1, "excluded_lines": 0}, "missing_lines": [137], "excluded_lines": []}, "InMemoryAPVQueue.size": {"executed_lines": [], "summary": {"covered_lines": 0, "num_statements": 1, "percent_covered": 0.0, "percent_covered_display": "0", "missing_lines": 1, "excluded_lines": 0}, "missing_lines": [141], "excluded_lines": []}, "": {"executed_lines": [], "summary": {"covered_lines": 0, "num_statements": 13, "percent_covered": 0.0, "percent_covered_display": "0", "missing_lines": 13, "excluded_lines": 0}, "missing_lines": [10, 11, 12, 13, 15, 18, 44, 64, 100, 109, 115, 135, 139], "excluded_lines": []}}, "classes": {"InMemoryAPVQueue": {"executed_lines": [], "summary": {"covered_lines": 0, "num_statements": 27, "percent_covered": 0.0, "percent_covered_display": "0", "missing_lines": 27, "excluded_lines": 0}, "missing_lines": [51, 52, 53, 54, 55, 57, 74, 76, 78, 79, 81, 82, 83, 88, 89, 94, 96, 97, 98, 107, 111, 112, 113, 122, 124, 137, 141], "excluded_lines": []}, "": {"executed_lines": [], "summary": {"covered_lines": 0, "num_statements": 13, "percent_covered": 0.0, "percent_covered_display": "0", "missing_lines": 13, "excluded_lines": 0}, "missing_lines": [10, 11, 12, 13, 15, 18, 44, 64, 100, 109, 115, 135, 139], "excluded_lines": []}}}, "shared/__init__.py": {"executed_lines": [0], "summary": {"covered_lines": 0, "num_statements": 0, "percent_covered": 100.0, "percent_covered_display": "100", "missing_lines": 0, "excluded_lines": 0}, "missing_lines": [], "excluded_lines": [], "functions": {"": {"executed_lines": [], "summary": {"covered_lines": 0, "num_statements": 0, "percent_covered": 100.0, "percent_covered_display": "100", "missing_lines": 0, "excluded_lines": 0}, "missing_lines": [], "excluded_lines": []}}, "classes": {"": {"executed_lines": [], "summary": {"covered_lines": 0, "num_statements": 0, "percent_covered": 100.0, "percent_covered_display": "100", "missing_lines": 0, "excluded_lines": 0}, "missing_lines": [], "excluded_lines": []}}}, "shared/constitutional_logging.py": {"executed_lines": [], "summary": {"covered_lines": 0, "num_statements": 54, "percent_covered": 0.0, "percent_covered_display": "0", "missing_lines": 54, "excluded_lines": 0}, "missing_lines": [12, 13, 14, 15, 17, 18, 19, 22, 25, 28, 29, 30, 33, 34, 35, 36, 37, 38, 40, 43, 46, 49, 59, 60, 61, 62, 63, 65, 68, 82, 84, 86, 97, 98, 101, 102, 103, 106, 127, 137, 141, 148, 157, 166, 177, 185, 196, 205, 206, 217, 225, 226, 236, 244], "excluded_lines": [], "functions": {"ConstitutionalLogProcessor.__call__": {"executed_lines": [], "summary": {"covered_lines": 0, "num_statements": 10, "percent_covered": 0.0, "percent_covered_display": "0", "missing_lines": 10, "excluded_lines": 0}, "missing_lines": [28, 29, 30, 33, 34, 35, 36, 37, 38, 40], "excluded_lines": []}, "BiblicalArticleProcessor.__call__": {"executed_lines": [], "summary": {"covered_lines": 0, "num_statements": 7, "percent_covered": 0.0, "percent_covered_display": "0", "missing_lines": 7, "excluded_lines": 0}, "missing_lines": [49, 59, 60, 61, 62, 63, 65], "excluded_lines": []}, "configure_constitutional_logging": {"executed_lines": [], "summary": {"covered_lines": 0, "num_statements": 9, "percent_covered": 0.0, "percent_covered_display": "0", "missing_lines": 9, "excluded_lines": 0}, "missing_lines": [82, 84, 86, 97, 98, 101, 102, 103, 106], "excluded_lines": []}, "get_constitutional_logger": {"executed_lines": [], "summary": {"covered_lines": 0, "num_statements": 1, "percent_covered": 0.0, "percent_covered_display": "0", "missing_lines": 1, "excluded_lines": 0}, "missing_lines": [137], "excluded_lines": []}, "log_sophia_decision": {"executed_lines": [], "summary": {"covered_lines": 0, "num_statements": 1, "percent_covered": 0.0, "percent_covered_display": "0", "missing_lines": 1, "excluded_lines": 0}, "missing_lines": [148], "excluded_lines": []}, "log_praotes_check": {"executed_lines": [], "summary": {"covered_lines": 0, "num_statements": 1, "percent_covered": 0.0, "percent_covered_display": "0", "missing_lines": 1, "excluded_lines": 0}, "missing_lines": [166], "excluded_lines": []}, "log_tapeinophrosyne_check": {"executed_lines": [], "summary": {"covered_lines": 0, "num_statements": 1, "percent_covered": 0.0, "percent_covered_display": "0", "missing_lines": 1, "excluded_lines": 0}, "missing_lines": [185], "excluded_lines": []}, "log_sabbath_check": {"executed_lines": [], "summary": {"covered_lines": 0, "num_statements": 2, "percent_covered": 0.0, "percent_covered_display": "0", "missing_lines": 2, "excluded_lines": 0}, "missing_lines": [205, 206], "excluded_lines": []}, "log_aletheia_check": {"executed_lines": [], "summary": {"covered_lines": 0, "num_statements": 2, "percent_covered": 0.0, "percent_covered_display": "0", "missing_lines": 2, "excluded_lines": 0}, "missing_lines": [225, 226], "excluded_lines": []}, "log_constitutional_violation": {"executed_lines": [], "summary": {"covered_lines": 0, "num_statements": 1, "percent_covered": 0.0, "percent_covered_display": "0", "missing_lines": 1, "excluded_lines": 0}, "missing_lines": [244], "excluded_lines": []}, "": {"executed_lines": [], "summary": {"covered_lines": 0, "num_statements": 19, "percent_covered": 0.0, "percent_covered_display": "0", "missing_lines": 19, "excluded_lines": 0}, "missing_lines": [12, 13, 14, 15, 17, 18, 19, 22, 25, 43, 46, 68, 127, 141, 157, 177, 196, 217, 236], "excluded_lines": []}}, "classes": {"ConstitutionalLogProcessor": {"executed_lines": [], "summary": {"covered_lines": 0, "num_statements": 10, "percent_covered": 0.0, "percent_covered_display": "0", "missing_lines": 10, "excluded_lines": 0}, "missing_lines": [28, 29, 30, 33, 34, 35, 36, 37, 38, 40], "excluded_lines": []}, "BiblicalArticleProcessor": {"executed_lines": [], "summary": {"covered_lines": 0, "num_statements": 7, "percent_covered": 0.0, "percent_covered_display": "0", "missing_lines": 7, "excluded_lines": 0}, "missing_lines": [49, 59, 60, 61, 62, 63, 65], "excluded_lines": []}, "": {"executed_lines": [], "summary": {"covered_lines": 0, "num_statements": 37, "percent_covered": 0.0, "percent_covered_display": "0", "missing_lines": 37, "excluded_lines": 0}, "missing_lines": [12, 13, 14, 15, 17, 18, 19, 22, 25, 43, 46, 68, 82, 84, 86, 97, 98, 101, 102, 103, 106, 127, 137, 141, 148, 157, 166, 177, 185, 196, 205, 206, 217, 225, 226, 236, 244], "excluded_lines": []}}}, "shared/constitutional_metrics.py": {"executed_lines": [1, 14, 21, 27, 33, 40, 47, 53, 60, 66, 72, 79, 85, 91, 98, 104, 116, 122, 129, 136, 143, 149, 156, 163, 170, 176, 183, 189, 200, 207, 213, 217, 221, 225, 237, 243, 249, 261, 263, 266, 275, 277, 280, 282, 285, 290, 299, 301, 304, 306, 309], "summary": {"covered_lines": 50, "num_statements": 56, "percent_covered": 89.28571428571429, "percent_covered_display": "89", "missing_lines": 6, "excluded_lines": 0}, "missing_lines": [270, 287, 294, 295, 296, 311], "excluded_lines": [], "functions": {"record_constitutional_compliance": {"executed_lines": [263], "summary": {"covered_lines": 1, "num_statements": 1, "percent_covered": 100.0, "percent_covered_display": "100", "missing_lines": 0, "excluded_lines": 0}, "missing_lines": [], "excluded_lines": []}, "record_principle_violation": {"executed_lines": [], "summary": {"covered_lines": 0, "num_statements": 1, "percent_covered": 0.0, "percent_covered_display": "0", "missing_lines": 1, "excluded_lines": 0}, "missing_lines": [270], "excluded_lines": []}, "record_lei_score": {"executed_lines": [277], "summary": {"covered_lines": 1, "num_statements": 1, "percent_covered": 100.0, "percent_covered_display": "100", "missing_lines": 0, "excluded_lines": 0}, "missing_lines": [], "excluded_lines": []}, "record_fpc_score": {"executed_lines": [282], "summary": {"covered_lines": 1, "num_statements": 1, "percent_covered": 100.0, "percent_covered_display": "100", "missing_lines": 0, "excluded_lines": 0}, "missing_lines": [], "excluded_lines": []}, "record_wisdom_decision": {"executed_lines": [], "summary": {"covered_lines": 0, "num_statements": 1, "percent_covered": 0.0, "percent_covered_display": "0", "missing_lines": 1, "excluded_lines": 0}, "missing_lines": [287], "excluded_lines": []}, "record_humility_check": {"executed_lines": [], "summary": {"covered_lines": 0, "num_statements": 3, "percent_covered": 0.0, "percent_covered_display": "0", "missing_lines": 3, "excluded_lines": 0}, "missing_lines": [294, 295, 296], "excluded_lines": []}, "record_sabbath_status": {"executed_lines": [301], "summary": {"covered_lines": 1, "num_statements": 1, "percent_covered": 100.0, "percent_covered_display": "100", "missing_lines": 0, "excluded_lines": 0}, "missing_lines": [], "excluded_lines": []}, "record_fruit_compliance": {"executed_lines": [306], "summary": {"covered_lines": 1, "num_statements": 1, "percent_covered": 100.0, "percent_covered_display": "100", "missing_lines": 0, "excluded_lines": 0}, "missing_lines": [], "excluded_lines": []}, "record_hallucination": {"executed_lines": [], "summary": {"covered_lines": 0, "num_statements": 1, "percent_covered": 0.0, "percent_covered_display": "0", "missing_lines": 1, "excluded_lines": 0}, "missing_lines": [311], "excluded_lines": []}, "": {"executed_lines": [1, 14, 21, 27, 33, 40, 47, 53, 60, 66, 72, 79, 85, 91, 98, 104, 116, 122, 129, 136, 143, 149, 156, 163, 170, 176, 183, 189, 200, 207, 213, 217, 221, 225, 237, 243, 249, 261, 266, 275, 280, 285, 290, 299, 304, 309], "summary": {"covered_lines": 45, "num_statements": 45, "percent_covered": 100.0, "percent_covered_display": "100", "missing_lines": 0, "excluded_lines": 0}, "missing_lines": [], "excluded_lines": []}}, "classes": {"": {"executed_lines": [1, 14, 21, 27, 33, 40, 47, 53, 60, 66, 72, 79, 85, 91, 98, 104, 116, 122, 129, 136, 143, 149, 156, 163, 170, 176, 183, 189, 200, 207, 213, 217, 221, 225, 237, 243, 249, 261, 263, 266, 275, 277, 280, 282, 285, 290, 299, 301, 304, 306, 309], "summary": {"covered_lines": 50, "num_statements": 56, "percent_covered": 89.28571428571429, "percent_covered_display": "89", "missing_lines": 6, "excluded_lines": 0}, "missing_lines": [270, 287, 294, 295, 296, 311], "excluded_lines": []}}}, "shared/constitutional_tracing.py": {"executed_lines": [], "summary": {"covered_lines": 0, "num_statements": 101, "percent_covered": 0.0, "percent_covered_display": "0", "missing_lines": 101, "excluded_lines": 0}, "missing_lines": [12, 13, 15, 16, 17, 18, 19, 20, 21, 22, 23, 24, 27, 30, 46, 47, 50, 61, 64, 65, 70, 73, 74, 78, 81, 84, 89, 96, 98, 101, 104, 107, 109, 119, 120, 122, 139, 142, 143, 144, 145, 147, 149, 166, 168, 169, 170, 171, 173, 175, 189, 191, 192, 193, 194, 195, 198, 199, 204, 206, 220, 222, 223, 224, 225, 226, 229, 230, 239, 241, 253, 255, 256, 257, 258, 259, 262, 263, 268, 270, 287, 289, 290, 291, 292, 295, 296, 305, 307, 322, 324, 325, 326, 328, 329, 330, 332, 335, 348, 356, 358], "excluded_lines": [], "functions": {"ConstitutionalTracer.__init__": {"executed_lines": [], "summary": {"covered_lines": 0, "num_statements": 12, "percent_covered": 0.0, "percent_covered_display": "0", "missing_lines": 12, "excluded_lines": 0}, "missing_lines": [46, 47, 50, 61, 64, 65, 70, 73, 74, 78, 81, 84], "excluded_lines": []}, "ConstitutionalTracer.instrument_fastapi": {"executed_lines": [], "summary": {"covered_lines": 0, "num_statements": 1, "percent_covered": 0.0, "percent_covered_display": "0", "missing_lines": 1, "excluded_lines": 0}, "missing_lines": [96], "excluded_lines": []}, "ConstitutionalTracer.instrument_all": {"executed_lines": [], "summary": {"covered_lines": 0, "num_statements": 3, "percent_covered": 0.0, "percent_covered_display": "0", "missing_lines": 3, "excluded_lines": 0}, "missing_lines": [101, 104, 107], "excluded_lines": []}, "ConstitutionalTracer.add_constitutional_attributes": {"executed_lines": [], "summary": {"covered_lines": 0, "num_statements": 2, "percent_covered": 0.0, "percent_covered_display": "0", "missing_lines": 2, "excluded_lines": 0}, "missing_lines": [119, 120], "excluded_lines": []}, "ConstitutionalTracer.trace_biblical_article": {"executed_lines": [], "summary": {"covered_lines": 0, "num_statements": 6, "percent_covered": 0.0, "percent_covered_display": "0", "missing_lines": 6, "excluded_lines": 0}, "missing_lines": [139, 142, 143, 144, 145, 147], "excluded_lines": []}, "ConstitutionalTracer.trace_wisdom_decision": {"executed_lines": [], "summary": {"covered_lines": 0, "num_statements": 6, "percent_covered": 0.0, "percent_covered_display": "0", "missing_lines": 6, "excluded_lines": 0}, "missing_lines": [166, 168, 169, 170, 171, 173], "excluded_lines": []}, "ConstitutionalTracer.trace_gentleness_check": {"executed_lines": [], "summary": {"covered_lines": 0, "num_statements": 9, "percent_covered": 0.0, "percent_covered_display": "0", "missing_lines": 9, "excluded_lines": 0}, "missing_lines": [189, 191, 192, 193, 194, 195, 198, 199, 204], "excluded_lines": []}, "ConstitutionalTracer.trace_humility_check": {"executed_lines": [], "summary": {"covered_lines": 0, "num_statements": 9, "percent_covered": 0.0, "percent_covered_display": "0", "missing_lines": 9, "excluded_lines": 0}, "missing_lines": [220, 222, 223, 224, 225, 226, 229, 230, 239], "excluded_lines": []}, "ConstitutionalTracer.trace_sabbath_check": {"executed_lines": [], "summary": {"covered_lines": 0, "num_statements": 9, "percent_covered": 0.0, "percent_covered_display": "0", "missing_lines": 9, "excluded_lines": 0}, "missing_lines": [253, 255, 256, 257, 258, 259, 262, 263, 268], "excluded_lines": []}, "ConstitutionalTracer.trace_truth_check": {"executed_lines": [], "summary": {"covered_lines": 0, "num_statements": 8, "percent_covered": 0.0, "percent_covered_display": "0", "missing_lines": 8, "excluded_lines": 0}, "missing_lines": [287, 289, 290, 291, 292, 295, 296, 305], "excluded_lines": []}, "ConstitutionalTracer.trace_deter_agent_layer": {"executed_lines": [], "summary": {"covered_lines": 0, "num_statements": 8, "percent_covered": 0.0, "percent_covered_display": "0", "missing_lines": 8, "excluded_lines": 0}, "missing_lines": [322, 324, 325, 326, 328, 329, 330, 332], "excluded_lines": []}, "create_constitutional_tracer": {"executed_lines": [], "summary": {"covered_lines": 0, "num_statements": 3, "percent_covered": 0.0, "percent_covered_display": "0", "missing_lines": 3, "excluded_lines": 0}, "missing_lines": [348, 356, 358], "excluded_lines": []}, "": {"executed_lines": [], "summary": {"covered_lines": 0, "num_statements": 25, "percent_covered": 0.0, "percent_covered_display": "0", "missing_lines": 25, "excluded_lines": 0}, "missing_lines": [12, 13, 15, 16, 17, 18, 19, 20, 21, 22, 23, 24, 27, 30, 89, 98, 109, 122, 149, 175, 206, 241, 270, 307, 335], "excluded_lines": []}}, "classes": {"ConstitutionalTracer": {"executed_lines": [], "summary": {"covered_lines": 0, "num_statements": 73, "percent_covered": 0.0, "percent_covered_display": "0", "missing_lines": 73, "excluded_lines": 0}, "missing_lines": [46, 47, 50, 61, 64, 65, 70, 73, 74, 78, 81, 84, 96, 101, 104, 107, 119, 120, 139, 142, 143, 144, 145, 147, 166, 168, 169, 170, 171, 173, 189, 191, 192, 193, 194, 195, 198, 199, 204, 220, 222, 223, 224, 225, 226, 229, 230, 239, 253, 255, 256, 257, 258, 259, 262, 263, 268, 287, 289, 290, 291, 292, 295, 296, 305, 322, 324, 325, 326, 328, 329, 330, 332], "excluded_lines": []}, "": {"executed_lines": [], "summary": {"covered_lines": 0, "num_statements": 28, "percent_covered": 0.0, "percent_covered_display": "0", "missing_lines": 28, "excluded_lines": 0}, "missing_lines": [12, 13, 15, 16, 17, 18, 19, 20, 21, 22, 23, 24, 27, 30, 89, 98, 109, 122, 149, 175, 206, 241, 270, 307, 335, 348, 356, 358], "excluded_lines": []}}}, "shared/health_checks.py": {"executed_lines": [1, 7, 8, 9, 12, 13, 14, 15, 16, 19, 20, 22, 23, 24, 25, 27, 29, 31, 42, 65], "summary": {"covered_lines": 17, "num_statements": 21, "percent_covered": 80.95238095238095, "percent_covered_display": "81", "missing_lines": 4, "excluded_lines": 0}, "missing_lines": [36, 52, 54, 70], "excluded_lines": [], "functions": {"ConstitutionalHealthCheck.__init__": {"executed_lines": [23, 24, 25], "summary": {"covered_lines": 3, "num_statements": 3, "percent_covered": 100.0, "percent_covered_display": "100", "missing_lines": 0, "excluded_lines": 0}, "missing_lines": [], "excluded_lines": []}, "ConstitutionalHealthCheck.mark_startup_complete": {"executed_lines": [29], "summary": {"covered_lines": 1, "num_statements": 1, "percent_covered": 100.0, "percent_covered_display": "100", "missing_lines": 0, "excluded_lines": 0}, "missing_lines": [], "excluded_lines": []}, "ConstitutionalHealthCheck.liveness_check": {"executed_lines": [], "summary": {"covered_lines": 0, "num_statements": 1, "percent_covered": 0.0, "percent_covered_display": "0", "missing_lines": 1, "excluded_lines": 0}, "missing_lines": [36], "excluded_lines": []}, "ConstitutionalHealthCheck.readiness_check": {"executed_lines": [], "summary": {"covered_lines": 0, "num_statements": 2, "percent_covered": 0.0, "percent_covered_display": "0", "missing_lines": 2, "excluded_lines": 0}, "missing_lines": [52, 54], "excluded_lines": []}, "ConstitutionalHealthCheck.startup_check": {"executed_lines": [], "summary": {"covered_lines": 0, "num_statements": 1, "percent_covered": 0.0, "percent_covered_display": "0", "missing_lines": 1, "excluded_lines": 0}, "missing_lines": [70], "excluded_lines": []}, "": {"executed_lines": [1, 7, 8, 9, 12, 13, 14, 15, 16, 19, 20, 22, 27, 31, 42, 65], "summary": {"covered_lines": 13, "num_statements": 13, "percent_covered": 100.0, "percent_covered_display": "100", "missing_lines": 0, "excluded_lines": 0}, "missing_lines": [], "excluded_lines": []}}, "classes": {"HealthStatus": {"executed_lines": [], "summary": {"covered_lines": 0, "num_statements": 0, "percent_covered": 100.0, "percent_covered_display": "100", "missing_lines": 0, "excluded_lines": 0}, "missing_lines": [], "excluded_lines": []}, "ConstitutionalHealthCheck": {"executed_lines": [23, 24, 25, 29], "summary": {"covered_lines": 4, "num_statements": 8, "percent_covered": 50.0, "percent_covered_display": "50", "missing_lines": 4, "excluded_lines": 0}, "missing_lines": [36, 52, 54, 70], "excluded_lines": []}, "": {"executed_lines": [1, 7, 8, 9, 12, 13, 14, 15, 16, 19, 20, 22, 27, 31, 42, 65], "summary": {"covered_lines": 13, "num_statements": 13, "percent_covered": 100.0, "percent_covered_display": "100", "missing_lines": 0, "excluded_lines": 0}, "missing_lines": [], "excluded_lines": []}}}, "shared/metrics_exporter.py": {"executed_lines": [1, 12, 14, 15, 23, 32, 35, 39, 46, 47, 49, 57, 58, 59, 62, 72, 74, 77, 86, 87, 94, 95, 98, 101, 112, 113, 117, 122, 134, 141, 143, 156, 166, 171, 202, 206, 219], "summary": {"covered_lines": 35, "num_statements": 45, "percent_covered": 77.77777777777777, "percent_covered_display": "78", "missing_lines": 10, "excluded_lines": 0}, "missing_lines": [119, 120, 130, 159, 162, 164, 173, 213, 215, 221], "excluded_lines": [], "functions": {"MetricsExporter.__init__": {"executed_lines": [57, 58, 59, 62, 72], "summary": {"covered_lines": 5, "num_statements": 5, "percent_covered": 100.0, "percent_covered_display": "100", "missing_lines": 0, "excluded_lines": 0}, "missing_lines": [], "excluded_lines": []}, "MetricsExporter._initialize_baseline_metrics": {"executed_lines": [77, 86, 87, 94, 95, 98, 101, 112, 113], "summary": {"covered_lines": 9, "num_statements": 9, "percent_covered": 100.0, "percent_covered_display": "100", "missing_lines": 0, "excluded_lines": 0}, "missing_lines": [], "excluded_lines": []}, "MetricsExporter.update_uptime": {"executed_lines": [], "summary": {"covered_lines": 0, "num_statements": 2, "percent_covered": 0.0, "percent_covered_display": "0", "missing_lines": 2, "excluded_lines": 0}, "missing_lines": [119, 120], "excluded_lines": []}, "MetricsExporter.update_health_status": {"executed_lines": [], "summary": {"covered_lines": 0, "num_statements": 1, "percent_covered": 0.0, "percent_covered_display": "0", "missing_lines": 1, "excluded_lines": 0}, "missing_lines": [130], "excluded_lines": []}, "MetricsExporter.create_router": {"executed_lines": [141, 143, 156, 166, 171, 202], "summary": {"covered_lines": 6, "num_statements": 6, "percent_covered": 100.0, "percent_covered_display": "100", "missing_lines": 0, "excluded_lines": 0}, "missing_lines": [], "excluded_lines": []}, "MetricsExporter.create_router.metrics": {"executed_lines": [], "summary": {"covered_lines": 0, "num_statements": 3, "percent_covered": 0.0, "percent_covered_display": "0", "missing_lines": 3, "excluded_lines": 0}, "missing_lines": [159, 162, 164], "excluded_lines": []}, "MetricsExporter.create_router.constitutional_summary": {"executed_lines": [], "summary": {"covered_lines": 0, "num_statements": 1, "percent_covered": 0.0, "percent_covered_display": "0", "missing_lines": 1, "excluded_lines": 0}, "missing_lines": [173], "excluded_lines": []}, "is_sabbath": {"executed_lines": [], "summary": {"covered_lines": 0, "num_statements": 2, "percent_covered": 0.0, "percent_covered_display": "0", "missing_lines": 2, "excluded_lines": 0}, "missing_lines": [213, 215], "excluded_lines": []}, "auto_update_sabbath_status": {"executed_lines": [], "summary": {"covered_lines": 0, "num_statements": 1, "percent_covered": 0.0, "percent_covered_display": "0", "missing_lines": 1, "excluded_lines": 0}, "missing_lines": [221], "excluded_lines": []}, "": {"executed_lines": [1, 12, 14, 15, 23, 32, 35, 39, 46, 47, 49, 74, 117, 122, 134, 206, 219], "summary": {"covered_lines": 15, "num_statements": 15, "percent_covered": 100.0, "percent_covered_display": "100", "missing_lines": 0, "excluded_lines": 0}, "missing_lines": [], "excluded_lines": []}}, "classes": {"MetricsExporter": {"executed_lines": [57, 58, 59, 62, 72, 77, 86, 87, 94, 95, 98, 101, 112, 113, 141, 143, 156, 166, 171, 202], "summary": {"covered_lines": 20, "num_statements": 27, "percent_covered": 74.07407407407408, "percent_covered_display": "74", "missing_lines": 7, "excluded_lines": 0}, "missing_lines": [119, 120, 130, 159, 162, 164, 173], "excluded_lines": []}, "": {"executed_lines": [1, 12, 14, 15, 23, 32, 35, 39, 46, 47, 49, 74, 117, 122, 134, 206, 219], "summary": {"covered_l
[...]
, 60, 61, 62, 65, 67, 68], "excluded_lines": []}, "test_multiple_connections": {"executed_lines": [], "summary": {"covered_lines": 0, "num_statements": 13, "percent_covered": 0.0, "percent_covered_display": "0", "missing_lines": 13, "excluded_lines": 0}, "missing_lines": [75, 76, 77, 79, 80, 81, 83, 84, 87, 89, 90, 91, 92], "excluded_lines": []}, "test_disconnect_nonexistent_connection": {"executed_lines": [], "summary": {"covered_lines": 0, "num_statements": 1, "percent_covered": 0.0, "percent_covered_display": "0", "missing_lines": 1, "excluded_lines": 0}, "missing_lines": [101], "excluded_lines": []}, "test_get_metrics_initial_state": {"executed_lines": [], "summary": {"covered_lines": 0, "num_statements": 6, "percent_covered": 0.0, "percent_covered_display": "0", "missing_lines": 6, "excluded_lines": 0}, "missing_lines": [109, 111, 112, 113, 114, 115], "excluded_lines": []}, "test_get_metrics_after_connections": {"executed_lines": [], "summary": {"covered_lines": 0, "num_statements": 4, "percent_covered": 0.0, "percent_covered_display": "0", "missing_lines": 4, "excluded_lines": 0}, "missing_lines": [124, 125, 127, 129], "excluded_lines": []}, "test_stream_message_creation": {"executed_lines": [], "summary": {"covered_lines": 0, "num_statements": 4, "percent_covered": 0.0, "percent_covered_display": "0", "missing_lines": 4, "excluded_lines": 0}, "missing_lines": [137, 143, 144, 145], "excluded_lines": []}, "test_websocket_connection_creation": {"executed_lines": [], "summary": {"covered_lines": 0, "num_statements": 5, "percent_covered": 0.0, "percent_covered_display": "0", "missing_lines": 5, "excluded_lines": 0}, "missing_lines": [150, 155, 156, 157, 158], "excluded_lines": []}, "": {"executed_lines": [], "summary": {"covered_lines": 0, "num_statements": 23, "percent_covered": 0.0, "percent_covered_display": "0", "missing_lines": 23, "excluded_lines": 0}, "missing_lines": [3, 4, 5, 7, 8, 10, 20, 21, 31, 32, 44, 45, 71, 72, 95, 96, 107, 118, 119, 135, 148, 161, 162], "excluded_lines": []}}, "classes": {"": {"executed_lines": [], "summary": {"covered_lines": 0, "num_statements": 76, "percent_covered": 0.0, "percent_covered_display": "0", "missing_lines": 76, "excluded_lines": 0}, "missing_lines": [3, 4, 5, 7, 8, 10, 20, 21, 23, 24, 25, 26, 27, 28, 31, 32, 34, 38, 44, 45, 51, 53, 54, 55, 58, 59, 60, 61, 62, 65, 67, 68, 71, 72, 75, 76, 77, 79, 80, 81, 83, 84, 87, 89, 90, 91, 92, 95, 96, 101, 107, 109, 111, 112, 113, 114, 115, 118, 119, 124, 125, 127, 129, 135, 137, 143, 144, 145, 148, 150, 155, 156, 157, 158, 161, 162], "excluded_lines": []}}}, "threat_feeds/__init__.py": {"executed_lines": [], "summary": {"covered_lines": 0, "num_statements": 0, "percent_covered": 100.0, "percent_covered_display": "100", "missing_lines": 0, "excluded_lines": 0}, "missing_lines": [], "excluded_lines": [], "functions": {"": {"executed_lines": [], "summary": {"covered_lines": 0, "num_statements": 0, "percent_covered": 100.0, "percent_covered_display": "100", "missing_lines": 0, "excluded_lines": 0}, "missing_lines": [], "excluded_lines": []}}, "classes": {"": {"executed_lines": [], "summary": {"covered_lines": 0, "num_statements": 0, "percent_covered": 100.0, "percent_covered_display": "100", "missing_lines": 0, "excluded_lines": 0}, "missing_lines": [], "excluded_lines": []}}}, "threat_feeds/base_feed.py": {"executed_lines": [], "summary": {"covered_lines": 0, "num_statements": 47, "percent_covered": 0.0, "percent_covered_display": "0", "missing_lines": 47, "excluded_lines": 0}, "missing_lines": [11, 12, 13, 14, 15, 17, 20, 22, 25, 27, 30, 32, 35, 54, 62, 63, 64, 65, 67, 69, 70, 92, 94, 95, 109, 111, 122, 123, 126, 127, 128, 131, 132, 133, 134, 138, 140, 141, 143, 145, 152, 155, 156, 157, 158, 160, 167], "excluded_lines": [], "functions": {"BaseFeedClient.__init__": {"executed_lines": [], "summary": {"covered_lines": 0, "num_statements": 5, "percent_covered": 0.0, "percent_covered_display": "0", "missing_lines": 5, "excluded_lines": 0}, "missing_lines": [62, 63, 64, 65, 67], "excluded_lines": []}, "BaseFeedClient.fetch_vulnerabilities": {"executed_lines": [], "summary": {"covered_lines": 0, "num_statements": 1, "percent_covered": 0.0, "percent_covered_display": "0", "missing_lines": 1, "excluded_lines": 0}, "missing_lines": [92], "excluded_lines": []}, "BaseFeedClient.fetch_by_cve_id": {"executed_lines": [], "summary": {"covered_lines": 0, "num_statements": 1, "percent_covered": 0.0, "percent_covered_display": "0", "missing_lines": 1, "excluded_lines": 0}, "missing_lines": [109], "excluded_lines": []}, "BaseFeedClient._check_rate_limit": {"executed_lines": [], "summary": {"covered_lines": 0, "num_statements": 13, "percent_covered": 0.0, "percent_covered_display": "0", "missing_lines": 13, "excluded_lines": 0}, "missing_lines": [122, 123, 126, 127, 128, 131, 132, 133, 134, 138, 140, 141, 143], "excluded_lines": []}, "BaseFeedClient.health_check": {"executed_lines": [], "summary": {"covered_lines": 0, "num_statements": 5, "percent_covered": 0.0, "percent_covered_display": "0", "missing_lines": 5, "excluded_lines": 0}, "missing_lines": [152, 155, 156, 157, 158], "excluded_lines": []}, "BaseFeedClient.get_stats": {"executed_lines": [], "summary": {"covered_lines": 0, "num_statements": 1, "percent_covered": 0.0, "percent_covered_display": "0", "missing_lines": 1, "excluded_lines": 0}, "missing_lines": [167], "excluded_lines": []}, "": {"executed_lines": [], "summary": {"covered_lines": 0, "num_statements": 21, "percent_covered": 0.0, "percent_covered_display": "0", "missing_lines": 21, "excluded_lines": 0}, "missing_lines": [11, 12, 13, 14, 15, 17, 20, 22, 25, 27, 30, 32, 35, 54, 69, 70, 94, 95, 111, 145, 160], "excluded_lines": []}}, "classes": {"ThreatFeedError": {"executed_lines": [], "summary": {"covered_lines": 0, "num_statements": 0, "percent_covered": 100.0, "percent_covered_display": "100", "missing_lines": 0, "excluded_lines": 0}, "missing_lines": [], "excluded_lines": []}, "RateLimitError": {"executed_lines": [], "summary": {"covered_lines": 0, "num_statements": 0, "percent_covered": 100.0, "percent_covered_display": "100", "missing_lines": 0, "excluded_lines": 0}, "missing_lines": [], "excluded_lines": []}, "FeedUnavailableError": {"executed_lines": [], "summary": {"covered_lines": 0, "num_statements": 0, "percent_covered": 100.0, "percent_covered_display": "100", "missing_lines": 0, "excluded_lines": 0}, "missing_lines": [], "excluded_lines": []}, "BaseFeedClient": {"executed_lines": [], "summary": {"covered_lines": 0, "num_statements": 26, "percent_covered": 0.0, "percent_covered_display": "0", "missing_lines": 26, "excluded_lines": 0}, "missing_lines": [62, 63, 64, 65, 67, 92, 109, 122, 123, 126, 127, 128, 131, 132, 133, 134, 138, 140, 141, 143, 152, 155, 156, 157, 158, 167], "excluded_lines": []}, "": {"executed_lines": [], "summary": {"covered_lines": 0, "num_statements": 21, "percent_covered": 0.0, "percent_covered_display": "0", "missing_lines": 21, "excluded_lines": 0}, "missing_lines": [11, 12, 13, 14, 15, 17, 20, 22, 25, 27, 30, 32, 35, 54, 69, 70, 94, 95, 111, 145, 160], "excluded_lines": []}}}, "threat_feeds/osv_client.py": {"executed_lines": [], "summary": {"covered_lines": 0, "num_statements": 112, "percent_covered": 0.0, "percent_covered_display": "0", "missing_lines": 112, "excluded_lines": 0}, "missing_lines": [15, 16, 17, 18, 20, 21, 23, 25, 28, 51, 52, 53, 55, 62, 63, 64, 66, 68, 69, 71, 73, 75, 77, 78, 79, 81, 83, 84, 85, 87, 111, 112, 114, 116, 117, 118, 119, 120, 121, 122, 123, 125, 127, 128, 129, 132, 133, 137, 139, 140, 141, 143, 144, 145, 147, 149, 164, 165, 167, 168, 169, 173, 174, 175, 179, 180, 181, 182, 183, 184, 186, 212, 213, 215, 216, 218, 221, 228, 231, 233, 237, 239, 249, 251, 253, 254, 255, 256, 257, 258, 259, 261, 284, 287, 291, 294, 297, 298, 299, 300, 301, 303, 305, 306, 308, 310, 317, 319, 320, 321, 322, 323], "excluded_lines": [], "functions": {"OSVClient.__init__": {"executed_lines": [], "summary": {"covered_lines": 0, "num_statements": 3, "percent_covered": 0.0, "percent_covered_display": "0", "missing_lines": 3, "excluded_lines": 0}, "missing_lines": [62, 63, 64], "excluded_lines": []}, "OSVClient.__aenter__": {"executed_lines": [], "summary": {"covered_lines": 0, "num_statements": 2, "percent_covered": 0.0, "percent_covered_display": "0", "missing_lines": 2, "excluded_lines": 0}, "missing_lines": [68, 69], "excluded_lines": []}, "OSVClient.__aexit__": {"executed_lines": [], "summary": {"covered_lines": 0, "num_statements": 1, "percent_covered": 0.0, "percent_covered_display": "0", "missing_lines": 1, "excluded_lines": 0}, "missing_lines": [73], "excluded_lines": []}, "OSVClient._ensure_session": {"executed_lines": [], "summary": {"covered_lines": 0, "num_statements": 3, "percent_covered": 0.0, "percent_covered_display": "0", "missing_lines": 3, "excluded_lines": 0}, "missing_lines": [77, 78, 79], "excluded_lines": []}, "OSVClient.close": {"executed_lines": [], "summary": {"covered_lines": 0, "num_statements": 3, "percent_covered": 0.0, "percent_covered_display": "0", "missing_lines": 3, "excluded_lines": 0}, "missing_lines": [83, 84, 85], "excluded_lines": []}, "OSVClient._request_with_retry": {"executed_lines": [], "summary": {"covered_lines": 0, "num_statements": 25, "percent_covered": 0.0, "percent_covered_display": "0", "missing_lines": 25, "excluded_lines": 0}, "missing_lines": [111, 112, 114, 116, 117, 118, 119, 120, 121, 122, 123, 125, 127, 128, 129, 132, 133, 137, 139, 140, 141, 143, 144, 145, 147], "excluded_lines": []}, "OSVClient._handle_response": {"executed_lines": [], "summary": {"covered_lines": 0, "num_statements": 14, "percent_covered": 0.0, "percent_covered_display": "0", "missing_lines": 14, "excluded_lines": 0}, "missing_lines": [164, 165, 167, 168, 169, 173, 174, 175, 179, 180, 181, 182, 183, 184], "excluded_lines": []}, "OSVClient.fetch_vulnerabilities": {"executed_lines": [], "summary": {"covered_lines": 0, "num_statements": 10, "percent_covered": 0.0, "percent_covered_display": "0", "missing_lines": 10, "excluded_lines": 0}, "missing_lines": [212, 213, 215, 216, 218, 221, 228, 231, 233, 237], "excluded_lines": []}, "OSVClient.fetch_by_cve_id": {"executed_lines": [], "summary": {"covered_lines": 0, "num_statements": 9, "percent_covered": 0.0, "percent_covered_display": "0", "missing_lines": 9, "excluded_lines": 0}, "missing_lines": [249, 251, 253, 254, 255, 256, 257, 258, 259], "excluded_lines": []}, "OSVClient.query_batch": {"executed_lines": [], "summary": {"covered_lines": 0, "num_statements": 13, "percent_covered": 0.0, "percent_covered_display": "0", "missing_lines": 13, "excluded_lines": 0}, "missing_lines": [284, 287, 291, 294, 297, 298, 299, 300, 301, 303, 305, 306, 308], "excluded_lines": []}, "OSVClient.health_check": {"executed_lines": [], "summary": {"covered_lines": 0, "num_statements": 6, "percent_covered": 0.0, "percent_covered_display": "0", "missing_lines": 6, "excluded_lines": 0}, "missing_lines": [317, 319, 320, 321, 322, 323], "excluded_lines": []}, "": {"executed_lines": [], "summary": {"covered_lines": 0, "num_statements": 23, "percent_covered": 0.0, "percent_covered_display": "0", "missing_lines": 23, "excluded_lines": 0}, "missing_lines": [15, 16, 17, 18, 20, 21, 23, 25, 28, 51, 52, 53, 55, 66, 71, 75, 81, 87, 149, 186, 239, 261, 310], "excluded_lines": []}}, "classes": {"OSVClient": {"executed_lines": [], "summary": {"covered_lines": 0, "num_statements": 89, "percent_covered": 0.0, "percent_covered_display": "0", "missing_lines": 89, "excluded_lines": 0}, "missing_lines": [62, 63, 64, 68, 69, 73, 77, 78, 79, 83, 84, 85, 111, 112, 114, 116, 117, 118, 119, 120, 121, 122, 123, 125, 127, 128, 129, 132, 133, 137, 139, 140, 141, 143, 144, 145, 147, 164, 165, 167, 168, 169, 173, 174, 175, 179, 180, 181, 182, 183, 184, 212, 213, 215, 216, 218, 221, 228, 231, 233, 237, 249, 251, 253, 254, 255, 256, 257, 258, 259, 284, 287, 291, 294, 297, 298, 299, 300, 301, 303, 305, 306, 308, 317, 319, 320, 321, 322, 323], "excluded_lines": []}, "": {"executed_lines": [], "summary": {"covered_lines": 0, "num_statements": 23, "percent_covered": 0.0, "percent_covered_display": "0", "missing_lines": 23, "excluded_lines": 0}, "missing_lines": [15, 16, 17, 18, 20, 21, 23, 25, 28, 51, 52, 53, 55, 66, 71, 75, 81, 87, 149, 186, 239, 261, 310], "excluded_lines": []}}}, "websocket/__init__.py": {"executed_lines": [], "summary": {"covered_lines": 0, "num_statements": 2, "percent_covered": 0.0, "percent_covered_display": "0", "missing_lines": 2, "excluded_lines": 0}, "missing_lines": [3, 5], "excluded_lines": [], "functions": {"": {"executed_lines": [], "summary": {"covered_lines": 0, "num_statements": 2, "percent_covered": 0.0, "percent_covered_display": "0", "missing_lines": 2, "excluded_lines": 0}, "missing_lines": [3, 5], "excluded_lines": []}}, "classes": {"": {"executed_lines": [], "summary": {"covered_lines": 0, "num_statements": 2, "percent_covered": 0.0, "percent_covered_display": "0", "missing_lines": 2, "excluded_lines": 0}, "missing_lines": [3, 5], "excluded_lines": []}}}, "websocket/apv_stream_manager.py": {"executed_lines": [], "summary": {"covered_lines": 0, "num_statements": 192, "percent_covered": 0.0, "percent_covered_display": "0", "missing_lines": 192, "excluded_lines": 0}, "missing_lines": [22, 23, 24, 25, 26, 27, 28, 29, 31, 32, 33, 34, 36, 37, 40, 43, 44, 55, 56, 57, 58, 61, 62, 73, 74, 75, 78, 99, 113, 114, 115, 118, 121, 124, 125, 126, 129, 130, 133, 134, 135, 137, 143, 160, 161, 162, 164, 167, 168, 169, 170, 171, 172, 173, 174, 175, 178, 179, 189, 190, 193, 194, 196, 197, 199, 201, 202, 203, 206, 207, 210, 211, 212, 213, 214, 215, 218, 220, 221, 223, 225, 234, 235, 237, 240, 241, 242, 243, 244, 245, 247, 248, 249, 250, 251, 252, 255, 256, 257, 260, 261, 262, 264, 265, 267, 277, 279, 284, 286, 292, 305, 307, 319, 321, 322, 323, 325, 326, 327, 328, 330, 336, 343, 344, 345, 347, 353, 358, 360, 361, 362, 363, 366, 367, 369, 371, 377, 379, 380, 381, 383, 384, 387, 389, 390, 391, 392, 393, 394, 396, 397, 398, 399, 400, 402, 408, 410, 411, 412, 414, 415, 417, 427, 429, 430, 431, 432, 435, 436, 438, 439, 440, 442, 457, 459, 460, 462, 464, 471, 473, 474, 476, 477, 481, 483, 497, 498, 499, 501, 512, 513, 515], "excluded_lines": [], "functions": {"APVStreamManager.__init__": {"executed_lines": [], "summary": {"covered_lines": 0, "num_statements": 14, "percent_covered": 0.0, "percent_covered_display": "0", "missing_lines": 14, "excluded_lines": 0}, "missing_lines": [113, 114, 115, 118, 121, 124, 125, 126, 129, 130, 133, 134, 135, 137], "excluded_lines": []}, "APVStreamManager.start": {"executed_lines": [], "summary": {"covered_lines": 0, "num_statements": 37, "percent_covered": 0.0, "percent_covered_display": "0", "missing_lines": 37, "excluded_lines": 0}, "missing_lines": [160, 161, 162, 164, 167, 168, 169, 170, 171, 172, 173, 174, 175, 178, 179, 189, 190, 193, 194, 196, 197, 199, 201, 202, 203, 206, 207, 210, 211, 212, 213, 214, 215, 218, 220, 221, 223], "excluded_lines": []}, "APVStreamManager.stop": {"executed_lines": [], "summary": {"covered_lines": 0, "num_statements": 23, "percent_covered": 0.0, "percent_covered_display": "0", "missing_lines": 23, "excluded_lines": 0}, "missing_lines": [234, 235, 237, 240, 241, 242, 243, 244, 245, 247, 248, 249, 250, 251, 252, 255, 256, 257, 260, 261, 262, 264, 265], "excluded_lines": []}, "APVStreamManager.connect": {"executed_lines": [], "summary": {"covered_lines": 0, "num_statements": 6, "percent_covered": 0.0, "percent_covered_display": "0", "missing_lines": 6, "excluded_lines": 0}, "missing_lines": [277, 279, 284, 286, 292, 305], "excluded_lines": []}, "APVStreamManager.disconnect": {"executed_lines": [], "summary": {"covered_lines": 0, "num_statements": 9, "percent_covered": 0.0, "percent_covered_display": "0", "missing_lines": 9, "excluded_lines": 0}, "missing_lines": [319, 321, 322, 323, 325, 326, 327, 328, 330], "excluded_lines": []}, "APVStreamManager.broadcast_apv": {"executed_lines": [], "summary": {"covered_lines": 0, "num_statements": 13, "percent_covered": 0.0, "percent_covered_display": "0", "missing_lines": 13, "excluded_lines": 0}, "missing_lines": [343, 344, 345, 347, 353, 358, 360, 361, 362, 363, 366, 367, 369], "excluded_lines": []}, "APVStreamManager._consume_kafka_messages": {"executed_lines": [], "summary": {"covered_lines": 0, "num_statements": 18, "percent_covered": 0.0, "percent_covered_display": "0", "missing_lines": 18, "excluded_lines": 0}, "missing_lines": [377, 379, 380, 381, 383, 384, 387, 389, 390, 391, 392, 393, 394, 396, 397, 398, 399, 400], "excluded_lines": []}, "APVStreamManager._send_heartbeats": {"executed_lines": [], "summary": {"covered_lines": 0, "num_statements": 17, "percent_covered": 0.0, "percent_covered_display": "0", "missing_lines": 17, "excluded_lines": 0}, "missing_lines": [408, 410, 411, 412, 414, 415, 417, 427, 429, 430, 431, 432, 435, 436, 438, 439, 440], "excluded_lines": []}, "APVStreamManager._send_to_connection": {"executed_lines": [], "summary": {"covered_lines": 0, "num_statements": 11, "percent_covered": 0.0, "percent_covered_display": "0", "missing_lines": 11, "excluded_lines": 0}, "missing_lines": [457, 459, 460, 462, 464, 471, 473, 474, 476, 477, 481], "excluded_lines": []}, "APVStreamManager.get_metrics": {"executed_lines": [], "summary": {"covered_lines": 0, "num_statements": 7, "percent_covered": 0.0, "percent_covered_display": "0", "missing_lines": 7, "excluded_lines": 0}, "missing_lines": [497, 498, 499, 501, 512, 513, 515], "excluded_lines": []}, "": {"executed_lines": [], "summary": {"covered_lines": 0, "num_statements": 37, "percent_covered": 0.0, "percent_covered_display": "0", "missing_lines": 37, "excluded_lines": 0}, "missing_lines": [22, 23, 24, 25, 26, 27, 28, 29, 31, 32, 33, 34, 36, 37, 40, 43, 44, 55, 56, 57, 58, 61, 62, 73, 74, 75, 78, 99, 143, 225, 267, 307, 336, 371, 402, 442, 483], "excluded_lines": []}}, "classes": {"WebSocketConnection": {"executed_lines": [], "summary": {"covered_lines": 0, "num_statements": 0, "percent_covered": 100.0, "percent_covered_display": "100", "missing_lines": 0, "excluded_lines": 0}, "missing_lines": [], "excluded_lines": []}, "StreamMessage": {"executed_lines": [], "summary": {"covered_lines": 0, "num_statements": 0, "percent_covered": 100.0, "percent_covered_display": "100", "missing_lines": 0, "excluded_lines": 0}, "missing_lines": [], "excluded_lines": []}, "APVStreamManager": {"executed_lines": [], "summary": {"covered_lines": 0, "num_statements": 155, "percent_covered": 0.0, "percent_covered_display": "0", "missing_lines": 155, "excluded_lines": 0}, "missing_lines": [113, 114, 115, 118, 121, 124, 125, 126, 129, 130, 133, 134, 135, 137, 160, 161, 162, 164, 167, 168, 169, 170, 171, 172, 173, 174, 175, 178, 179, 189, 190, 193, 194, 196, 197, 199, 201, 202, 203, 206, 207, 210, 211, 212, 213, 214, 215, 218, 220, 221, 223, 234, 235, 237, 240, 241, 242, 243, 244, 245, 247, 248, 249, 250, 251, 252, 255, 256, 257, 260, 261, 262, 264, 265, 277, 279, 284, 286, 292, 305, 319, 321, 322, 323, 325, 326, 327, 328, 330, 343, 344, 345, 347, 353, 358, 360, 361, 362, 363, 366, 367, 369, 377, 379, 380, 381, 383, 384, 387, 389, 390, 391, 392, 393, 394, 396, 397, 398, 399, 400, 408, 410, 411, 412, 414, 415, 417, 427, 429, 430, 431, 432, 435, 436, 438, 439, 440, 457, 459, 460, 462, 464, 471, 473, 474, 476, 477, 481, 497, 498, 499, 501, 512, 513, 515], "excluded_lines": []}, "": {"executed_lines": [], "summary": {"covered_lines": 0, "num_statements": 37, "percent_covered": 0.0, "percent_covered_display": "0", "missing_lines": 37, "excluded_lines": 0}, "missing_lines": [22, 23, 24, 25, 26, 27, 28, 29, 31, 32, 33, 34, 36, 37, 40, 43, 44, 55, 56, 57, 58, 61, 62, 73, 74, 75, 78, 99, 143, 225, 267, 307, 336, 371, 402, 442, 483], "excluded_lines": []}}}}, "totals": {"covered_lines": 138, "num_statements": 4113, "percent_covered": 3.3552151714077314, "percent_covered_display": "3", "missing_lines": 3975, "excluded_lines": 0}}